#
# There is insufficient memory for the Java Runtime Environment to continue.
# Native memory allocation (malloc) failed to allocate 32744 bytes for ChunkPool::allocate
# Possible reasons:
#   The system is out of physical RAM or swap space
#   The process is running with CompressedOops enabled, and the Java Heap may be blocking the growth of the native heap
# Possible solutions:
#   Reduce memory load on the system
#   Increase physical memory or swap space
#   Check if swap backing store is full
#   Decrease Java heap size (-Xmx/-Xms)
#   Decrease number of Java threads
#   Decrease Java thread stack sizes (-Xss)
#   Set larger code cache with -XX:ReservedCodeCacheSize=
#   JVM is running with Unscaled Compressed Oops mode in which the Java heap is
#     placed in the first 4GB address space. The Java Heap base address is the
#     maximum limit for the native heap growth. Please use -XX:HeapBaseMinAddress
#     to set the Java Heap base and to place the Java Heap above 4GB virtual address.
# This output file may be truncated or incomplete.
#
#  Out of Memory Error (./open/src/hotspot/share/memory/arena.cpp:79), pid=34724, tid=44404
#
# JRE version: OpenJDK Runtime Environment (15.0.2+7) (build 15.0.2+7-27)
# Java VM: OpenJDK 64-Bit Server VM (15.0.2+7-27, mixed mode, tiered, compressed oops, g1 gc, windows-amd64)
# No core dump will be written. Minidumps are not enabled by default on client versions of Windows
#

---------------  S U M M A R Y ------------

Command Line: -ea -Dfile.encoding=UTF-8 -XX:+ShowCodeDetailsInExceptionMessages org.eclipse.jdt.internal.junit.runner.RemoteTestRunner -version 3 -port 51058 -testLoaderClass org.eclipse.jdt.internal.junit5.runner.JUnit5TestLoader -loaderpluginname org.eclipse.jdt.junit5.runtime -classNames com.cts.product.service.ProductServiceImplTest

Host: Intel(R) Core(TM) i5-7200U CPU @ 2.50GHz, 4 cores, 7G,  Windows 10 , 64 bit Build 19041 (10.0.19041.1023)
Time: Fri Jun 25 18:24:13 2021 India Standard Time elapsed time: 22.922965 seconds (0d 0h 0m 22s)

---------------  T H R E A D  ---------------

Current thread (0x0000011dd6bf9200):  JavaThread "main" [_thread_in_vm, id=44404, stack(0x0000000100600000,0x0000000100700000)]

Stack: [0x0000000100600000,0x0000000100700000]
Native frames: (J=compiled Java code, j=interpreted, Vv=VM code, C=native code)
V  [jvm.dll+0x62ae9a]
V  [jvm.dll+0x7817a9]
V  [jvm.dll+0x782f03]
V  [jvm.dll+0x783563]
V  [jvm.dll+0x216325]
V  [jvm.dll+0x982cf]
V  [jvm.dll+0x9861c]
V  [jvm.dll+0x1be0e3]
V  [jvm.dll+0x1beff5]
V  [jvm.dll+0x1bfbb9]
V  [jvm.dll+0x1b2e51]
V  [jvm.dll+0x504b08]
V  [jvm.dll+0x707581]
V  [jvm.dll+0x3d9b1b]
V  [jvm.dll+0x3dfb94]
C  [java.dll+0x178c]

Java frames: (J=compiled Java code, j=interpreted, Vv=VM code)
J 1104  java.lang.ClassLoader.defineClass1(Ljava/lang/ClassLoader;Ljava/lang/String;[BIILjava/security/ProtectionDomain;Ljava/lang/String;)Ljava/lang/Class; java.base@15.0.2 (0 bytes) @ 0x0000011de2128203 [0x0000011de2128140+0x00000000000000c3]
J 1123 c1 java.lang.ClassLoader.defineClass(Ljava/lang/String;[BIILjava/security/ProtectionDomain;)Ljava/lang/Class; java.base@15.0.2 (43 bytes) @ 0x0000011ddada6654 [0x0000011ddada6300+0x0000000000000354]
J 1285 c1 java.security.SecureClassLoader.defineClass(Ljava/lang/String;[BIILjava/security/CodeSource;)Ljava/lang/Class; java.base@15.0.2 (16 bytes) @ 0x0000011ddae09b8c [0x0000011ddae09ac0+0x00000000000000cc]
J 1096 c1 jdk.internal.loader.BuiltinClassLoader.defineClass(Ljava/lang/String;Ljdk/internal/loader/Resource;)Ljava/lang/Class; java.base@15.0.2 (121 bytes) @ 0x0000011ddad920d4 [0x0000011ddad91180+0x0000000000000f54]
J 932 c1 jdk.internal.loader.BuiltinClassLoader.findClassOnClassPathOrNull(Ljava/lang/String;)Ljava/lang/Class; java.base@15.0.2 (64 bytes) @ 0x0000011ddad3f264 [0x0000011ddad3e3a0+0x0000000000000ec4]
J 4472 c2 jdk.internal.loader.BuiltinClassLoader.loadClassOrNull(Ljava/lang/String;Z)Ljava/lang/Class; java.base@15.0.2 (143 bytes) @ 0x0000011de22f0b28 [0x0000011de22f01a0+0x0000000000000988]
J 4696 c2 java.lang.ClassLoader.loadClass(Ljava/lang/String;)Ljava/lang/Class; java.base@15.0.2 (7 bytes) @ 0x0000011de234962c [0x0000011de23495c0+0x000000000000006c]
v  ~StubRoutines::call_stub
j  org.hibernate.persister.entity.AbstractEntityPersister.createEntityLoader(Lorg/hibernate/LockMode;Lorg/hibernate/engine/spi/LoadQueryInfluencers;)Lorg/hibernate/loader/entity/UniqueEntityLoader;+4
j  org.hibernate.persister.entity.AbstractEntityPersister.createEntityLoader(Lorg/hibernate/LockMode;)Lorg/hibernate/loader/entity/UniqueEntityLoader;+5
j  org.hibernate.persister.entity.AbstractEntityPersister.generateDelayedEntityLoader(Lorg/hibernate/LockMode;)Lorg/hibernate/loader/entity/UniqueEntityLoader;+70
j  org.hibernate.persister.entity.AbstractEntityPersister$$Lambda$845+0x0000011d806e1318.apply(Ljava/lang/Object;)Ljava/lang/Object;+8
j  org.hibernate.internal.util.collections.LazyIndexedMap.lockedComputeIfAbsent(ILjava/lang/Object;Ljava/util/function/Function;)Ljava/lang/Object;+25
j  org.hibernate.internal.util.collections.LazyIndexedMap.computeIfAbsent(ILjava/lang/Object;Ljava/util/function/Function;)Ljava/lang/Object;+23
j  org.hibernate.persister.entity.EntityLoaderLazyCollection.getOrBuildByLockMode(Lorg/hibernate/LockMode;Ljava/util/function/Function;)Lorg/hibernate/loader/entity/UniqueEntityLoader;+7
j  org.hibernate.persister.entity.AbstractEntityPersister.getLoaderByLockMode(Lorg/hibernate/LockMode;)Lorg/hibernate/loader/entity/UniqueEntityLoader;+11
j  org.hibernate.persister.entity.AbstractEntityPersister.createLoaders()V+84
j  org.hibernate.persister.entity.AbstractEntityPersister.postInstantiate()V+5
j  org.hibernate.metamodel.internal.MetamodelImpl.initialize(Lorg/hibernate/boot/spi/MetadataImplementor;Lorg/hibernate/metamodel/internal/JpaMetaModelPopulationSetting;)V+731
j  org.hibernate.internal.SessionFactoryImpl.<init>(Lorg/hibernate/boot/spi/MetadataImplementor;Lorg/hibernate/boot/spi/SessionFactoryOptions;Lorg/hibernate/engine/query/spi/QueryPlanCache$QueryPlanCreator;)V+662
j  org.hibernate.boot.internal.SessionFactoryBuilderImpl.build()Lorg/hibernate/SessionFactory;+73
j  org.hibernate.jpa.boot.internal.EntityManagerFactoryBuilderImpl.build()Ljavax/persistence/EntityManagerFactory;+20
j  org.springframework.orm.jpa.vendor.SpringHibernateJpaPersistenceProvider.createContainerEntityManagerFactory(Ljavax/persistence/spi/PersistenceUnitInfo;Ljava/util/Map;)Ljavax/persistence/EntityManagerFactory;+55
j  org.springframework.orm.jpa.LocalContainerEntityManagerFactoryBean.createNativeEntityManagerFactory()Ljavax/persistence/EntityManagerFactory;+129
j  org.springframework.orm.jpa.AbstractEntityManagerFactoryBean.buildNativeEntityManagerFactory()Ljavax/persistence/EntityManagerFactory;+1
j  org.springframework.orm.jpa.AbstractEntityManagerFactoryBean.afterPropertiesSet()V+192
j  org.springframework.orm.jpa.LocalContainerEntityManagerFactoryBean.afterPropertiesSet()V+77
j  org.springframework.beans.factory.support.AbstractAutowireCapableBeanFactory.invokeInitMethods(Ljava/lang/String;Ljava/lang/Object;Lorg/springframework/beans/factory/support/RootBeanDefinition;)V+106
j  org.springframework.beans.factory.support.AbstractAutowireCapableBeanFactory.initializeBean(Ljava/lang/String;Ljava/lang/Object;Lorg/springframework/beans/factory/support/RootBeanDefinition;)Ljava/lang/Object;+59
j  org.springframework.beans.factory.support.AbstractAutowireCapableBeanFactory.doCreateBean(Ljava/lang/String;Lorg/springframework/beans/factory/support/RootBeanDefinition;[Ljava/lang/Object;)Ljava/lang/Object;+245
j  org.springframework.beans.factory.support.AbstractAutowireCapableBeanFactory.createBean(Ljava/lang/String;Lorg/springframework/beans/factory/support/RootBeanDefinition;[Ljava/lang/Object;)Ljava/lang/Object;+169
j  org.springframework.beans.factory.support.AbstractBeanFactory.lambda$doGetBean$0(Ljava/lang/String;Lorg/springframework/beans/factory/support/RootBeanDefinition;[Ljava/lang/Object;)Ljava/lang/Object;+4
j  org.springframework.beans.factory.support.AbstractBeanFactory$$Lambda$558+0x0000011d802c5ed8.getObject()Ljava/lang/Object;+16
j  org.springframework.beans.factory.support.DefaultSingletonBeanRegistry.getSingleton(Ljava/lang/String;Lorg/springframework/beans/factory/ObjectFactory;)Ljava/lang/Object;+132
J 3346 c1 org.springframework.beans.factory.support.AbstractBeanFactory.doGetBean(Ljava/lang/String;Ljava/lang/Class;[Ljava/lang/Object;Z)Ljava/lang/Object; (832 bytes) @ 0x0000011ddb29448c [0x0000011ddb2924a0+0x0000000000001fec]
j  org.springframework.beans.factory.support.AbstractBeanFactory.getBean(Ljava/lang/String;)Ljava/lang/Object;+5
j  org.springframework.context.support.AbstractApplicationContext.getBean(Ljava/lang/String;)Ljava/lang/Object;+9
j  org.springframework.context.support.AbstractApplicationContext.finishBeanFactoryInitialization(Lorg/springframework/beans/factory/config/ConfigurableListableBeanFactory;)V+100
j  org.springframework.context.support.AbstractApplicationContext.refresh()V+86
j  org.springframework.boot.SpringApplication.refresh(Lorg/springframework/context/ConfigurableApplicationContext;)V+1
j  org.springframework.boot.SpringApplication.refresh(Lorg/springframework/context/ApplicationContext;)V+12
j  org.springframework.boot.SpringApplication.refreshContext(Lorg/springframework/context/ConfigurableApplicationContext;)V+19
j  org.springframework.boot.SpringApplication.run([Ljava/lang/String;)Lorg/springframework/context/ConfigurableApplicationContext;+111
j  org.springframework.boot.test.context.SpringBootContextLoader.loadContext(Lorg/springframework/test/context/MergedContextConfiguration;)Lorg/springframework/context/ApplicationContext;+274
j  org.springframework.test.context.cache.DefaultCacheAwareContextLoaderDelegate.loadContextInternal(Lorg/springframework/test/context/MergedContextConfiguration;)Lorg/springframework/context/ApplicationContext;+27
j  org.springframework.test.context.cache.DefaultCacheAwareContextLoaderDelegate.loadContext(Lorg/springframework/test/context/MergedContextConfiguration;)Lorg/springframework/context/ApplicationContext;+24
j  org.springframework.test.context.support.DefaultTestContext.getApplicationContext()Lorg/springframework/context/ApplicationContext;+8
j  org.springframework.test.context.web.ServletTestExecutionListener.setUpRequestContextIfNecessary(Lorg/springframework/test/context/TestContext;)V+18
j  org.springframework.test.context.web.ServletTestExecutionListener.prepareTestInstance(Lorg/springframework/test/context/TestContext;)V+2
j  org.springframework.test.context.TestContextManager.prepareTestInstance(Ljava/lang/Object;)V+89
j  org.springframework.test.context.junit.jupiter.SpringExtension.postProcessTestInstance(Ljava/lang/Object;Lorg/junit/jupiter/api/extension/ExtensionContext;)V+10
j  org.junit.jupiter.engine.descriptor.ClassBasedTestDescriptor.lambda$invokeTestInstancePostProcessors$6(Lorg/junit/jupiter/api/extension/TestInstancePostProcessor;Ljava/lang/Object;Lorg/junit/jupiter/api/extension/ExtensionContext;)V+3
j  org.junit.jupiter.engine.descriptor.ClassBasedTestDescriptor$$Lambda$378+0x0000011d801e5b50.execute()V+12
j  org.junit.jupiter.engine.descriptor.ClassBasedTestDescriptor.executeAndMaskThrowable(Lorg/junit/jupiter/api/function/Executable;)V+1
j  org.junit.jupiter.engine.descriptor.ClassBasedTestDescriptor.lambda$invokeTestInstancePostProcessors$7(Ljava/lang/Object;Lorg/junit/jupiter/api/extension/ExtensionContext;Lorg/junit/jupiter/api/extension/TestInstancePostProcessor;)V+9
j  org.junit.jupiter.engine.descriptor.ClassBasedTestDescriptor$$Lambda$377+0x0000011d801e5728.accept(Ljava/lang/Object;)V+16
j  java.util.stream.StreamSpliterators$WrappingSpliterator$$Lambda$124+0x0000011d800f8988.accept(Ljava/lang/Object;)V+5 java.base@15.0.2
j  java.util.stream.ReferencePipeline$3$1.accept(Ljava/lang/Object;)V+17 java.base@15.0.2
J 1054 c1 java.util.stream.ReferencePipeline$2$1.accept(Ljava/lang/Object;)V java.base@15.0.2 (27 bytes) @ 0x0000011ddad7e154 [0x0000011ddad7df40+0x0000000000000214]
j  java.util.ArrayList$ArrayListSpliterator.forEachRemaining(Ljava/util/function/Consumer;)V+95 java.base@15.0.2
j  java.util.stream.AbstractPipeline.copyInto(Ljava/util/stream/Sink;Ljava/util/Spliterator;)V+32 java.base@15.0.2
j  java.util.stream.AbstractPipeline.wrapAndCopyInto(Ljava/util/stream/Sink;Ljava/util/Spliterator;)Ljava/util/stream/Sink;+13 java.base@15.0.2
j  java.util.stream.StreamSpliterators$WrappingSpliterator.forEachRemaining(Ljava/util/function/Consumer;)V+42 java.base@15.0.2
j  java.util.stream.Streams$ConcatSpliterator.forEachRemaining(Ljava/util/function/Consumer;)V+22 java.base@15.0.2
j  java.util.stream.Streams$ConcatSpliterator.forEachRemaining(Ljava/util/function/Consumer;)V+12 java.base@15.0.2
j  java.util.stream.ReferencePipeline$Head.forEach(Ljava/util/function/Consumer;)V+12 java.base@15.0.2
j  org.junit.jupiter.engine.descriptor.ClassBasedTestDescriptor.invokeTestInstancePostProcessors(Ljava/lang/Object;Lorg/junit/jupiter/engine/extension/ExtensionRegistry;Lorg/junit/jupiter/api/extension/ExtensionContext;)V+16
j  org.junit.jupiter.engine.descriptor.ClassBasedTestDescriptor.lambda$instantiateAndPostProcessTestInstance$4(Lorg/junit/jupiter/api/extension/TestInstances;Lorg/junit/jupiter/engine/extension/ExtensionRegistry;Lorg/junit/jupiter/api/extension/ExtensionContext;Lorg/junit/jupiter/engine/extension/ExtensionRegistrar;)V+9
j  org.junit.jupiter.engine.descriptor.ClassBasedTestDescriptor$$Lambda$376+0x0000011d801e5508.execute()V+20
j  org.junit.platform.engine.support.hierarchical.ThrowableCollector.execute(Lorg/junit/platform/engine/support/hierarchical/ThrowableCollector$Executable;)V+1
j  org.junit.jupiter.engine.descriptor.ClassBasedTestDescriptor.instantiateAndPostProcessTestInstance(Lorg/junit/jupiter/engine/execution/JupiterEngineExecutionContext;Lorg/junit/jupiter/api/extension/ExtensionContext;Lorg/junit/jupiter/engine/extension/ExtensionRegistry;Lorg/junit/jupiter/engine/extension/ExtensionRegistrar;Lorg/junit/platform/engine/support/hierarchical/ThrowableCollector;)Lorg/junit/jupiter/api/extension/TestInstances;+27
j  org.junit.jupiter.engine.descriptor.ClassBasedTestDescriptor.lambda$testInstancesProvider$2(Lorg/junit/jupiter/engine/execution/JupiterEngineExecutionContext;Lorg/junit/jupiter/engine/descriptor/ClassExtensionContext;Lorg/junit/jupiter/engine/extension/ExtensionRegistry;Lorg/junit/jupiter/engine/extension/ExtensionRegistrar;Lorg/junit/platform/engine/support/hierarchical/ThrowableCollector;)Lorg/junit/jupiter/api/extension/TestInstances;+8
j  org.junit.jupiter.engine.descriptor.ClassBasedTestDescriptor$$Lambda$369+0x0000011d801e3a78.get()Ljava/lang/Object;+24
j  java.util.Optional.orElseGet(Ljava/util/function/Supplier;)Ljava/lang/Object;+15 java.base@15.0.2
j  org.junit.jupiter.engine.descriptor.ClassBasedTestDescriptor.lambda$testInstancesProvider$3(Lorg/junit/jupiter/engine/descriptor/ClassExtensionContext;Lorg/junit/jupiter/engine/execution/JupiterEngineExecutionContext;Lorg/junit/jupiter/engine/extension/ExtensionRegistry;Lorg/junit/jupiter/engine/extension/ExtensionRegistrar;Lorg/junit/platform/engine/support/hierarchical/ThrowableCollector;)Lorg/junit/jupiter/api/extension/TestInstances;+17
j  org.junit.jupiter.engine.descriptor.ClassBasedTestDescriptor$$Lambda$253+0x0000011d8012d8c8.getTestInstances(Lorg/junit/jupiter/engine/extension/ExtensionRegistry;Lorg/junit/jupiter/engine/extension/ExtensionRegistrar;Lorg/junit/platform/engine/support/hierarchical/ThrowableCollector;)Lorg/junit/jupiter/api/extension/TestInstances;+15
j  org.junit.jupiter.engine.execution.TestInstancesProvider.getTestInstances(Lorg/junit/jupiter/engine/extension/MutableExtensionRegistry;Lorg/junit/platform/engine/support/hierarchical/ThrowableCollector;)Lorg/junit/jupiter/api/extension/TestInstances;+4
j  org.junit.jupiter.engine.descriptor.TestMethodTestDescriptor.lambda$prepare$0(Lorg/junit/jupiter/engine/execution/JupiterEngineExecutionContext;Lorg/junit/jupiter/engine/extension/MutableExtensionRegistry;Lorg/junit/platform/engine/support/hierarchical/ThrowableCollector;Lorg/junit/jupiter/engine/descriptor/MethodExtensionContext;)V+6
j  org.junit.jupiter.engine.descriptor.TestMethodTestDescriptor$$Lambda$368+0x0000011d801e3858.execute()V+16
j  org.junit.platform.engine.support.hierarchical.ThrowableCollector.execute(Lorg/junit/platform/engine/support/hierarchical/ThrowableCollector$Executable;)V+1
j  org.junit.jupiter.engine.descriptor.TestMethodTestDescriptor.prepare(Lorg/junit/jupiter/engine/execution/JupiterEngineExecutionContext;)Lorg/junit/jupiter/engine/execution/JupiterEngineExecutionContext;+44
j  org.junit.jupiter.engine.descriptor.TestMethodTestDescriptor.prepare(Lorg/junit/platform/engine/support/hierarchical/EngineExecutionContext;)Lorg/junit/platform/engine/support/hierarchical/EngineExecutionContext;+5
j  org.junit.platform.engine.support.hierarchical.NodeTestTask.lambda$prepare$1()V+9
j  org.junit.platform.engine.support.hierarchical.NodeTestTask$$Lambda$202+0x0000011d80112730.execute()V+4
j  org.junit.platform.engine.support.hierarchical.ThrowableCollector.execute(Lorg/junit/platform/engine/support/hierarchical/ThrowableCollector$Executable;)V+1
j  org.junit.platform.engine.support.hierarchical.NodeTestTask.prepare()V+10
j  org.junit.platform.engine.support.hierarchical.NodeTestTask.execute()V+17
j  org.junit.platform.engine.support.hierarchical.SameThreadHierarchicalTestExecutorService$$Lambda$221+0x0000011d80118910.accept(Ljava/lang/Object;)V+4
j  java.util.ArrayList.forEach(Ljava/util/function/Consumer;)V+46 java.base@15.0.2
j  org.junit.platform.engine.support.hierarchical.SameThreadHierarchicalTestExecutorService.invokeAll(Ljava/util/List;)V+6
j  org.junit.platform.engine.support.hierarchical.NodeTestTask.lambda$executeRecursively$5()V+116
j  org.junit.platform.engine.support.hierarchical.NodeTestTask$$Lambda$217+0x0000011d80117c08.execute()V+4
j  org.junit.platform.engine.support.hierarchical.ThrowableCollector.execute(Lorg/junit/platform/engine/support/hierarchical/ThrowableCollector$Executable;)V+1
j  org.junit.platform.engine.support.hierarchical.NodeTestTask.lambda$executeRecursively$7(Lorg/junit/platform/engine/support/hierarchical/EngineExecutionContext;)V+15
j  org.junit.platform.engine.support.hierarchical.NodeTestTask$$Lambda$216+0x0000011d801179e8.invoke(Lorg/junit/platform/engine/support/hierarchical/EngineExecutionContext;)V+5
j  org.junit.platform.engine.support.hierarchical.Node.around(Lorg/junit/platform/engine/support/hierarchical/EngineExecutionContext;Lorg/junit/platform/engine/support/hierarchical/Node$Invocation;)V+2
j  org.junit.platform.engine.support.hierarchical.NodeTestTask.lambda$executeRecursively$8()V+14
j  org.junit.platform.engine.support.hierarchical.NodeTestTask$$Lambda$215+0x0000011d801175d0.execute()V+4
j  org.junit.platform.engine.support.hierarchical.ThrowableCollector.execute(Lorg/junit/platform/engine/support/hierarchical/ThrowableCollector$Executable;)V+1
j  org.junit.platform.engine.support.hierarchical.NodeTestTask.executeRecursively()V+31
j  org.junit.platform.engine.support.hierarchical.NodeTestTask.execute()V+55
j  org.junit.platform.engine.support.hierarchical.SameThreadHierarchicalTestExecutorService$$Lambda$221+0x0000011d80118910.accept(Ljava/lang/Object;)V+4
j  java.util.ArrayList.forEach(Ljava/util/function/Consumer;)V+46 java.base@15.0.2
j  org.junit.platform.engine.support.hierarchical.SameThreadHierarchicalTestExecutorService.invokeAll(Ljava/util/List;)V+6
j  org.junit.platform.engine.support.hierarchical.NodeTestTask.lambda$executeRecursively$5()V+116
j  org.junit.platform.engine.support.hierarchical.NodeTestTask$$Lambda$217+0x0000011d80117c08.execute()V+4
j  org.junit.platform.engine.support.hierarchical.ThrowableCollector.execute(Lorg/junit/platform/engine/support/hierarchical/ThrowableCollector$Executable;)V+1
j  org.junit.platform.engine.support.hierarchical.NodeTestTask.lambda$executeRecursively$7(Lorg/junit/platform/engine/support/hierarchical/EngineExecutionContext;)V+15
j  org.junit.platform.engine.support.hierarchical.NodeTestTask$$Lambda$216+0x0000011d801179e8.invoke(Lorg/junit/platform/engine/support/hierarchical/EngineExecutionContext;)V+5
j  org.junit.platform.engine.support.hierarchical.Node.around(Lorg/junit/platform/engine/support/hierarchical/EngineExecutionContext;Lorg/junit/platform/engine/support/hierarchical/Node$Invocation;)V+2
j  org.junit.platform.engine.support.hierarchical.NodeTestTask.lambda$executeRecursively$8()V+14
j  org.junit.platform.engine.support.hierarchical.NodeTestTask$$Lambda$215+0x0000011d801175d0.execute()V+4
j  org.junit.platform.engine.support.hierarchical.ThrowableCollector.execute(Lorg/junit/platform/engine/support/hierarchical/ThrowableCollector$Executable;)V+1
j  org.junit.platform.engine.support.hierarchical.NodeTestTask.executeRecursively()V+31
j  org.junit.platform.engine.support.hierarchical.NodeTestTask.execute()V+55
j  org.junit.platform.engine.support.hierarchical.SameThreadHierarchicalTestExecutorService.submit(Lorg/junit/platform/engine/support/hierarchical/HierarchicalTestExecutorService$TestTask;)Ljava/util/concurrent/Future;+1
j  org.junit.platform.engine.support.hierarchical.HierarchicalTestExecutor.execute()Ljava/util/concurrent/Future;+74
j  org.junit.platform.engine.support.hierarchical.HierarchicalTestEngine.execute(Lorg/junit/platform/engine/ExecutionRequest;)V+31
j  org.junit.platform.launcher.core.EngineExecutionOrchestrator.execute(Lorg/junit/platform/engine/TestDescriptor;Lorg/junit/platform/engine/EngineExecutionListener;Lorg/junit/platform/engine/ConfigurationParameters;Lorg/junit/platform/engine/TestEngine;)V+24
j  org.junit.platform.launcher.core.EngineExecutionOrchestrator.execute(Lorg/junit/platform/launcher/core/LauncherDiscoveryResult;Lorg/junit/platform/engine/EngineExecutionListener;)V+86
j  org.junit.platform.launcher.core.EngineExecutionOrchestrator.lambda$execute$0(Lorg/junit/platform/launcher/core/InternalTestPlan;Lorg/junit/platform/launcher/core/LauncherDiscoveryResult;Lorg/junit/platform/launcher/TestExecutionListener;)V+18
j  org.junit.platform.launcher.core.EngineExecutionOrchestrator$$Lambda$179+0x0000011d8010a3d0.accept(Ljava/lang/Object;)V+16
j  org.junit.platform.launcher.core.EngineExecutionOrchestrator.withInterceptedStreams(Lorg/junit/platform/engine/ConfigurationParameters;Lorg/junit/platform/launcher/core/TestExecutionListenerRegistry;Ljava/util/function/Consumer;)V+43
j  org.junit.platform.launcher.core.EngineExecutionOrchestrator.execute(Lorg/junit/platform/launcher/core/InternalTestPlan;[Lorg/junit/platform/launcher/TestExecutionListener;)V+35
j  org.junit.platform.launcher.core.DefaultLauncher.execute(Lorg/junit/platform/launcher/core/InternalTestPlan;[Lorg/junit/platform/launcher/TestExecutionListener;)V+6
j  org.junit.platform.launcher.core.DefaultLauncher.execute(Lorg/junit/platform/launcher/TestPlan;[Lorg/junit/platform/launcher/TestExecutionListener;)V+36
j  org.eclipse.jdt.internal.junit5.runner.JUnit5TestReference.run(Lorg/eclipse/jdt/internal/junit/runner/TestExecution;)V+69
j  org.eclipse.jdt.internal.junit.runner.TestExecution.run([Lorg/eclipse/jdt/internal/junit/runner/ITestReference;)V+27
j  org.eclipse.jdt.internal.junit.runner.RemoteTestRunner.runTests([Ljava/lang/String;Ljava/lang/String;Lorg/eclipse/jdt/internal/junit/runner/TestExecution;)V+62
j  org.eclipse.jdt.internal.junit.runner.RemoteTestRunner.runTests(Lorg/eclipse/jdt/internal/junit/runner/TestExecution;)V+10
j  org.eclipse.jdt.internal.junit.runner.RemoteTestRunner.run()V+70
j  org.eclipse.jdt.internal.junit.runner.RemoteTestRunner.main([Ljava/lang/String;)V+14
v  ~StubRoutines::call_stub

---------------  P R O C E S S  ---------------

Threads class SMR info:
_java_thread_list=0x0000011df5df41e0, length=14, elements={
0x0000011dd6bf9200, 0x0000011df0663390, 0x0000011df066c660, 0x0000011df0eb6000,
0x0000011df0eb68c0, 0x0000011df0eb7280, 0x0000011df0eb8f60, 0x0000011df0e7a440,
0x0000011df0e7b0f0, 0x0000011df1030010, 0x0000011df103cfd0, 0x0000011df1b66140,
0x0000011df1dd8bb0, 0x0000011df1dd86e0
}

Java Threads: ( => current thread )
=>0x0000011dd6bf9200 JavaThread "main" [_thread_in_vm, id=44404, stack(0x0000000100600000,0x0000000100700000)]
  0x0000011df0663390 JavaThread "Reference Handler" daemon [_thread_blocked, id=2088, stack(0x0000000100d00000,0x0000000100e00000)]
  0x0000011df066c660 JavaThread "Finalizer" daemon [_thread_blocked, id=20500, stack(0x0000000100e00000,0x0000000100f00000)]
  0x0000011df0eb6000 JavaThread "Signal Dispatcher" daemon [_thread_blocked, id=35152, stack(0x0000000100f00000,0x0000000101000000)]
  0x0000011df0eb68c0 JavaThread "Attach Listener" daemon [_thread_blocked, id=41168, stack(0x0000000101000000,0x0000000101100000)]
  0x0000011df0eb7280 JavaThread "Service Thread" daemon [_thread_blocked, id=19856, stack(0x0000000101100000,0x0000000101200000)]
  0x0000011df0eb8f60 JavaThread "C2 CompilerThread0" daemon [_thread_in_native, id=39996, stack(0x0000000101200000,0x0000000101300000)]
  0x0000011df0e7a440 JavaThread "C1 CompilerThread0" daemon [_thread_blocked, id=41188, stack(0x0000000101300000,0x0000000101400000)]
  0x0000011df0e7b0f0 JavaThread "Sweeper thread" daemon [_thread_blocked, id=41636, stack(0x0000000101400000,0x0000000101500000)]
  0x0000011df1030010 JavaThread "Notification Thread" daemon [_thread_blocked, id=13056, stack(0x0000000101500000,0x0000000101600000)]
  0x0000011df103cfd0 JavaThread "Common-Cleaner" daemon [_thread_blocked, id=25968, stack(0x0000000101700000,0x0000000101800000)]
  0x0000011df1b66140 JavaThread "ReaderThread" [_thread_in_native, id=21780, stack(0x0000000101a00000,0x0000000101b00000)]
  0x0000011df1dd8bb0 JavaThread "HikariPool-1 housekeeper" daemon [_thread_blocked, id=43812, stack(0x0000000101c00000,0x0000000101d00000)]
  0x0000011df1dd86e0 JavaThread "HikariPool-1 connection adder" daemon [_thread_blocked, id=36432, stack(0x0000000101d00000,0x0000000101e00000)]

Other Threads:
  0x0000011df064de30 VMThread "VM Thread" [stack: 0x0000000100c00000,0x0000000100d00000] [id=28116]
  0x0000011df1034ca0 WatcherThread [stack: 0x0000000101600000,0x0000000101700000] [id=39592]
  0x0000011dd6c38460 GCTaskThread "GC Thread#0" [stack: 0x0000000100700000,0x0000000100800000] [id=15896]
  0x0000011df14ad7a0 GCTaskThread "GC Thread#1" [stack: 0x0000000101800000,0x0000000101900000] [id=12760]
  0x0000011df14aedf0 GCTaskThread "GC Thread#2" [stack: 0x0000000101900000,0x0000000101a00000] [id=39200]
  0x0000011df14ae130 GCTaskThread "GC Thread#3" [stack: 0x0000000101b00000,0x0000000101c00000] [id=5568]
  0x0000011dd6c4a350 ConcurrentGCThread "G1 Main Marker" [stack: 0x0000000100800000,0x0000000100900000] [id=36916]
  0x0000011dd6c4b670 ConcurrentGCThread "G1 Conc#0" [stack: 0x0000000100900000,0x0000000100a00000] [id=15992]
  0x0000011dd6cb3b40 ConcurrentGCThread "G1 Refine#0" [stack: 0x0000000100a00000,0x0000000100b00000] [id=14000]
  0x0000011df04810a0 ConcurrentGCThread "G1 Young RemSet Sampling" [stack: 0x0000000100b00000,0x0000000100c00000] [id=25252]

Threads with active compile tasks:
C2 CompilerThread0    22971 4712       4       jdk.internal.loader.BuiltinClassLoader::defineClass (121 bytes)

VM state: not at safepoint (normal execution)

VM Mutex/Monitor currently owned by a thread: None

Heap address: 0x0000000081800000, size: 2024 MB, Compressed Oops mode: 32-bit
CDS disabled.
Compressed class space mapped at: 0x0000011d80000000-0x0000011dc0000000, size: 1073741824
Narrow klass base: 0x0000011d80000000, Narrow klass shift: 0, Narrow klass range: 0x40000000

GC Precious Log:
 CPUs: 4 total, 4 available
 Memory: 8090M
 Large Page Support: Disabled
 NUMA Support: Disabled
 Compressed Oops: Enabled (32-bit)
 Heap Region Size: 1M
 Heap Min Capacity: 8M
 Heap Initial Capacity: 128M
 Heap Max Capacity: 2024M
 Pre-touch: Disabled
 Parallel Workers: 4
 Concurrent Workers: 1
 Concurrent Refinement Workers: 4
 Periodic GC: Disabled

Heap:
 garbage-first heap   total 43008K, used 23338K [0x0000000081800000, 0x0000000100000000)
  region size 1024K, 3 young (3072K), 2 survivors (2048K)
 Metaspace       used 55337K, capacity 55795K, committed 55980K, reserved 1097728K
  class space    used 6904K, capacity 7059K, committed 7168K, reserved 1048576K

Heap Regions: E=young(eden), S=young(survivor), O=old, HS=humongous(starts), HC=humongous(continues), CS=collection set, F=free, OA=open archive, CA=closed archive, TAMS=top-at-mark-start (previous, next)
|   0|0x0000000081800000, 0x0000000081900000, 0x0000000081900000|100%| O|  |TAMS 0x0000000081900000, 0x0000000081800000| Untracked 
|   1|0x0000000081900000, 0x0000000081a00000, 0x0000000081a00000|100%|HS|  |TAMS 0x0000000081a00000, 0x0000000081900000| Complete 
|   2|0x0000000081a00000, 0x0000000081b00000, 0x0000000081b00000|100%| O|  |TAMS 0x0000000081b00000, 0x0000000081a00000| Untracked 
|   3|0x0000000081b00000, 0x0000000081c00000, 0x0000000081c00000|100%| O|  |TAMS 0x0000000081c00000, 0x0000000081b00000| Untracked 
|   4|0x0000000081c00000, 0x0000000081d00000, 0x0000000081d00000|100%| O|  |TAMS 0x0000000081d00000, 0x0000000081c00000| Untracked 
|   5|0x0000000081d00000, 0x0000000081e00000, 0x0000000081e00000|100%| O|  |TAMS 0x0000000081e00000, 0x0000000081d00000| Untracked 
|   6|0x0000000081e00000, 0x0000000081e9fc00, 0x0000000081f00000| 62%| O|  |TAMS 0x0000000081e9fc00, 0x0000000081e00000| Untracked 
|   7|0x0000000081f00000, 0x0000000082000000, 0x0000000082000000|100%| O|  |TAMS 0x0000000082000000, 0x0000000081f00000| Untracked 
|   8|0x0000000082000000, 0x0000000082100000, 0x0000000082100000|100%| O|  |TAMS 0x0000000082100000, 0x0000000082000000| Untracked 
|   9|0x0000000082100000, 0x0000000082200000, 0x0000000082200000|100%| O|  |TAMS 0x0000000082200000, 0x0000000082100000| Untracked 
|  10|0x0000000082200000, 0x0000000082300000, 0x0000000082300000|100%| O|  |TAMS 0x0000000082300000, 0x0000000082200000| Untracked 
|  11|0x0000000082300000, 0x0000000082400000, 0x0000000082400000|100%| O|  |TAMS 0x0000000082400000, 0x0000000082300000| Untracked 
|  12|0x0000000082400000, 0x0000000082500000, 0x0000000082500000|100%| O|  |TAMS 0x0000000082500000, 0x0000000082400000| Untracked 
|  13|0x0000000082500000, 0x0000000082600000, 0x0000000082600000|100%| O|  |TAMS 0x0000000082600000, 0x0000000082500000| Untracked 
|  14|0x0000000082600000, 0x0000000082700000, 0x0000000082700000|100%| O|  |TAMS 0x0000000082700000, 0x0000000082600000| Untracked 
|  15|0x0000000082700000, 0x0000000082800000, 0x0000000082800000|100%| O|  |TAMS 0x0000000082800000, 0x0000000082700000| Untracked 
|  16|0x0000000082800000, 0x0000000082900000, 0x0000000082900000|100%| O|  |TAMS 0x0000000082900000, 0x0000000082800000| Untracked 
|  17|0x0000000082900000, 0x0000000082a00000, 0x0000000082a00000|100%| O|  |TAMS 0x0000000082a00000, 0x0000000082900000| Untracked 
|  18|0x0000000082a00000, 0x0000000082b00000, 0x0000000082b00000|100%| O|  |TAMS 0x0000000082b00000, 0x0000000082a00000| Untracked 
|  19|0x0000000082b00000, 0x0000000082c00000, 0x0000000082c00000|100%| O|  |TAMS 0x0000000082c00000, 0x0000000082b00000| Untracked 
|  20|0x0000000082c00000, 0x0000000082d00000, 0x0000000082d00000|100%| O|  |TAMS 0x0000000082d00000, 0x0000000082c00000| Untracked 
|  21|0x0000000082d00000, 0x0000000082dd5e00, 0x0000000082e00000| 83%| O|  |TAMS 0x0000000082d28e00, 0x0000000082d00000| Untracked 
|  22|0x0000000082e00000, 0x0000000082e00000, 0x0000000082f00000|  0%| F|  |TAMS 0x0000000082e00000, 0x0000000082e00000| Untracked 
|  23|0x0000000082f00000, 0x0000000082f00000, 0x0000000083000000|  0%| F|  |TAMS 0x0000000082f00000, 0x0000000082f00000| Untracked 
|  24|0x0000000083000000, 0x0000000083000000, 0x0000000083100000|  0%| F|  |TAMS 0x0000000083000000, 0x0000000083000000| Untracked 
|  25|0x0000000083100000, 0x0000000083100000, 0x0000000083200000|  0%| F|  |TAMS 0x0000000083100000, 0x0000000083100000| Untracked 
|  26|0x0000000083200000, 0x0000000083200000, 0x0000000083300000|  0%| F|  |TAMS 0x0000000083200000, 0x0000000083200000| Untracked 
|  27|0x0000000083300000, 0x0000000083300000, 0x0000000083400000|  0%| F|  |TAMS 0x0000000083300000, 0x0000000083300000| Untracked 
|  28|0x0000000083400000, 0x0000000083400000, 0x0000000083500000|  0%| F|  |TAMS 0x0000000083400000, 0x0000000083400000| Untracked 
|  29|0x0000000083500000, 0x0000000083500000, 0x0000000083600000|  0%| F|  |TAMS 0x0000000083500000, 0x0000000083500000| Untracked 
|  30|0x0000000083600000, 0x0000000083654fb0, 0x0000000083700000| 33%| S|CS|TAMS 0x0000000083600000, 0x0000000083600000| Complete 
|  31|0x0000000083700000, 0x0000000083800000, 0x0000000083800000|100%| S|CS|TAMS 0x0000000083700000, 0x0000000083700000| Complete 
|  32|0x0000000083800000, 0x0000000083800000, 0x0000000083900000|  0%| F|  |TAMS 0x0000000083800000, 0x0000000083800000| Untracked 
|  33|0x0000000083900000, 0x0000000083900000, 0x0000000083a00000|  0%| F|  |TAMS 0x0000000083900000, 0x0000000083900000| Untracked 
|  34|0x0000000083a00000, 0x0000000083a00000, 0x0000000083b00000|  0%| F|  |TAMS 0x0000000083a00000, 0x0000000083a00000| Untracked 
|  35|0x0000000083b00000, 0x0000000083b00000, 0x0000000083c00000|  0%| F|  |TAMS 0x0000000083b00000, 0x0000000083b00000| Untracked 
|  36|0x0000000083c00000, 0x0000000083c00000, 0x0000000083d00000|  0%| F|  |TAMS 0x0000000083c00000, 0x0000000083c00000| Untracked 
| 113|0x0000000088900000, 0x0000000088900000, 0x0000000088a00000|  0%| F|  |TAMS 0x0000000088900000, 0x0000000088900000| Untracked 
| 114|0x0000000088a00000, 0x0000000088a00000, 0x0000000088b00000|  0%| F|  |TAMS 0x0000000088a00000, 0x0000000088a00000| Untracked 
| 115|0x0000000088b00000, 0x0000000088b00000, 0x0000000088c00000|  0%| F|  |TAMS 0x0000000088b00000, 0x0000000088b00000| Untracked 
| 116|0x0000000088c00000, 0x0000000088c00000, 0x0000000088d00000|  0%| F|  |TAMS 0x0000000088c00000, 0x0000000088c00000| Untracked 
| 127|0x0000000089700000, 0x00000000897707b8, 0x0000000089800000| 43%| E|  |TAMS 0x0000000089700000, 0x0000000089700000| Complete 

Card table byte_map: [0x0000011de9a00000,0x0000011de9e00000] _byte_map_base: 0x0000011de95f4000

Marking Bits (Prev, Next): (CMBitMap*) 0x0000011dd6c39bf0, (CMBitMap*) 0x0000011dd6c39c30
 Prev Bits: [0x0000011dea200000, 0x0000011dec1a0000)
 Next Bits: [0x0000011dec1a0000, 0x0000011dee140000)

Polling page: 0x0000011dd4960000

Metaspace:

Usage:
  Non-class:     47.59 MB capacity,    47.30 MB (>99%) used,   234.64 KB ( <1%) free+waste,    68.31 KB ( <1%) overhead. 
      Class:      6.89 MB capacity,     6.74 MB ( 98%) used,   129.23 KB (  2%) free+waste,    25.12 KB ( <1%) overhead. 
       Both:     54.49 MB capacity,    54.04 MB (>99%) used,   363.87 KB ( <1%) free+waste,    93.44 KB ( <1%) overhead. 

Virtual space:
  Non-class space:       48.00 MB reserved,      47.67 MB (>99%) committed 
      Class space:        1.00 GB reserved,       7.00 MB ( <1%) committed 
             Both:        1.05 GB reserved,      54.67 MB (  5%) committed 

Chunk freelists:
   Non-Class:  12.00 KB
       Class:  13.00 KB
        Both:  25.00 KB

MaxMetaspaceSize: 17179869184.00 GB
CompressedClassSpaceSize: 1.00 GB

CodeHeap 'non-profiled nmethods': size=120000Kb used=2347Kb max_used=2563Kb free=117652Kb
 bounds [0x0000011de20d0000, 0x0000011de2360000, 0x0000011de9600000]
CodeHeap 'profiled nmethods': size=120000Kb used=8739Kb max_used=9924Kb free=111261Kb
 bounds [0x0000011ddaba0000, 0x0000011ddb560000, 0x0000011de20d0000]
CodeHeap 'non-nmethods': size=5760Kb used=1288Kb max_used=1331Kb free=4471Kb
 bounds [0x0000011dda600000, 0x0000011dda870000, 0x0000011ddaba0000]
 total_blobs=4860 nmethods=4289 adapters=482
 compilation: enabled
              stopped_count=0, restarted_count=0
 full_count=0

Compilation events (20 events):
Event: 22.876 Thread 0x0000011df0e7a440 4761       3       net.bytebuddy.description.type.TypeList$Generic$OfMethodExceptionTypes::size (9 bytes)
Event: 22.877 Thread 0x0000011df0e7a440 nmethod 4761 0x0000011ddac1f310 code [0x0000011ddac1f4c0, 0x0000011ddac1f7e8]
Event: 22.877 Thread 0x0000011df0e7a440 4762       3       net.bytebuddy.ClassFileVersion::getMajorVersion (10 bytes)
Event: 22.877 Thread 0x0000011df0e7a440 nmethod 4762 0x0000011ddac68110 code [0x0000011ddac682a0, 0x0000011ddac683b8]
Event: 22.877 Thread 0x0000011df0e7a440 4764       3       net.bytebuddy.jar.asm.SymbolTable::addConstantMemberReference (147 bytes)
Event: 22.878 Thread 0x0000011df0e7a440 nmethod 4764 0x0000011ddac39c90 code [0x0000011ddac39f00, 0x0000011ddac3a7a8]
Event: 22.878 Thread 0x0000011df0e7a440 4763       1       net.bytebuddy.implementation.bytecode.member.FieldAccess::access$300 (5 bytes)
Event: 22.878 Thread 0x0000011df0e7a440 nmethod 4763 0x0000011de20f1690 code [0x0000011de20f1820, 0x0000011de20f18b8]
Event: 22.878 Thread 0x0000011df0e7a440 4765       1       net.bytebuddy.implementation.Implementation$Context$Default$CacheValueField::getDeclaringType (5 bytes)
Event: 22.878 Thread 0x0000011df0e7a440 nmethod 4765 0x0000011de20f1390 code [0x0000011de20f1520, 0x0000011de20f15d8]
Event: 22.888 Thread 0x0000011df0e7a440 4766       3       jdk.internal.reflect.ReflectionFactory::newMethodAccessor (130 bytes)
Event: 22.891 Thread 0x0000011df0e7a440 nmethod 4766 0x0000011ddac64590 code [0x0000011ddac64980, 0x0000011ddac66738]
Event: 22.891 Thread 0x0000011df0e7a440 4767       3       jdk.internal.reflect.Reflection::isCallerSensitive (24 bytes)
Event: 22.892 Thread 0x0000011df0e7a440 nmethod 4767 0x0000011ddabb9a10 code [0x0000011ddabb9d40, 0x0000011ddabbb298]
Event: 22.895 Thread 0x0000011df0e7a440 4768       3       java.lang.Character::isLetter (5 bytes)
Event: 22.896 Thread 0x0000011df0e7a440 nmethod 4768 0x0000011ddac37b10 code [0x0000011ddac37ce0, 0x0000011ddac37fd8]
Event: 22.896 Thread 0x0000011df0e7a440 4770       3       java.lang.Character::getType (9 bytes)
Event: 22.896 Thread 0x0000011df0e7a440 nmethod 4770 0x0000011ddabbd890 code [0x0000011ddabbda40, 0x0000011ddabbdc18]
Event: 22.896 Thread 0x0000011df0e7a440 4769       3       java.lang.Character::isLetter (18 bytes)
Event: 22.896 Thread 0x0000011df0e7a440 nmethod 4769 0x0000011ddabe9110 code [0x0000011ddabe92c0, 0x0000011ddabe9558]

GC Heap History (20 events):
Event: 14.870 GC heap before
{Heap before GC invocations=12 (full 0):
 garbage-first heap   total 40960K, used 30699K [0x0000000081800000, 0x0000000100000000)
  region size 1024K, 18 young (18432K), 2 survivors (2048K)
 Metaspace       used 33017K, capacity 33368K, committed 33664K, reserved 1079296K
  class space    used 3774K, capacity 3871K, committed 3968K, reserved 1048576K
}
Event: 14.874 GC heap after
{Heap after GC invocations=13 (full 0):
 garbage-first heap   total 40960K, used 16429K [0x0000000081800000, 0x0000000100000000)
  region size 1024K, 3 young (3072K), 3 survivors (3072K)
 Metaspace       used 33017K, capacity 33368K, committed 33664K, reserved 1079296K
  class space    used 3774K, capacity 3871K, committed 3968K, reserved 1048576K
}
Event: 15.578 GC heap before
{Heap before GC invocations=13 (full 0):
 garbage-first heap   total 40960K, used 26669K [0x0000000081800000, 0x0000000100000000)
  region size 1024K, 14 young (14336K), 3 survivors (3072K)
 Metaspace       used 35119K, capacity 35488K, committed 35628K, reserved 1081344K
  class space    used 4030K, capacity 4140K, committed 4224K, reserved 1048576K
}
Event: 15.584 GC heap after
{Heap after GC invocations=14 (full 0):
 garbage-first heap   total 40960K, used 17347K [0x0000000081800000, 0x0000000100000000)
  region size 1024K, 3 young (3072K), 3 survivors (3072K)
 Metaspace       used 35119K, capacity 35488K, committed 35628K, reserved 1081344K
  class space    used 4030K, capacity 4140K, committed 4224K, reserved 1048576K
}
Event: 16.476 GC heap before
{Heap before GC invocations=15 (full 0):
 garbage-first heap   total 40960K, used 29635K [0x0000000081800000, 0x0000000100000000)
  region size 1024K, 16 young (16384K), 3 survivors (3072K)
 Metaspace       used 38270K, capacity 38745K, committed 38956K, reserved 1083392K
  class space    used 4607K, capacity 4728K, committed 4736K, reserved 1048576K
}
Event: 16.480 GC heap after
{Heap after GC invocations=16 (full 0):
 garbage-first heap   total 40960K, used 17987K [0x0000000081800000, 0x0000000100000000)
  region size 1024K, 2 young (2048K), 2 survivors (2048K)
 Metaspace       used 38270K, capacity 38745K, committed 38956K, reserved 1083392K
  class space    used 4607K, capacity 4728K, committed 4736K, reserved 1048576K
}
Event: 17.392 GC heap before
{Heap before GC invocations=16 (full 0):
 garbage-first heap   total 40960K, used 32323K [0x0000000081800000, 0x0000000100000000)
  region size 1024K, 16 young (16384K), 2 survivors (2048K)
 Metaspace       used 40453K, capacity 40875K, committed 41132K, reserved 1085440K
  class space    used 5001K, capacity 5117K, committed 5120K, reserved 1048576K
}
Event: 17.397 GC heap after
{Heap after GC invocations=17 (full 0):
 garbage-first heap   total 40960K, used 18856K [0x0000000081800000, 0x0000000100000000)
  region size 1024K, 2 young (2048K), 2 survivors (2048K)
 Metaspace       used 40453K, capacity 40875K, committed 41132K, reserved 1085440K
  class space    used 5001K, capacity 5117K, committed 5120K, reserved 1048576K
}
Event: 17.991 GC heap before
{Heap before GC invocations=17 (full 0):
 garbage-first heap   total 40960K, used 32168K [0x0000000081800000, 0x0000000100000000)
  region size 1024K, 15 young (15360K), 2 survivors (2048K)
 Metaspace       used 41607K, capacity 42060K, committed 42156K, reserved 1085440K
  class space    used 5161K, capacity 5320K, committed 5376K, reserved 1048576K
}
Event: 17.998 GC heap after
{Heap after GC invocations=18 (full 0):
 garbage-first heap   total 40960K, used 20049K [0x0000000081800000, 0x0000000100000000)
  region size 1024K, 2 young (2048K), 2 survivors (2048K)
 Metaspace       used 41607K, capacity 42060K, committed 42156K, reserved 1085440K
  class space    used 5161K, capacity 5320K, committed 5376K, reserved 1048576K
}
Event: 19.223 GC heap before
{Heap before GC invocations=18 (full 0):
 garbage-first heap   total 40960K, used 32337K [0x0000000081800000, 0x0000000100000000)
  region size 1024K, 15 young (15360K), 2 survivors (2048K)
 Metaspace       used 45553K, capacity 46034K, committed 46252K, reserved 1089536K
  class space    used 5601K, capacity 5769K, committed 5888K, reserved 1048576K
}
Event: 19.229 GC heap after
{Heap after GC invocations=19 (full 0):
 garbage-first heap   total 40960K, used 21537K [0x0000000081800000, 0x0000000100000000)
  region size 1024K, 2 young (2048K), 2 survivors (2048K)
 Metaspace       used 45553K, capacity 46034K, committed 46252K, reserved 1089536K
  class space    used 5601K, capacity 5769K, committed 5888K, reserved 1048576K
}
Event: 20.199 GC heap before
{Heap before GC invocations=19 (full 0):
 garbage-first heap   total 40960K, used 31777K [0x0000000081800000, 0x0000000100000000)
  region size 1024K, 13 young (13312K), 2 survivors (2048K)
 Metaspace       used 47955K, capacity 48397K, committed 48428K, reserved 1091584K
  class space    used 5865K, capacity 5998K, committed 6016K, reserved 1048576K
}
Event: 20.202 GC heap after
{Heap after GC invocations=20 (full 0):
 garbage-first heap   total 40960K, used 21993K [0x0000000081800000, 0x0000000100000000)
  region size 1024K, 1 young (1024K), 1 survivors (1024K)
 Metaspace       used 47955K, capacity 48397K, committed 48428K, reserved 1091584K
  class space    used 5865K, capacity 5998K, committed 6016K, reserved 1048576K
}
Event: 21.953 GC heap before
{Heap before GC invocations=21 (full 0):
 garbage-first heap   total 40960K, used 31209K [0x0000000081800000, 0x0000000100000000)
  region size 1024K, 11 young (11264K), 1 survivors (1024K)
 Metaspace       used 50182K, capacity 50602K, committed 50732K, reserved 1093632K
  class space    used 6273K, capacity 6417K, committed 6528K, reserved 1048576K
}
Event: 21.957 GC heap after
{Heap after GC invocations=22 (full 0):
 garbage-first heap   total 40960K, used 22468K [0x0000000081800000, 0x0000000100000000)
  region size 1024K, 2 young (2048K), 2 survivors (2048K)
 Metaspace       used 50182K, capacity 50602K, committed 50732K, reserved 1093632K
  class space    used 6273K, capacity 6417K, committed 6528K, reserved 1048576K
}
Event: 22.478 GC heap before
{Heap before GC invocations=22 (full 0):
 garbage-first heap   total 40960K, used 32708K [0x0000000081800000, 0x0000000100000000)
  region size 1024K, 12 young (12288K), 2 survivors (2048K)
 Metaspace       used 52908K, capacity 53354K, committed 53548K, reserved 1095680K
  class space    used 6595K, capacity 6737K, committed 6784K, reserved 1048576K
}
Event: 22.481 GC heap after
{Heap after GC invocations=23 (full 0):
 garbage-first heap   total 40960K, used 22948K [0x0000000081800000, 0x0000000100000000)
  region size 1024K, 1 young (1024K), 1 survivors (1024K)
 Metaspace       used 52908K, capacity 53354K, committed 53548K, reserved 1095680K
  class space    used 6595K, capacity 6737K, committed 6784K, reserved 1048576K
}
Event: 22.908 GC heap before
{Heap before GC invocations=24 (full 0):
 garbage-first heap   total 43008K, used 32164K [0x0000000081800000, 0x0000000100000000)
  region size 1024K, 11 young (11264K), 1 survivors (1024K)
 Metaspace       used 55266K, capacity 55731K, committed 55980K, reserved 1097728K
  class space    used 6896K, capacity 7059K, committed 7168K, reserved 1048576K
}
Event: 22.910 GC heap after
{Heap after GC invocations=25 (full 0):
 garbage-first heap   total 43008K, used 23338K [0x0000000081800000, 0x0000000100000000)
  region size 1024K, 2 young (2048K), 2 survivors (2048K)
 Metaspace       used 55266K, capacity 55731K, committed 55980K, reserved 1097728K
  class space    used 6896K, capacity 7059K, committed 7168K, reserved 1048576K
}

Deoptimization events (20 events):
Event: 19.949 Thread 0x0000011dd6bf9200 DEOPT PACKING pc=0x0000011ddb4d1448 sp=0x00000001006f9420
Event: 19.949 Thread 0x0000011dd6bf9200 DEOPT UNPACKING pc=0x0000011dda64e23f sp=0x00000001006f8928 mode 0
Event: 20.049 Thread 0x0000011dd6bf9200 DEOPT PACKING pc=0x0000011ddb4d1448 sp=0x00000001006f9350
Event: 20.049 Thread 0x0000011dd6bf9200 DEOPT UNPACKING pc=0x0000011dda64e23f sp=0x00000001006f8858 mode 0
Event: 20.243 Thread 0x0000011dd6bf9200 DEOPT PACKING pc=0x0000011ddb4d1448 sp=0x00000001006fa3b0
Event: 20.243 Thread 0x0000011dd6bf9200 DEOPT UNPACKING pc=0x0000011dda64e23f sp=0x00000001006f98b8 mode 0
Event: 20.568 Thread 0x0000011dd6bf9200 DEOPT PACKING pc=0x0000011ddb4d1448 sp=0x00000001006fa860
Event: 20.568 Thread 0x0000011dd6bf9200 DEOPT UNPACKING pc=0x0000011dda64e23f sp=0x00000001006f9d68 mode 0
Event: 21.125 Thread 0x0000011dd6bf9200 DEOPT PACKING pc=0x0000011ddb515af1 sp=0x00000001006fa760
Event: 21.125 Thread 0x0000011dd6bf9200 DEOPT UNPACKING pc=0x0000011dda64e23f sp=0x00000001006f9bd8 mode 0
Event: 21.228 Thread 0x0000011dd6bf9200 DEOPT PACKING pc=0x0000011ddb4cb8f7 sp=0x00000001006f87f0
Event: 21.228 Thread 0x0000011dd6bf9200 DEOPT UNPACKING pc=0x0000011dda64e23f sp=0x00000001006f7c78 mode 0
Event: 22.129 Thread 0x0000011dd6bf9200 Uncommon trap: trap_request=0xffffff45 fr.pc=0x0000011de2218efc relative=0x00000000000001dc
Event: 22.129 Thread 0x0000011dd6bf9200 Uncommon trap: reason=unstable_if action=reinterpret pc=0x0000011de2218efc method=java.lang.StringLatin1.compareToCI([B[B)I @ 31 c2
Event: 22.129 Thread 0x0000011dd6bf9200 DEOPT PACKING pc=0x0000011de2218efc sp=0x00000001006fb2f0
Event: 22.129 Thread 0x0000011dd6bf9200 DEOPT UNPACKING pc=0x0000011dda64e42f sp=0x00000001006fb268 mode 2
Event: 22.175 Thread 0x0000011dd6bf9200 Uncommon trap: trap_request=0xffffff45 fr.pc=0x0000011de231b654 relative=0x00000000000002b4
Event: 22.175 Thread 0x0000011dd6bf9200 Uncommon trap: reason=unstable_if action=reinterpret pc=0x0000011de231b654 method=java.util.LinkedHashMap.get(Ljava/lang/Object;)Ljava/lang/Object; @ 16 c2
Event: 22.175 Thread 0x0000011dd6bf9200 DEOPT PACKING pc=0x0000011de231b654 sp=0x00000001006fb290
Event: 22.175 Thread 0x0000011dd6bf9200 DEOPT UNPACKING pc=0x0000011dda64e42f sp=0x00000001006fb248 mode 2

Classes unloaded (1 events):
Event: 20.262 Thread 0x0000011df064de30 Unloading class 0x0000011d803fa840 'net/bytebuddy/mirror/AccessibleObject'

Classes redefined (0 events):
No events

Internal exceptions (20 events):
Event: 19.548 Thread 0x0000011dd6bf9200 Exception <a 'java/lang/ClassNotFoundException'{0x0000000088a6c648}: java/lang/ObjectCustomizer> (0x0000000088a6c648) 
thrown [./open/src/hotspot/share/classfile/systemDictionary.cpp, line 295]
Event: 19.550 Thread 0x0000011dd6bf9200 Exception <a 'java/lang/ClassNotFoundException'{0x0000000088a78620}: org/springframework/orm/jpa/AbstractEntityManagerFactoryBeanCustomizer> (0x0000000088a78620) 
thrown [./open/src/hotspot/share/classfile/systemDictionary.cpp, line 295]
Event: 19.553 Thread 0x0000011dd6bf9200 Exception <a 'java/lang/ClassNotFoundException'{0x0000000088aa1f58}: org/springframework/orm/jpa/LocalContainerEntityManagerFactoryBeanCustomizer> (0x0000000088aa1f58) 
thrown [./open/src/hotspot/share/classfile/systemDictionary.cpp, line 295]
Event: 19.562 Thread 0x0000011dd6bf9200 Exception <a 'java/lang/ClassNotFoundException'{0x0000000088aea268}: org/springframework/context/ResourceLoaderAwareCustomizer> (0x0000000088aea268) 
thrown [./open/src/hotspot/share/classfile/systemDictionary.cpp, line 295]
Event: 19.564 Thread 0x0000011dd6bf9200 Exception <a 'java/lang/ClassNotFoundException'{0x0000000088af2810}: org/springframework/beans/factory/AwareCustomizer> (0x0000000088af2810) 
thrown [./open/src/hotspot/share/classfile/systemDictionary.cpp, line 295]
Event: 19.565 Thread 0x0000011dd6bf9200 Exception <a 'java/lang/ClassNotFoundException'{0x0000000088afa4a0}: org/springframework/context/weaving/LoadTimeWeaverAwareCustomizer> (0x0000000088afa4a0) 
thrown [./open/src/hotspot/share/classfile/systemDictionary.cpp, line 295]
Event: 19.566 Thread 0x0000011dd6bf9200 Exception <a 'java/lang/ClassNotFoundException'{0x0000000088903008}: org/springframework/beans/factory/AwareCustomizer> (0x0000000088903008) 
thrown [./open/src/hotspot/share/classfile/systemDictionary.cpp, line 295]
Event: 19.568 Thread 0x0000011dd6bf9200 Exception <a 'java/lang/ClassNotFoundException'{0x000000008890aae8}: org/springframework/beans/factory/FactoryBeanCustomizer> (0x000000008890aae8) 
thrown [./open/src/hotspot/share/classfile/systemDictionary.cpp, line 295]
Event: 19.570 Thread 0x0000011dd6bf9200 Exception <a 'java/lang/ClassNotFoundException'{0x00000000889169e0}: org/springframework/beans/factory/BeanClassLoaderAwareCustomizer> (0x00000000889169e0) 
thrown [./open/src/hotspot/share/classfile/systemDictionary.cpp, line 295]
Event: 19.571 Thread 0x0000011dd6bf9200 Exception <a 'java/lang/ClassNotFoundException'{0x000000008891efe0}: org/springframework/beans/factory/AwareCustomizer> (0x000000008891efe0) 
thrown [./open/src/hotspot/share/classfile/systemDictionary.cpp, line 295]
Event: 19.572 Thread 0x0000011dd6bf9200 Exception <a 'java/lang/ClassNotFoundException'{0x0000000088926ae0}: org/springframework/beans/factory/BeanFactoryAwareCustomizer> (0x0000000088926ae0) 
thrown [./open/src/hotspot/share/classfile/systemDictionary.cpp, line 295]
Event: 19.576 Thread 0x0000011dd6bf9200 Exception <a 'java/lang/ClassNotFoundException'{0x000000008892f830}: org/springframework/beans/factory/AwareCustomizer> (0x000000008892f830) 
thrown [./open/src/hotspot/share/classfile/systemDictionary.cpp, line 295]
Event: 19.578 Thread 0x0000011dd6bf9200 Exception <a 'java/lang/ClassNotFoundException'{0x0000000088937280}: org/springframework/beans/factory/BeanNameAwareCustomizer> (0x0000000088937280) 
thrown [./open/src/hotspot/share/classfile/systemDictionary.cpp, line 295]
Event: 19.582 Thread 0x0000011dd6bf9200 Exception <a 'java/lang/ClassNotFoundException'{0x000000008893fe90}: org/springframework/beans/factory/AwareCustomizer> (0x000000008893fe90) 
thrown [./open/src/hotspot/share/classfile/systemDictionary.cpp, line 295]
Event: 19.584 Thread 0x0000011dd6bf9200 Exception <a 'java/lang/ClassNotFoundException'{0x0000000088947990}: org/springframework/beans/factory/InitializingBeanCustomizer> (0x0000000088947990) 
thrown [./open/src/hotspot/share/classfile/systemDictionary.cpp, line 295]
Event: 19.586 Thread 0x0000011dd6bf9200 Exception <a 'java/lang/ClassNotFoundException'{0x000000008894fce8}: org/springframework/beans/factory/DisposableBeanCustomizer> (0x000000008894fce8) 
thrown [./open/src/hotspot/share/classfile/systemDictionary.cpp, line 295]
Event: 19.588 Thread 0x0000011dd6bf9200 Exception <a 'java/lang/ClassNotFoundException'{0x00000000889586c0}: org/springframework/orm/jpa/EntityManagerFactoryInfoCustomizer> (0x00000000889586c0) 
thrown [./open/src/hotspot/share/classfile/systemDictionary.cpp, line 295]
Event: 19.592 Thread 0x0000011dd6bf9200 Exception <a 'java/lang/ClassNotFoundException'{0x000000008896adf0}: org/springframework/dao/support/PersistenceExceptionTranslatorCustomizer> (0x000000008896adf0) 
thrown [./open/src/hotspot/share/classfile/systemDictionary.cpp, line 295]
Event: 20.732 Thread 0x0000011dd6bf9200 Exception <a 'java/lang/NoSuchMethodError'{0x0000000088b72108}: 'java.lang.Object java.lang.invoke.DirectMethodHandle$Holder.invokeStaticInit(java.lang.Object, int, int, int, int)'> (0x0000000088b72108) 
thrown [./open/src/hotspot/share/interpreter/linkResolver.cpp, line 782]
Event: 21.137 Thread 0x0000011dd6bf9200 Exception <a 'java/lang/NoSuchMethodError'{0x0000000088a3a340}: 'java.lang.Object java.lang.invoke.DirectMethodHandle$Holder.invokeStaticInit(java.lang.Object, java.lang.Object, int, int, int, int)'> (0x0000000088a3a340) 
thrown [./open/src/hotspot/share/interpreter/linkResolver.cpp, line 782]

Events (20 events):
Event: 22.501 Thread 0x0000011df0e7b0f0 flushing nmethod 0x0000011ddb18be10
Event: 22.501 Thread 0x0000011df0e7b0f0 flushing nmethod 0x0000011ddb1b6810
Event: 22.501 Thread 0x0000011df0e7b0f0 flushing nmethod 0x0000011ddb1c4790
Event: 22.501 Thread 0x0000011df0e7b0f0 flushing nmethod 0x0000011ddb1c5d90
Event: 22.501 Thread 0x0000011df0e7b0f0 flushing nmethod 0x0000011ddb1c9910
Event: 22.501 Thread 0x0000011df0e7b0f0 flushing nmethod 0x0000011ddb23f410
Event: 22.518 loading class javax/naming/RefAddr
Event: 22.518 loading class javax/naming/RefAddr done
Event: 22.518 loading class javax/naming/StringRefAddr
Event: 22.518 loading class javax/naming/StringRefAddr done
Event: 22.520 loading class java/io/InvalidObjectException
Event: 22.520 loading class java/io/InvalidObjectException done
Event: 22.533 Executing VM operation: G1Concurrent
Event: 22.537 Executing VM operation: G1Concurrent done
Event: 22.567 Executing VM operation: G1Concurrent
Event: 22.567 Executing VM operation: G1Concurrent done
Event: 22.660 loading class java/lang/SafeVarargs
Event: 22.660 loading class java/lang/SafeVarargs done
Event: 22.908 Executing VM operation: G1CollectForAllocation
Event: 22.910 Executing VM operation: G1CollectForAllocation done


Dynamic libraries:
0x00007ff604050000 - 0x00007ff60405d000 	C:\Users\Vishesh\Downloads\eclipse-jee-2021-03-R-win32-x86_64\eclipse\plugins\org.eclipse.justj.openjdk.hotspot.jre.full.win32.x86_64_15.0.2.v20210201-0955\jre\bin\javaw.exe
0x00007ffc61d10000 - 0x00007ffc61f05000 	C:\WINDOWS\SYSTEM32\ntdll.dll
0x00007ffc60290000 - 0x00007ffc6034d000 	C:\WINDOWS\System32\KERNEL32.DLL
0x00007ffc5f560000 - 0x00007ffc5f828000 	C:\WINDOWS\System32\KERNELBASE.dll
0x00007ffc5f980000 - 0x00007ffc5fa80000 	C:\WINDOWS\System32\ucrtbase.dll
0x00007ffc3aee0000 - 0x00007ffc3aef9000 	C:\Users\Vishesh\Downloads\eclipse-jee-2021-03-R-win32-x86_64\eclipse\plugins\org.eclipse.justj.openjdk.hotspot.jre.full.win32.x86_64_15.0.2.v20210201-0955\jre\bin\VCRUNTIME140.dll
0x00007ffc50310000 - 0x00007ffc50328000 	C:\Users\Vishesh\Downloads\eclipse-jee-2021-03-R-win32-x86_64\eclipse\plugins\org.eclipse.justj.openjdk.hotspot.jre.full.win32.x86_64_15.0.2.v20210201-0955\jre\bin\jli.dll
0x00007ffc5fd80000 - 0x00007ffc5ff20000 	C:\WINDOWS\System32\USER32.dll
0x00007ffc5f530000 - 0x00007ffc5f552000 	C:\WINDOWS\System32\win32u.dll
0x00007ffc61350000 - 0x00007ffc6137a000 	C:\WINDOWS\System32\GDI32.dll
0x00007ffc5fab0000 - 0x00007ffc5fbbb000 	C:\WINDOWS\System32\gdi32full.dll
0x00007ffc5f8e0000 - 0x00007ffc5f97d000 	C:\WINDOWS\System32\msvcp_win.dll
0x00007ffc4d840000 - 0x00007ffc4dada000 	C:\WINDOWS\WinSxS\amd64_microsoft.windows.common-controls_6595b64144ccf1df_6.0.19041.1052_none_60b8f8fd71f5e8cb\COMCTL32.dll
0x00007ffc60c90000 - 0x00007ffc60d2e000 	C:\WINDOWS\System32\msvcrt.dll
0x00007ffc601a0000 - 0x00007ffc601d0000 	C:\WINDOWS\System32\IMM32.DLL
0x00007ffc50ba0000 - 0x00007ffc50bac000 	C:\Users\Vishesh\Downloads\eclipse-jee-2021-03-R-win32-x86_64\eclipse\plugins\org.eclipse.justj.openjdk.hotspot.jre.full.win32.x86_64_15.0.2.v20210201-0955\jre\bin\vcruntime140_1.dll
0x00007ffc1d1b0000 - 0x00007ffc1d241000 	C:\Users\Vishesh\Downloads\eclipse-jee-2021-03-R-win32-x86_64\eclipse\plugins\org.eclipse.justj.openjdk.hotspot.jre.full.win32.x86_64_15.0.2.v20210201-0955\jre\bin\msvcp140.dll
0x00007ffbf5e60000 - 0x00007ffbf69be000 	C:\Users\Vishesh\Downloads\eclipse-jee-2021-03-R-win32-x86_64\eclipse\plugins\org.eclipse.justj.openjdk.hotspot.jre.full.win32.x86_64_15.0.2.v20210201-0955\jre\bin\server\jvm.dll
0x00007ffc616a0000 - 0x00007ffc6174c000 	C:\WINDOWS\System32\ADVAPI32.dll
0x00007ffc5ff20000 - 0x00007ffc5ffbb000 	C:\WINDOWS\System32\sechost.dll
0x00007ffc61430000 - 0x00007ffc6155b000 	C:\WINDOWS\System32\RPCRT4.dll
0x00007ffc60170000 - 0x00007ffc60178000 	C:\WINDOWS\System32\PSAPI.DLL
0x00007ffc49040000 - 0x00007ffc49067000 	C:\WINDOWS\SYSTEM32\WINMM.dll
0x00007ffc50900000 - 0x00007ffc50909000 	C:\WINDOWS\SYSTEM32\WSOCK32.dll
0x00007ffc61100000 - 0x00007ffc6116b000 	C:\WINDOWS\System32\WS2_32.dll
0x00007ffc59690000 - 0x00007ffc5969a000 	C:\WINDOWS\SYSTEM32\VERSION.dll
0x00007ffc5d360000 - 0x00007ffc5d372000 	C:\WINDOWS\SYSTEM32\kernel.appcore.dll
0x00007ffc50640000 - 0x00007ffc5064a000 	C:\Users\Vishesh\Downloads\eclipse-jee-2021-03-R-win32-x86_64\eclipse\plugins\org.eclipse.justj.openjdk.hotspot.jre.full.win32.x86_64_15.0.2.v20210201-0955\jre\bin\jimage.dll
0x00007ffc44bd0000 - 0x00007ffc44db4000 	C:\WINDOWS\SYSTEM32\DBGHELP.DLL
0x00007ffc45440000 - 0x00007ffc4546c000 	C:\WINDOWS\SYSTEM32\dbgcore.DLL
0x00007ffc5f4a0000 - 0x00007ffc5f523000 	C:\WINDOWS\System32\bcryptPrimitives.dll
0x00007ffc50330000 - 0x00007ffc50355000 	C:\Users\Vishesh\Downloads\eclipse-jee-2021-03-R-win32-x86_64\eclipse\plugins\org.eclipse.justj.openjdk.hotspot.jre.full.win32.x86_64_15.0.2.v20210201-0955\jre\bin\java.dll
0x00007ffc4fcd0000 - 0x00007ffc4fce8000 	C:\Users\Vishesh\Downloads\eclipse-jee-2021-03-R-win32-x86_64\eclipse\plugins\org.eclipse.justj.openjdk.hotspot.jre.full.win32.x86_64_15.0.2.v20210201-0955\jre\bin\zip.dll
0x00007ffc60350000 - 0x00007ffc60a8f000 	C:\WINDOWS\System32\SHELL32.dll
0x00007ffc5d560000 - 0x00007ffc5dcf0000 	C:\WINDOWS\SYSTEM32\windows.storage.dll
0x00007ffc60d90000 - 0x00007ffc610e5000 	C:\WINDOWS\System32\combase.dll
0x00007ffc5ed20000 - 0x00007ffc5ed4c000 	C:\WINDOWS\SYSTEM32\Wldp.dll
0x00007ffc612a0000 - 0x00007ffc6134e000 	C:\WINDOWS\System32\SHCORE.dll
0x00007ffc60d30000 - 0x00007ffc60d85000 	C:\WINDOWS\System32\shlwapi.dll
0x00007ffc5f390000 - 0x00007ffc5f3af000 	C:\WINDOWS\SYSTEM32\profapi.dll
0x00007ffc4fcb0000 - 0x00007ffc4fcc9000 	C:\Users\Vishesh\Downloads\eclipse-jee-2021-03-R-win32-x86_64\eclipse\plugins\org.eclipse.justj.openjdk.hotspot.jre.full.win32.x86_64_15.0.2.v20210201-0955\jre\bin\net.dll
0x00007ffc513b0000 - 0x00007ffc514bb000 	C:\WINDOWS\SYSTEM32\WINHTTP.dll
0x00007ffc5eb00000 - 0x00007ffc5eb6a000 	C:\WINDOWS\system32\mswsock.dll
0x00007ffc4fc90000 - 0x00007ffc4fca2000 	C:\Users\Vishesh\Downloads\eclipse-jee-2021-03-R-win32-x86_64\eclipse\plugins\org.eclipse.justj.openjdk.hotspot.jre.full.win32.x86_64_15.0.2.v20210201-0955\jre\bin\nio.dll
0x00007ffc50060000 - 0x00007ffc50070000 	C:\Users\Vishesh\Downloads\eclipse-jee-2021-03-R-win32-x86_64\eclipse\plugins\org.eclipse.justj.openjdk.hotspot.jre.full.win32.x86_64_15.0.2.v20210201-0955\jre\bin\verify.dll
0x00007ffc5e810000 - 0x00007ffc5e84b000 	C:\WINDOWS\SYSTEM32\IPHLPAPI.DLL
0x00007ffc61560000 - 0x00007ffc61568000 	C:\WINDOWS\System32\NSI.dll
0x00007ffc4de50000 - 0x00007ffc4de67000 	C:\WINDOWS\SYSTEM32\dhcpcsvc6.DLL
0x00007ffc4e7d0000 - 0x00007ffc4e7ed000 	C:\WINDOWS\SYSTEM32\dhcpcsvc.DLL
0x00007ffc5e850000 - 0x00007ffc5e91c000 	C:\WINDOWS\SYSTEM32\DNSAPI.dll
0x00007ffc56190000 - 0x00007ffc5619a000 	C:\Windows\System32\rasadhlp.dll
0x00007ffc4c4a0000 - 0x00007ffc4c51f000 	C:\WINDOWS\System32\fwpuclnt.dll
0x00007ffc5fa80000 - 0x00007ffc5faa7000 	C:\WINDOWS\System32\bcrypt.dll
0x00007ffc4f810000 - 0x00007ffc4f819000 	C:\Users\Vishesh\Downloads\eclipse-jee-2021-03-R-win32-x86_64\eclipse\plugins\org.eclipse.justj.openjdk.hotspot.jre.full.win32.x86_64_15.0.2.v20210201-0955\jre\bin\management.dll
0x00007ffc4edf0000 - 0x00007ffc4edfb000 	C:\Users\Vishesh\Downloads\eclipse-jee-2021-03-R-win32-x86_64\eclipse\plugins\org.eclipse.justj.openjdk.hotspot.jre.full.win32.x86_64_15.0.2.v20210201-0955\jre\bin\management_ext.dll
0x00007ffc3fd50000 - 0x00007ffc3fd67000 	C:\WINDOWS\system32\napinsp.dll
0x00007ffc3fd30000 - 0x00007ffc3fd4b000 	C:\WINDOWS\system32\pnrpnsp.dll
0x00007ffc5a0c0000 - 0x00007ffc5a0d5000 	C:\WINDOWS\system32\wshbth.dll
0x00007ffc5ae60000 - 0x00007ffc5ae7d000 	C:\WINDOWS\system32\NLAapi.dll
0x00007ffc3fd10000 - 0x00007ffc3fd22000 	C:\WINDOWS\System32\winrnr.dll
0x00007ffc5ed60000 - 0x00007ffc5ed78000 	C:\WINDOWS\SYSTEM32\CRYPTSP.dll
0x00007ffc5e4c0000 - 0x00007ffc5e4f4000 	C:\WINDOWS\system32\rsaenh.dll
0x00007ffc5f350000 - 0x00007ffc5f37e000 	C:\WINDOWS\SYSTEM32\USERENV.dll
0x00007ffc5ec80000 - 0x00007ffc5ec8c000 	C:\WINDOWS\SYSTEM32\CRYPTBASE.dll

dbghelp: loaded successfully - version: 4.0.5 - missing functions: none
symbol engine: initialized successfully - sym options: 0x614 - pdb path: .;C:\Users\Vishesh\Downloads\eclipse-jee-2021-03-R-win32-x86_64\eclipse\plugins\org.eclipse.justj.openjdk.hotspot.jre.full.win32.x86_64_15.0.2.v20210201-0955\jre\bin;C:\WINDOWS\SYSTEM32;C:\WINDOWS\WinSxS\amd64_microsoft.windows.common-controls_6595b64144ccf1df_6.0.19041.1052_none_60b8f8fd71f5e8cb;C:\Users\Vishesh\Downloads\eclipse-jee-2021-03-R-win32-x86_64\eclipse\plugins\org.eclipse.justj.openjdk.hotspot.jre.full.win32.x86_64_15.0.2.v20210201-0955\jre\bin\server

VM Arguments:
jvm_args: -ea -Dfile.encoding=UTF-8 -XX:+ShowCodeDetailsInExceptionMessages 
java_command: org.eclipse.jdt.internal.junit.runner.RemoteTestRunner -version 3 -port 51058 -testLoaderClass org.eclipse.jdt.internal.junit5.runner.JUnit5TestLoader -loaderpluginname org.eclipse.jdt.junit5.runtime -classNames com.cts.product.service.ProductServiceImplTest
java_class_path (initial): C:\Users\Vishesh\eclipse-workspace4\Product-Microservice\target\test-classes;C:\Users\Vishesh\eclipse-workspace4\Product-Microservice\target\classes;C:\Users\Vishesh\.m2\repository\org\springframework\boot\spring-boot-starter-web\2.4.2\spring-boot-starter-web-2.4.2.jar;C:\Users\Vishesh\.m2\repository\org\springframework\boot\spring-boot-starter\2.4.2\spring-boot-starter-2.4.2.jar;C:\Users\Vishesh\.m2\repository\org\springframework\boot\spring-boot-starter-logging\2.4.2\spring-boot-starter-logging-2.4.2.jar;C:\Users\Vishesh\.m2\repository\ch\qos\logback\logback-classic\1.2.3\logback-classic-1.2.3.jar;C:\Users\Vishesh\.m2\repository\ch\qos\logback\logback-core\1.2.3\logback-core-1.2.3.jar;C:\Users\Vishesh\.m2\repository\org\apache\logging\log4j\log4j-to-slf4j\2.13.3\log4j-to-slf4j-2.13.3.jar;C:\Users\Vishesh\.m2\repository\org\apache\logging\log4j\log4j-api\2.13.3\log4j-api-2.13.3.jar;C:\Users\Vishesh\.m2\repository\org\slf4j\jul-to-slf4j\1.7.30\jul-to-slf4j-1.7.30.jar;C:\Users\Vishesh\.m2\repository\jakarta\annotation\jakarta.annotation-api\1.3.5\jakarta.annotation-api-1.3.5.jar;C:\Users\Vishesh\.m2\repository\org\yaml\snakeyaml\1.27\snakeyaml-1.27.jar;C:\Users\Vishesh\.m2\repository\org\springframework\boot\spring-boot-starter-json\2.4.2\spring-boot-starter-json-2.4.2.jar;C:\Users\Vishesh\.m2\repository\com\fasterxml\jackson\core\jackson-databind\2.11.4\jackson-databind-2.11.4.jar;C:\Users\Vishesh\.m2\repository\com\fasterxml\jackson\core\jackson-core\2.11.4\jackson-core-2.11.4.jar;C:\Users\Vishesh\.m2\repository\com\fasterxml\jackson\datatype\jackson-datatype-jdk8\2.11.4\jackson-datatype-jdk8-2.11.4.jar;C:\Users\Vishesh\.m2\repository\com\fasterxml\jackson\datatype\jackson-datatype-jsr310\2.11.4\jackson-datatype-jsr310-2.11.4.jar;C:\Users\Vishesh\.m2\repository\com\fasterxml\jackson\module\jackson-module-parameter-names\2.11.4\jackson-module-parameter-names-2.11.4.jar;C:\Users\Vishesh\.m2\repository\org\springframework\boot\spring-boot-
Launcher Type: SUN_STANDARD

[Global flags]
     intx CICompilerCount                          = 3                                         {product} {ergonomic}
     uint ConcGCThreads                            = 1                                         {product} {ergonomic}
     uint G1ConcRefinementThreads                  = 4                                         {product} {ergonomic}
   size_t G1HeapRegionSize                         = 1048576                                   {product} {ergonomic}
    uintx GCDrainStackTargetSize                   = 64                                        {product} {ergonomic}
   size_t InitialHeapSize                          = 134217728                                 {product} {ergonomic}
   size_t MarkStackSize                            = 4194304                                   {product} {ergonomic}
   size_t MaxHeapSize                              = 2122317824                                {product} {ergonomic}
   size_t MaxNewSize                               = 1272971264                                {product} {ergonomic}
   size_t MinHeapDeltaBytes                        = 1048576                                   {product} {ergonomic}
   size_t MinHeapSize                              = 8388608                                   {product} {ergonomic}
    uintx NonNMethodCodeHeapSize                   = 5832780                                {pd product} {ergonomic}
    uintx NonProfiledCodeHeapSize                  = 122912730                              {pd product} {ergonomic}
    uintx ProfiledCodeHeapSize                     = 122912730                              {pd product} {ergonomic}
    uintx ReservedCodeCacheSize                    = 251658240                              {pd product} {ergonomic}
     bool SegmentedCodeCache                       = true                                      {product} {ergonomic}
     bool ShowCodeDetailsInExceptionMessages       = true                                   {manageable} {command line}
   size_t SoftMaxHeapSize                          = 2122317824                             {manageable} {ergonomic}
     bool UseCompressedClassPointers               = true                                 {lp64_product} {ergonomic}
     bool UseCompressedOops                        = true                                 {lp64_product} {ergonomic}
     bool UseG1GC                                  = true                                      {product} {ergonomic}
     bool UseLargePagesIndividualAllocation        = false                                  {pd product} {ergonomic}

Logging:
Log output configuration:
 #0: stdout all=warning uptime,level,tags
 #1: stderr all=off uptime,level,tags

Environment Variables:
JAVA_HOME=C:\Program Files\Java\jdk1.8.0_291
PATH=C:/Users/Vishesh/Downloads/eclipse-jee-2021-03-R-win32-x86_64/eclipse//plugins/org.eclipse.justj.openjdk.hotspot.jre.full.win32.x86_64_15.0.2.v20210201-0955/jre/bin/server;C:/Users/Vishesh/Downloads/eclipse-jee-2021-03-R-win32-x86_64/eclipse//plugins/org.eclipse.justj.openjdk.hotspot.jre.full.win32.x86_64_15.0.2.v20210201-0955/jre/bin;C:\Program Files\Common Files\Oracle\Java\javapath;C:\Program Files (x86)\Common Files\Oracle\Java\javapath;C:\Users\Vishesh\Downloads\apache-maven-3.8.1-bin\apache-maven-3.8.1\bin;C:\Program Files\Java\jdk1.8.0_291\bin;C:\Program Files\Java\jre1.8.0_291\bin;C:\Program Files\nodejs\;C:\Program Files\Docker\Docker\resources\bin;C:\ProgramData\DockerDesktop\version-bin;C:\Users\Vishesh\Anaconda3;C:\Users\Vishesh\Anaconda3\Library\mingw-w64\bin;C:\Users\Vishesh\Anaconda3\Library\usr\bin;C:\Users\Vishesh\Anaconda3\Library\bin;C:\Users\Vishesh\Anaconda3\Scripts;C:\Users\Vishesh\AppData\Local\Programs\Python\Python38\Scripts\;C:\Users\Vishesh\AppData\Local\Programs\Python\Python38\;C:\Program Files\MySQL\MySQL Shell 8.0\bin\;C:\Users\Vishesh\AppData\Local\Microsoft\WindowsApps;C:\Users\Vishesh\Downloads\apache-maven-3.8.1-bin\apache-maven-3.8.1\bin;C:\Program Files\Java\jdk1.8.0_191\bin;C:\Users\Vishesh\AppData\Roaming\npm;C:\Users\Vishesh\AppData\Local\Programs\Microsoft VS Code\bin;C:\Users\Vishesh\Downloads\eclipse-jee-2021-03-R-win32-x86_64\eclipse;
USERNAME=Vishesh
OS=Windows_NT
PROCESSOR_IDENTIFIER=Intel64 Family 6 Model 142 Stepping 9, GenuineIntel



---------------  S Y S T E M  ---------------

OS:
 Windows 10 , 64 bit Build 19041 (10.0.19041.1023)
OS uptime: 12 days 6:16 hours
HyperV virtualization detected

CPU: total 4 (initial active 4) (2 cores per cpu, 2 threads per core) family 6 model 142 stepping 9 microcode 0xde, cmov, cx8, fxsr, mmx, sse, sse2, sse3, ssse3, sse4.1, sse4.2, popcnt, vzeroupper, avx, avx2, aes, clmul, erms, 3dnowpref, lzcnt, ht, tsc, tscinvbit, bmi1, bmi2, adx, fma, clflush, clflushopt

Memory: 4k page, system-wide physical 8090M (185M free)
TotalPageFile size 32666M (AvailPageFile size 0M)
current process WorkingSet (physical memory assigned to process): 199M, peak: 199M
current process commit charge ("private bytes"): 226M, peak: 244M

vm_info: OpenJDK 64-Bit Server VM (15.0.2+7-27) for windows-amd64 JRE (15.0.2+7-27), built on Dec  7 2020 20:02:38 by "mach5one" with unknown MS VC++:1925

END.
