#
# There is insufficient memory for the Java Runtime Environment to continue.
# Native memory allocation (mmap) failed to map 17825792 bytes for G1 virtual space
# Possible reasons:
#   The system is out of physical RAM or swap space
#   The process is running with CompressedOops enabled, and the Java Heap may be blocking the growth of the native heap
# Possible solutions:
#   Reduce memory load on the system
#   Increase physical memory or swap space
#   Check if swap backing store is full
#   Decrease Java heap size (-Xmx/-Xms)
#   Decrease number of Java threads
#   Decrease Java thread stack sizes (-Xss)
#   Set larger code cache with -XX:ReservedCodeCacheSize=
#   JVM is running with Unscaled Compressed Oops mode in which the Java heap is
#     placed in the first 4GB address space. The Java Heap base address is the
#     maximum limit for the native heap growth. Please use -XX:HeapBaseMinAddress
#     to set the Java Heap base and to place the Java Heap above 4GB virtual address.
# This output file may be truncated or incomplete.
#
#  Out of Memory Error (./open/src/hotspot/os/windows/os_windows.cpp:3321), pid=34840, tid=40328
#
# JRE version: OpenJDK Runtime Environment (15.0.2+7) (build 15.0.2+7-27)
# Java VM: OpenJDK 64-Bit Server VM (15.0.2+7-27, mixed mode, tiered, compressed oops, g1 gc, windows-amd64)
# No core dump will be written. Minidumps are not enabled by default on client versions of Windows
#

---------------  S U M M A R Y ------------

Command Line: -javaagent:C:\Users\Vishesh\Downloads\eclipse-jee-2021-03-R-win32-x86_64\eclipse\configuration\org.eclipse.osgi\899\0\.cp\jacocoagent.jar=includes=*,excludes=,exclclassloader=sun.reflect.DelegatingClassLoader,output=tcpclient,port=57760 -ea -Dfile.encoding=UTF-8 -XX:+ShowCodeDetailsInExceptionMessages org.eclipse.jdt.internal.junit.runner.RemoteTestRunner -version 3 -port 57761 -testLoaderClass org.eclipse.jdt.internal.junit5.runner.JUnit5TestLoader -loaderpluginname org.eclipse.jdt.junit5.runtime -packageNameFile C:\Users\Vishesh\AppData\Local\Temp\packageNames12127851595945811215.txt

Host: Intel(R) Core(TM) i5-7200U CPU @ 2.50GHz, 4 cores, 7G,  Windows 10 , 64 bit Build 19041 (10.0.19041.1023)
Time: Fri Jun 25 18:15:57 2021 India Standard Time elapsed time: 71.523563 seconds (0d 0h 1m 11s)

---------------  T H R E A D  ---------------

Current thread (0x000002a01c79e4b0):  VMThread "VM Thread" [stack: 0x000000a25d200000,0x000000a25d300000] [id=40328]

Stack: [0x000000a25d200000,0x000000a25d300000]
[error occurred during error reporting (printing stack bounds), id 0xc0000005, EXCEPTION_ACCESS_VIOLATION (0xc0000005) at pc=0x000002a0060110ad]

Native frames: (J=compiled Java code, j=interpreted, Vv=VM code, C=native code)
V  [jvm.dll+0x62ae9a]
V  [jvm.dll+0x7817a9]
V  [jvm.dll+0x782f03]
V  [jvm.dll+0x7834c5]
V  [jvm.dll+0x78347b]
V  [jvm.dll+0x62a2b9]
V  [jvm.dll+0x62aa88]
C  [ntdll.dll+0xa217f]
C  [ntdll.dll+0x51454]
C  [ntdll.dll+0xa0cae]
C  0x000002a0060110ad

VM_Operation (0x000000a25ccf5980): G1CollectForAllocation, mode: safepoint, requested by thread 0x000002a000deeb20


---------------  P R O C E S S  ---------------

Threads class SMR info:
_java_thread_list=0x000002a020400910, length=18, elements={
0x000002a000deeb20, 0x000002a01c7b63b0, 0x000002a01cfe9060, 0x000002a01c7be350,
0x000002a01d006000, 0x000002a01d0068c0, 0x000002a01d0074b0, 0x000002a01cfcf0c0,
0x000002a01cfcf5d0, 0x000002a01d0999e0, 0x000002a01dd3db50, 0x000002a01dd402f0,
0x000002a01d5490f0, 0x000002a0211aab70, 0x000002a0211ac380, 0x000002a0211acd20,
0x000002a0211ad6c0, 0x000002a027427950
}

Java Threads: ( => current thread )
  0x000002a000deeb20 JavaThread "main" [_thread_blocked, id=34860, stack(0x000000a25cc00000,0x000000a25cd00000)]
  0x000002a01c7b63b0 JavaThread "Reference Handler" daemon [_thread_blocked, id=38356, stack(0x000000a25d300000,0x000000a25d400000)]
  0x000002a01cfe9060 JavaThread "Finalizer" daemon [_thread_blocked, id=35584, stack(0x000000a25d400000,0x000000a25d500000)]
  0x000002a01c7be350 JavaThread "Signal Dispatcher" daemon [_thread_blocked, id=24048, stack(0x000000a25d500000,0x000000a25d600000)]
  0x000002a01d006000 JavaThread "Attach Listener" daemon [_thread_blocked, id=26876, stack(0x000000a25d600000,0x000000a25d700000)]
  0x000002a01d0068c0 JavaThread "Service Thread" daemon [_thread_blocked, id=35652, stack(0x000000a25d700000,0x000000a25d800000)]
  0x000002a01d0074b0 JavaThread "C2 CompilerThread0" daemon [_thread_blocked, id=10688, stack(0x000000a25d800000,0x000000a25d900000)]
  0x000002a01cfcf0c0 JavaThread "C1 CompilerThread0" daemon [_thread_blocked, id=35392, stack(0x000000a25d900000,0x000000a25da00000)]
  0x000002a01cfcf5d0 JavaThread "Sweeper thread" daemon [_thread_blocked, id=38140, stack(0x000000a25da00000,0x000000a25db00000)]
  0x000002a01d0999e0 JavaThread "Common-Cleaner" daemon [_thread_blocked, id=30060, stack(0x000000a25db00000,0x000000a25dc00000)]
  0x000002a01dd3db50 JavaThread "org.jacoco.agent.rt.internal_f3994fa.output.TcpClientOutput" daemon [_thread_in_native, id=23068, stack(0x000000a25de00000,0x000000a25df00000)]
  0x000002a01dd402f0 JavaThread "Notification Thread" daemon [_thread_blocked, id=41552, stack(0x000000a25df00000,0x000000a25e000000)]
  0x000002a01d5490f0 JavaThread "ReaderThread" [_thread_in_native, id=39148, stack(0x000000a25e100000,0x000000a25e200000)]
  0x000002a0211aab70 JavaThread "HikariPool-1 housekeeper" daemon [_thread_blocked, id=12528, stack(0x000000a25e400000,0x000000a25e500000)]
  0x000002a0211ac380 JavaThread "spring.cloud.inetutils" daemon [_thread_blocked, id=39460, stack(0x000000a25c900000,0x000000a25ca00000)]
  0x000002a0211acd20 JavaThread "HikariPool-2 housekeeper" daemon [_thread_blocked, id=14752, stack(0x000000a25e700000,0x000000a25e800000)]
  0x000002a0211ad6c0 JavaThread "HikariPool-2 connection adder" daemon [_thread_blocked, id=37892, stack(0x000000a25e800000,0x000000a25e900000)]
  0x000002a027427950 JavaThread "spring.cloud.inetutils" daemon [_thread_blocked, id=36836, stack(0x000000a25e900000,0x000000a25ea00000)]

Other Threads:
=>0x000002a01c79e4b0 VMThread "VM Thread" [stack: 0x000000a25d200000,0x000000a25d300000] [id=40328]
  0x000002a000defbe0 WatcherThread [stack: 0x000000a25e000000,0x000000a25e100000] [id=15176]
  0x000002a000e29cf0 GCTaskThread "GC Thread#0" [stack: 0x000000a25cd00000,0x000000a25ce00000] [id=22260]
  0x000002a01d6d3160 GCTaskThread "GC Thread#1" [stack: 0x000000a25dc00000,0x000000a25dd00000] [id=43348]
  0x000002a01d6d1e40 GCTaskThread "GC Thread#2" [stack: 0x000000a25dd00000,0x000000a25de00000] [id=14072]
  0x000002a01d6d47b0 GCTaskThread "GC Thread#3" [stack: 0x000000a25e300000,0x000000a25e400000] [id=39468]
  0x000002a000e3bbe0 ConcurrentGCThread "G1 Main Marker" [stack: 0x000000a25ce00000,0x000000a25cf00000] [id=34252]
  0x000002a000e3c760 ConcurrentGCThread "G1 Conc#0" [stack: 0x000000a25cf00000,0x000000a25d000000] [id=13920]
  0x000002a01c5d0090 ConcurrentGCThread "G1 Refine#0" [stack: 0x000000a25d000000,0x000000a25d100000] [id=13824]
  0x000002a0217c9b70 ConcurrentGCThread "G1 Refine#1" [stack: 0x000000a25e500000,0x000000a25e600000] [id=35960]
  0x000002a0208fa7b0 ConcurrentGCThread "G1 Refine#2" [stack: 0x000000a25e600000,0x000000a25e700000] [id=43524]
  0x000002a0208fbf50 ConcurrentGCThread "G1 Refine#3" [stack: 0x000000a25ea00000,0x000000a25eb00000] [id=1368]
  0x000002a01c5d18f0 ConcurrentGCThread "G1 Young RemSet Sampling" [stack: 0x000000a25d100000,0x000000a25d200000] [id=23184]

Threads with active compile tasks:
C1 CompilerThread0    71566 9703       3       antlr.CommonAST::$jacocoInit (52 bytes)

VM state: at safepoint (normal execution)

VM Mutex/Monitor currently owned by a thread:  ([mutex/lock_event])
[0x000002a000dea1f0] Threads_lock - owner thread: 0x000002a01c79e4b0
[0x000002a000de9e00] Heap_lock - owner thread: 0x000002a000deeb20

Heap address: 0x0000000081800000, size: 2024 MB, Compressed Oops mode: 32-bit
CDS disabled.
Compressed class space mapped at: 0x0000000100000000-0x0000000140000000, size: 1073741824
Narrow klass base: 0x0000000000000000, Narrow klass shift: 3, Narrow klass range: 0x140000000

GC Precious Log:
 CPUs: 4 total, 4 available
 Memory: 8090M
 Large Page Support: Disabled
 NUMA Support: Disabled
 Compressed Oops: Enabled (32-bit)
 Heap Region Size: 1M
 Heap Min Capacity: 8M
 Heap Initial Capacity: 128M
 Heap Max Capacity: 2024M
 Pre-touch: Disabled
 Parallel Workers: 4
 Concurrent Workers: 1
 Concurrent Refinement Workers: 4
 Periodic GC: Disabled

Heap:
 garbage-first heap   total 101376K, used 39584K [0x0000000081800000, 0x0000000100000000)
  region size 1024K, 1 young (1024K), 1 survivors (1024K)
 Metaspace       used 84342K, capacity 84953K, committed 85168K, reserved 1124352K
  class space    used 9435K, capacity 9627K, committed 9728K, reserved 1048576K

Heap Regions: E=young(eden), S=young(survivor), O=old, HS=humongous(starts), HC=humongous(continues), CS=collection set, F=free, OA=open archive, CA=closed archive, TAMS=top-at-mark-start (previous, next)
|   0|0x0000000081800000, 0x0000000081900000, 0x0000000081900000|100%|HS|  |TAMS 0x0000000081900000, 0x0000000081900000| Complete 
|   1|0x0000000081900000, 0x0000000081a00000, 0x0000000081a00000|100%| O|  |TAMS 0x0000000081a00000, 0x0000000081a00000| Untracked 
|   2|0x0000000081a00000, 0x0000000081b00000, 0x0000000081b00000|100%| O|  |TAMS 0x0000000081b00000, 0x0000000081b00000| Untracked 
|   3|0x0000000081b00000, 0x0000000081c00000, 0x0000000081c00000|100%| O|  |TAMS 0x0000000081c00000, 0x0000000081c00000| Untracked 
|   4|0x0000000081c00000, 0x0000000081d00000, 0x0000000081d00000|100%| O|  |TAMS 0x0000000081d00000, 0x0000000081d00000| Untracked 
|   5|0x0000000081d00000, 0x0000000081e00000, 0x0000000081e00000|100%| O|  |TAMS 0x0000000081e00000, 0x0000000081e00000| Untracked 
|   6|0x0000000081e00000, 0x0000000081f00000, 0x0000000081f00000|100%| O|  |TAMS 0x0000000081f00000, 0x0000000081f00000| Untracked 
|   7|0x0000000081f00000, 0x0000000082000000, 0x0000000082000000|100%| O|  |TAMS 0x0000000082000000, 0x0000000082000000| Untracked 
|   8|0x0000000082000000, 0x0000000082000000, 0x0000000082100000|  0%| F|  |TAMS 0x0000000082000000, 0x0000000082000000| Untracked 
|   9|0x0000000082100000, 0x0000000082200000, 0x0000000082200000|100%| O|  |TAMS 0x0000000082200000, 0x0000000082200000| Untracked 
|  10|0x0000000082200000, 0x0000000082300000, 0x0000000082300000|100%| O|  |TAMS 0x0000000082300000, 0x0000000082300000| Untracked 
|  11|0x0000000082300000, 0x0000000082400000, 0x0000000082400000|100%| O|  |TAMS 0x0000000082400000, 0x0000000082400000| Untracked 
|  12|0x0000000082400000, 0x0000000082500000, 0x0000000082500000|100%| O|  |TAMS 0x0000000082500000, 0x0000000082500000| Untracked 
|  13|0x0000000082500000, 0x0000000082600000, 0x0000000082600000|100%| O|  |TAMS 0x0000000082600000, 0x0000000082600000| Untracked 
|  14|0x0000000082600000, 0x0000000082700000, 0x0000000082700000|100%| O|  |TAMS 0x0000000082700000, 0x0000000082700000| Untracked 
|  15|0x0000000082700000, 0x0000000082700000, 0x0000000082800000|  0%| F|  |TAMS 0x0000000082700000, 0x0000000082700000| Untracked 
|  16|0x0000000082800000, 0x0000000082900000, 0x0000000082900000|100%| O|  |TAMS 0x0000000082900000, 0x0000000082900000| Untracked 
|  17|0x0000000082900000, 0x0000000082a00000, 0x0000000082a00000|100%| O|  |TAMS 0x0000000082a00000, 0x0000000082a00000| Untracked 
|  18|0x0000000082a00000, 0x0000000082b00000, 0x0000000082b00000|100%| O|  |TAMS 0x0000000082b00000, 0x0000000082b00000| Untracked 
|  19|0x0000000082b00000, 0x0000000082b00000, 0x0000000082c00000|  0%| F|  |TAMS 0x0000000082b00000, 0x0000000082b00000| Untracked 
|  20|0x0000000082c00000, 0x0000000082c00000, 0x0000000082d00000|  0%| F|  |TAMS 0x0000000082c00000, 0x0000000082c00000| Untracked 
|  21|0x0000000082d00000, 0x0000000082d00000, 0x0000000082e00000|  0%| F|  |TAMS 0x0000000082d00000, 0x0000000082d00000| Untracked 
|  22|0x0000000082e00000, 0x0000000082f00000, 0x0000000082f00000|100%| O|  |TAMS 0x0000000082f00000, 0x0000000082f00000| Untracked 
|  23|0x0000000082f00000, 0x0000000083000000, 0x0000000083000000|100%| O|  |TAMS 0x0000000083000000, 0x0000000083000000| Untracked 
|  24|0x0000000083000000, 0x0000000083100000, 0x0000000083100000|100%| O|  |TAMS 0x0000000083100000, 0x0000000083100000| Untracked 
|  25|0x0000000083100000, 0x0000000083200000, 0x0000000083200000|100%| O|  |TAMS 0x0000000083200000, 0x0000000083200000| Untracked 
|  26|0x0000000083200000, 0x0000000083300000, 0x0000000083300000|100%| O|  |TAMS 0x0000000083300000, 0x0000000083300000| Untracked 
|  27|0x0000000083300000, 0x0000000083400000, 0x0000000083400000|100%| O|  |TAMS 0x0000000083400000, 0x0000000083400000| Untracked 
|  28|0x0000000083400000, 0x0000000083500000, 0x0000000083500000|100%| O|  |TAMS 0x0000000083500000, 0x0000000083500000| Untracked 
|  29|0x0000000083500000, 0x0000000083600000, 0x0000000083600000|100%| O|  |TAMS 0x0000000083600000, 0x0000000083600000| Untracked 
|  30|0x0000000083600000, 0x0000000083600000, 0x0000000083700000|  0%| F|  |TAMS 0x0000000083600000, 0x0000000083600000| Untracked 
|  31|0x0000000083700000, 0x0000000083800000, 0x0000000083800000|100%| O|  |TAMS 0x0000000083800000, 0x0000000083800000| Untracked 
|  32|0x0000000083800000, 0x0000000083800000, 0x0000000083900000|  0%| F|  |TAMS 0x0000000083800000, 0x0000000083800000| Untracked 
|  33|0x0000000083900000, 0x0000000083900000, 0x0000000083a00000|  0%| F|  |TAMS 0x0000000083900000, 0x0000000083900000| Untracked 
|  34|0x0000000083a00000, 0x0000000083a00000, 0x0000000083b00000|  0%| F|  |TAMS 0x0000000083a00000, 0x0000000083a00000| Untracked 
|  35|0x0000000083b00000, 0x0000000083c00000, 0x0000000083c00000|100%| O|  |TAMS 0x0000000083c00000, 0x0000000083c00000| Untracked 
|  36|0x0000000083c00000, 0x0000000083d00000, 0x0000000083d00000|100%| O|  |TAMS 0x0000000083d00000, 0x0000000083d00000| Untracked 
|  37|0x0000000083d00000, 0x0000000083e00000, 0x0000000083e00000|100%| O|  |TAMS 0x0000000083e00000, 0x0000000083e00000| Untracked 
|  38|0x0000000083e00000, 0x0000000083f00000, 0x0000000083f00000|100%| O|  |TAMS 0x0000000083f00000, 0x0000000083f00000| Untracked 
|  39|0x0000000083f00000, 0x0000000084000000, 0x0000000084000000|100%| O|  |TAMS 0x0000000084000000, 0x0000000084000000| Untracked 
|  40|0x0000000084000000, 0x0000000084100000, 0x0000000084100000|100%| O|  |TAMS 0x00000000840ec000, 0x0000000084100000| Untracked 
|  41|0x0000000084100000, 0x0000000084200000, 0x0000000084200000|100%| O|  |TAMS 0x0000000084100000, 0x0000000084200000| Untracked 
|  42|0x0000000084200000, 0x0000000084300000, 0x0000000084300000|100%| O|  |TAMS 0x0000000084200000, 0x0000000084300000| Untracked 
|  43|0x0000000084300000, 0x0000000084400000, 0x0000000084400000|100%| O|  |TAMS 0x0000000084300000, 0x0000000084400000| Untracked 
|  44|0x0000000084400000, 0x0000000084500000, 0x0000000084500000|100%| O|  |TAMS 0x0000000084400000, 0x0000000084500000| Untracked 
|  45|0x0000000084500000, 0x0000000084600000, 0x0000000084600000|100%| O|  |TAMS 0x0000000084500000, 0x0000000084600000| Untracked 
|  46|0x0000000084600000, 0x00000000846f1000, 0x0000000084700000| 94%| O|  |TAMS 0x0000000084600000, 0x00000000846f1000| Untracked 
|  47|0x0000000084700000, 0x0000000084700000, 0x0000000084800000|  0%| F|  |TAMS 0x0000000084700000, 0x0000000084700000| Untracked 
|  48|0x0000000084800000, 0x0000000084800000, 0x0000000084900000|  0%| F|  |TAMS 0x0000000084800000, 0x0000000084800000| Untracked 
|  49|0x0000000084900000, 0x0000000084900000, 0x0000000084a00000|  0%| F|  |TAMS 0x0000000084900000, 0x0000000084900000| Untracked 
|  50|0x0000000084a00000, 0x0000000084a00000, 0x0000000084b00000|  0%| F|  |TAMS 0x0000000084a00000, 0x0000000084a00000| Untracked 
|  51|0x0000000084b00000, 0x0000000084bb7370, 0x0000000084c00000| 71%| S|CS|TAMS 0x0000000084b00000, 0x0000000084b00000| Complete 
|  52|0x0000000084c00000, 0x0000000084c00000, 0x0000000084d00000|  0%| F|  |TAMS 0x0000000084c00000, 0x0000000084c00000| Untracked 
|  53|0x0000000084d00000, 0x0000000084d00000, 0x0000000084e00000|  0%| F|  |TAMS 0x0000000084d00000, 0x0000000084d00000| Untracked 
|  54|0x0000000084e00000, 0x0000000084e00000, 0x0000000084f00000|  0%| F|  |TAMS 0x0000000084e00000, 0x0000000084e00000| Untracked 
|  55|0x0000000084f00000, 0x0000000084f00000, 0x0000000085000000|  0%| F|  |TAMS 0x0000000084f00000, 0x0000000084f00000| Untracked 
|  56|0x0000000085000000, 0x0000000085000000, 0x0000000085100000|  0%| F|  |TAMS 0x0000000085000000, 0x0000000085000000| Untracked 
|  57|0x0000000085100000, 0x0000000085100000, 0x0000000085200000|  0%| F|  |TAMS 0x0000000085100000, 0x0000000085100000| Untracked 
|  58|0x0000000085200000, 0x0000000085200000, 0x0000000085300000|  0%| F|  |TAMS 0x0000000085200000, 0x0000000085200000| Untracked 
|  59|0x0000000085300000, 0x0000000085300000, 0x0000000085400000|  0%| F|  |TAMS 0x0000000085300000, 0x0000000085300000| Untracked 
|  60|0x0000000085400000, 0x0000000085400000, 0x0000000085500000|  0%| F|  |TAMS 0x0000000085400000, 0x0000000085400000| Untracked 
|  61|0x0000000085500000, 0x0000000085500000, 0x0000000085600000|  0%| F|  |TAMS 0x0000000085500000, 0x0000000085500000| Untracked 
|  62|0x0000000085600000, 0x0000000085600000, 0x0000000085700000|  0%| F|  |TAMS 0x0000000085600000, 0x0000000085600000| Untracked 
|  63|0x0000000085700000, 0x0000000085700000, 0x0000000085800000|  0%| F|  |TAMS 0x0000000085700000, 0x0000000085700000| Untracked 
|  64|0x0000000085800000, 0x0000000085800000, 0x0000000085900000|  0%| F|  |TAMS 0x0000000085800000, 0x0000000085800000| Untracked 
|  65|0x0000000085900000, 0x0000000085900000, 0x0000000085a00000|  0%| F|  |TAMS 0x0000000085900000, 0x0000000085900000| Untracked 
|  66|0x0000000085a00000, 0x0000000085a00000, 0x0000000085b00000|  0%| F|  |TAMS 0x0000000085a00000, 0x0000000085a00000| Untracked 
|  67|0x0000000085b00000, 0x0000000085b00000, 0x0000000085c00000|  0%| F|  |TAMS 0x0000000085b00000, 0x0000000085b00000| Untracked 
|  68|0x0000000085c00000, 0x0000000085c00000, 0x0000000085d00000|  0%| F|  |TAMS 0x0000000085c00000, 0x0000000085c00000| Untracked 
|  69|0x0000000085d00000, 0x0000000085d00000, 0x0000000085e00000|  0%| F|  |TAMS 0x0000000085d00000, 0x0000000085d00000| Untracked 
|  70|0x0000000085e00000, 0x0000000085e00000, 0x0000000085f00000|  0%| F|  |TAMS 0x0000000085e00000, 0x0000000085e00000| Untracked 
|  71|0x0000000085f00000, 0x0000000085f00000, 0x0000000086000000|  0%| F|  |TAMS 0x0000000085f00000, 0x0000000085f00000| Untracked 
|  72|0x0000000086000000, 0x0000000086000000, 0x0000000086100000|  0%| F|  |TAMS 0x0000000086000000, 0x0000000086000000| Untracked 
|  73|0x0000000086100000, 0x0000000086100000, 0x0000000086200000|  0%| F|  |TAMS 0x0000000086100000, 0x0000000086100000| Untracked 
|  74|0x0000000086200000, 0x0000000086200000, 0x0000000086300000|  0%| F|  |TAMS 0x0000000086200000, 0x0000000086200000| Untracked 
|  75|0x0000000086300000, 0x0000000086300000, 0x0000000086400000|  0%| F|  |TAMS 0x0000000086300000, 0x0000000086300000| Untracked 
|  76|0x0000000086400000, 0x0000000086400000, 0x0000000086500000|  0%| F|  |TAMS 0x0000000086400000, 0x0000000086400000| Untracked 
|  77|0x0000000086500000, 0x0000000086500000, 0x0000000086600000|  0%| F|  |TAMS 0x0000000086500000, 0x0000000086500000| Untracked 
| 110|0x0000000088600000, 0x0000000088600000, 0x0000000088700000|  0%| F|  |TAMS 0x0000000088600000, 0x0000000088600000| Untracked 
| 111|0x0000000088700000, 0x0000000088700000, 0x0000000088800000|  0%| F|  |TAMS 0x0000000088700000, 0x0000000088700000| Untracked 
| 112|0x0000000088800000, 0x0000000088800000, 0x0000000088900000|  0%| F|  |TAMS 0x0000000088800000, 0x0000000088800000| Untracked 
| 127|0x0000000089700000, 0x0000000089700000, 0x0000000089800000|  0%| F|  |TAMS 0x0000000089700000, 0x0000000089700000| Untracked 

Card table byte_map: [0x000002a015a40000,0x000002a015e40000] _byte_map_base: 0x000002a015634000

Marking Bits (Prev, Next): (CMBitMap*) 0x000002a000e2b4c0, (CMBitMap*) 0x000002a000e2b480
 Prev Bits: [0x000002a0181e0000, 0x000002a01a180000)
 Next Bits: [0x000002a016240000, 0x000002a0181e0000)

Polling page: 0x000002a000c90000

Metaspace:

Usage:
  Non-class:     73.56 MB capacity,    73.15 MB (>99%) used,   311.22 KB ( <1%) free+waste,   107.75 KB ( <1%) overhead. 
      Class:      9.40 MB capacity,     9.21 MB ( 98%) used,   155.12 KB (  2%) free+waste,    36.44 KB ( <1%) overhead. 
       Both:     82.96 MB capacity,    82.37 MB (>99%) used,   466.34 KB ( <1%) free+waste,   144.19 KB ( <1%) overhead. 

Virtual space:
  Non-class space:       74.00 MB reserved,      73.67 MB (>99%) committed 
      Class space:        1.00 GB reserved,       9.50 MB ( <1%) committed 
             Both:        1.07 GB reserved,      83.17 MB (  8%) committed 

Chunk freelists:
   Non-Class:  50.00 KB
       Class:  5.00 KB
        Both:  55.00 KB

MaxMetaspaceSize: 17179869184.00 GB
CompressedClassSpaceSize: 1.00 GB

CodeHeap 'non-profiled nmethods': size=120000Kb used=5314Kb max_used=5649Kb free=114685Kb
 bounds [0x000002a00dae0000, 0x000002a00e080000, 0x000002a015010000]
CodeHeap 'profiled nmethods': size=120000Kb used=16527Kb max_used=16912Kb free=103473Kb
 bounds [0x000002a0065b0000, 0x000002a007650000, 0x000002a00dae0000]
CodeHeap 'non-nmethods': size=5760Kb used=1338Kb max_used=1430Kb free=4422Kb
 bounds [0x000002a006010000, 0x000002a006280000, 0x000002a0065b0000]
 total_blobs=8362 nmethods=7722 adapters=552
 compilation: enabled
              stopped_count=0, restarted_count=0
 full_count=0

Compilation events (20 events):
Event: 71.508 Thread 0x000002a01cfcf0c0 nmethod 9694 0x000002a006f81790 code [0x000002a006f819c0, 0x000002a006f82458]
Event: 71.508 Thread 0x000002a01cfcf0c0 9697       3       antlr.TokenBuffer::$jacocoInit (52 bytes)
Event: 71.508 Thread 0x000002a01cfcf0c0 nmethod 9697 0x000002a006f6be90 code [0x000002a006f6c0a0, 0x000002a006f6c9d8]
Event: 71.508 Thread 0x000002a01cfcf0c0 9696       3       antlr.Token::$jacocoInit (52 bytes)
Event: 71.509 Thread 0x000002a01cfcf0c0 nmethod 9696 0x000002a006f6b110 code [0x000002a006f6b320, 0x000002a006f6bc58]
Event: 71.509 Thread 0x000002a01cfcf0c0 9695       3       antlr.ANTLRStringBuffer::$jacocoInit (52 bytes)
Event: 71.509 Thread 0x000002a01cfcf0c0 nmethod 9695 0x000002a006f6a390 code [0x000002a006f6a5a0, 0x000002a006f6aed8]
Event: 71.509 Thread 0x000002a01cfcf0c0 9699       3       antlr.Token::getType (14 bytes)
Event: 71.509 Thread 0x000002a01cfcf0c0 nmethod 9699 0x000002a006f69f10 code [0x000002a006f6a0c0, 0x000002a006f6a228]
Event: 71.509 Thread 0x000002a01cfcf0c0 9698       3       antlr.LLkParser::$jacocoInit (52 bytes)
Event: 71.510 Thread 0x000002a01cfcf0c0 nmethod 9698 0x000002a006fcd510 code [0x000002a006fcd720, 0x000002a006fce058]
Event: 71.510 Thread 0x000002a01cfcf0c0 9700       3       org.jboss.logging.Logger::isTraceEnabled (16 bytes)
Event: 71.510 Thread 0x000002a01cfcf0c0 nmethod 9700 0x000002a0071d7e10 code [0x000002a0071d7fc0, 0x000002a0071d81f8]
Event: 71.514 Thread 0x000002a01cfcf0c0 9701       3       java.util.regex.Pattern$Ques::match (196 bytes)
Event: 71.514 Thread 0x000002a01d0074b0 9704       4       java.util.regex.Pattern$$Lambda$22/0x00000001000d2d58::is (9 bytes)
Event: 71.514 Thread 0x000002a01d0074b0 nmethod 9704 0x000002a00dd00390 code [0x000002a00dd00500, 0x000002a00dd00578]
Event: 71.515 Thread 0x000002a01cfcf0c0 nmethod 9701 0x000002a006fcc210 code [0x000002a006fcc480, 0x000002a006fcd198]
Event: 71.515 Thread 0x000002a01cfcf0c0 9702       3       antlr.BaseAST::$jacocoInit (53 bytes)
Event: 71.515 Thread 0x000002a01cfcf0c0 nmethod 9702 0x000002a0066f8e90 code [0x000002a0066f90c0, 0x000002a0066f9b58]
Event: 71.515 Thread 0x000002a01cfcf0c0 9703       3       antlr.CommonAST::$jacocoInit (52 bytes)

GC Heap History (20 events):
Event: 65.867 GC heap after
{Heap after GC invocations=95 (full 0):
 garbage-first heap   total 68608K, used 36079K [0x0000000081800000, 0x0000000100000000)
  region size 1024K, 3 young (3072K), 3 survivors (3072K)
 Metaspace       used 79794K, capacity 80338K, committed 80560K, reserved 1120256K
  class space    used 8939K, capacity 9106K, committed 9216K, reserved 1048576K
}
Event: 66.387 GC heap before
{Heap before GC invocations=95 (full 0):
 garbage-first heap   total 68608K, used 56559K [0x0000000081800000, 0x0000000100000000)
  region size 1024K, 23 young (23552K), 3 survivors (3072K)
 Metaspace       used 80127K, capacity 80718K, committed 80816K, reserved 1120256K
  class space    used 8979K, capacity 9146K, committed 9216K, reserved 1048576K
}
Event: 66.391 GC heap after
{Heap after GC invocations=96 (full 0):
 garbage-first heap   total 68608K, used 36485K [0x0000000081800000, 0x0000000100000000)
  region size 1024K, 2 young (2048K), 2 survivors (2048K)
 Metaspace       used 80127K, capacity 80718K, committed 80816K, reserved 1120256K
  class space    used 8979K, capacity 9146K, committed 9216K, reserved 1048576K
}
Event: 66.968 GC heap before
{Heap before GC invocations=97 (full 0):
 garbage-first heap   total 68608K, used 55941K [0x0000000081800000, 0x0000000100000000)
  region size 1024K, 21 young (21504K), 2 survivors (2048K)
 Metaspace       used 80603K, capacity 81181K, committed 81328K, reserved 1122304K
  class space    used 9038K, capacity 9213K, committed 9216K, reserved 1048576K
}
Event: 66.972 GC heap after
{Heap after GC invocations=98 (full 0):
 garbage-first heap   total 68608K, used 37673K [0x0000000081800000, 0x0000000100000000)
  region size 1024K, 3 young (3072K), 3 survivors (3072K)
 Metaspace       used 80603K, capacity 81181K, committed 81328K, reserved 1122304K
  class space    used 9038K, capacity 9213K, committed 9216K, reserved 1048576K
}
Event: 67.666 GC heap before
{Heap before GC invocations=98 (full 0):
 garbage-first heap   total 68608K, used 56105K [0x0000000081800000, 0x0000000100000000)
  region size 1024K, 21 young (21504K), 3 survivors (3072K)
 Metaspace       used 80724K, capacity 81258K, committed 81328K, reserved 1122304K
  class space    used 9042K, capacity 9215K, committed 9216K, reserved 1048576K
}
Event: 67.671 GC heap after
{Heap after GC invocations=99 (full 0):
 garbage-first heap   total 68608K, used 38894K [0x0000000081800000, 0x0000000100000000)
  region size 1024K, 3 young (3072K), 3 survivors (3072K)
 Metaspace       used 80724K, capacity 81258K, committed 81328K, reserved 1122304K
  class space    used 9042K, capacity 9215K, committed 9216K, reserved 1048576K
}
Event: 68.582 GC heap before
{Heap before GC invocations=100 (full 0):
 garbage-first heap   total 70656K, used 56302K [0x0000000081800000, 0x0000000100000000)
  region size 1024K, 20 young (20480K), 3 survivors (3072K)
 Metaspace       used 80775K, capacity 81331K, committed 81712K, reserved 1122304K
  class space    used 9043K, capacity 9218K, committed 9344K, reserved 1048576K
}
Event: 68.589 GC heap after
{Heap after GC invocations=101 (full 0):
 garbage-first heap   total 70656K, used 40353K [0x0000000081800000, 0x0000000100000000)
  region size 1024K, 3 young (3072K), 3 survivors (3072K)
 Metaspace       used 80775K, capacity 81331K, committed 81712K, reserved 1122304K
  class space    used 9043K, capacity 9218K, committed 9344K, reserved 1048576K
}
Event: 69.090 GC heap before
{Heap before GC invocations=101 (full 0):
 garbage-first heap   total 70656K, used 58785K [0x0000000081800000, 0x0000000100000000)
  region size 1024K, 21 young (21504K), 3 survivors (3072K)
 Metaspace       used 80821K, capacity 81404K, committed 81712K, reserved 1122304K
  class space    used 9045K, capacity 9220K, committed 9344K, reserved 1048576K
}
Event: 69.096 GC heap after
{Heap after GC invocations=102 (full 0):
 garbage-first heap   total 70656K, used 41874K [0x0000000081800000, 0x0000000100000000)
  region size 1024K, 3 young (3072K), 3 survivors (3072K)
 Metaspace       used 80821K, capacity 81404K, committed 81712K, reserved 1122304K
  class space    used 9045K, capacity 9220K, committed 9344K, reserved 1048576K
}
Event: 69.620 GC heap before
{Heap before GC invocations=103 (full 0):
 garbage-first heap   total 76800K, used 58258K [0x0000000081800000, 0x0000000100000000)
  region size 1024K, 19 young (19456K), 3 survivors (3072K)
 Metaspace       used 80856K, capacity 81471K, committed 81712K, reserved 1122304K
  class space    used 9045K, capacity 9221K, committed 9344K, reserved 1048576K
}
Event: 69.627 GC heap after
{Heap after GC invocations=104 (full 0):
 garbage-first heap   total 76800K, used 43508K [0x0000000081800000, 0x0000000100000000)
  region size 1024K, 2 young (2048K), 2 survivors (2048K)
 Metaspace       used 80856K, capacity 81471K, committed 81712K, reserved 1122304K
  class space    used 9045K, capacity 9221K, committed 9344K, reserved 1048576K
}
Event: 70.510 GC heap before
{Heap before GC invocations=104 (full 0):
 garbage-first heap   total 76800K, used 62964K [0x0000000081800000, 0x0000000100000000)
  region size 1024K, 21 young (21504K), 2 survivors (2048K)
 Metaspace       used 81395K, capacity 82007K, committed 82224K, reserved 1122304K
  class space    used 9112K, capacity 9291K, committed 9344K, reserved 1048576K
}
Event: 70.515 GC heap after
{Heap after GC invocations=105 (full 0):
 garbage-first heap   total 76800K, used 43689K [0x0000000081800000, 0x0000000100000000)
  region size 1024K, 2 young (2048K), 2 survivors (2048K)
 Metaspace       used 81395K, capacity 82007K, committed 82224K, reserved 1122304K
  class space    used 9112K, capacity 9291K, committed 9344K, reserved 1048576K
}
Event: 70.949 GC heap before
{Heap before GC invocations=106 (full 0):
 garbage-first heap   total 83968K, used 63145K [0x0000000081800000, 0x0000000100000000)
  region size 1024K, 21 young (21504K), 2 survivors (2048K)
 Metaspace       used 82703K, capacity 83311K, committed 83504K, reserved 1124352K
  class space    used 9274K, capacity 9489K, committed 9600K, reserved 1048576K
}
Event: 70.956 GC heap after
{Heap after GC invocations=107 (full 0):
 garbage-first heap   total 83968K, used 43509K [0x0000000081800000, 0x0000000100000000)
  region size 1024K, 2 young (2048K), 2 survivors (2048K)
 Metaspace       used 82703K, capacity 83311K, committed 83504K, reserved 1124352K
  class space    used 9274K, capacity 9489K, committed 9600K, reserved 1048576K
}
Event: 71.019 GC heap before
{Heap before GC invocations=107 (full 0):
 garbage-first heap   total 83968K, used 45557K [0x0000000081800000, 0x0000000100000000)
  region size 1024K, 4 young (4096K), 2 survivors (2048K)
 Metaspace       used 82808K, capacity 83439K, committed 83760K, reserved 1124352K
  class space    used 9283K, capacity 9489K, committed 9600K, reserved 1048576K
}
Event: 71.030 GC heap after
{Heap after GC invocations=108 (full 0):
 garbage-first heap   total 83968K, used 39100K [0x0000000081800000, 0x0000000100000000)
  region size 1024K, 1 young (1024K), 1 survivors (1024K)
 Metaspace       used 82808K, capacity 83439K, committed 83760K, reserved 1124352K
  class space    used 9283K, capacity 9489K, committed 9600K, reserved 1048576K
}
Event: 71.515 GC heap before
{Heap before GC invocations=108 (full 0):
 garbage-first heap   total 83968K, used 68796K [0x0000000081800000, 0x0000000100000000)
  region size 1024K, 30 young (30720K), 1 survivors (1024K)
 Metaspace       used 84342K, capacity 84953K, committed 85168K, reserved 1124352K
  class space    used 9435K, capacity 9627K, committed 9728K, reserved 1048576K
}

Deoptimization events (20 events):
Event: 71.460 Thread 0x000002a000deeb20 DEOPT PACKING pc=0x000002a00db7ce58 sp=0x000000a25ccf2190
Event: 71.460 Thread 0x000002a000deeb20 DEOPT UNPACKING pc=0x000002a00605e42f sp=0x000000a25ccf2148 mode 2
Event: 71.468 Thread 0x000002a000deeb20 DEOPT PACKING pc=0x000002a006b4af04 sp=0x000000a25ccf5d30
Event: 71.468 Thread 0x000002a000deeb20 DEOPT UNPACKING pc=0x000002a00605e23f sp=0x000000a25ccf51e0 mode 0
Event: 71.495 Thread 0x000002a000deeb20 Uncommon trap: trap_request=0xffffffde fr.pc=0x000002a00df4b6a4 relative=0x00000000000009c4
Event: 71.495 Thread 0x000002a000deeb20 Uncommon trap: reason=class_check action=maybe_recompile pc=0x000002a00df4b6a4 method=java.util.Hashtable.put(Ljava/lang/Object;Ljava/lang/Object;)Ljava/lang/Object; @ 18 c2
Event: 71.495 Thread 0x000002a000deeb20 DEOPT PACKING pc=0x000002a00df4b6a4 sp=0x000000a25ccf7bb0
Event: 71.495 Thread 0x000002a000deeb20 DEOPT UNPACKING pc=0x000002a00605e42f sp=0x000000a25ccf7b78 mode 2
Event: 71.495 Thread 0x000002a000deeb20 Uncommon trap: trap_request=0xffffffde fr.pc=0x000002a00df4b6a4 relative=0x00000000000009c4
Event: 71.495 Thread 0x000002a000deeb20 Uncommon trap: reason=class_check action=maybe_recompile pc=0x000002a00df4b6a4 method=java.util.Hashtable.put(Ljava/lang/Object;Ljava/lang/Object;)Ljava/lang/Object; @ 18 c2
Event: 71.495 Thread 0x000002a000deeb20 DEOPT PACKING pc=0x000002a00df4b6a4 sp=0x000000a25ccf7bb0
Event: 71.495 Thread 0x000002a000deeb20 DEOPT UNPACKING pc=0x000002a00605e42f sp=0x000000a25ccf7b78 mode 2
Event: 71.495 Thread 0x000002a000deeb20 Uncommon trap: trap_request=0xffffffde fr.pc=0x000002a00df4b6a4 relative=0x00000000000009c4
Event: 71.495 Thread 0x000002a000deeb20 Uncommon trap: reason=class_check action=maybe_recompile pc=0x000002a00df4b6a4 method=java.util.Hashtable.put(Ljava/lang/Object;Ljava/lang/Object;)Ljava/lang/Object; @ 18 c2
Event: 71.495 Thread 0x000002a000deeb20 DEOPT PACKING pc=0x000002a00df4b6a4 sp=0x000000a25ccf7bb0
Event: 71.495 Thread 0x000002a000deeb20 DEOPT UNPACKING pc=0x000002a00605e42f sp=0x000000a25ccf7b78 mode 2
Event: 71.495 Thread 0x000002a000deeb20 Uncommon trap: trap_request=0xffffffde fr.pc=0x000002a00df4b6a4 relative=0x00000000000009c4
Event: 71.495 Thread 0x000002a000deeb20 Uncommon trap: reason=class_check action=maybe_recompile pc=0x000002a00df4b6a4 method=java.util.Hashtable.put(Ljava/lang/Object;Ljava/lang/Object;)Ljava/lang/Object; @ 18 c2
Event: 71.495 Thread 0x000002a000deeb20 DEOPT PACKING pc=0x000002a00df4b6a4 sp=0x000000a25ccf7bb0
Event: 71.495 Thread 0x000002a000deeb20 DEOPT UNPACKING pc=0x000002a00605e42f sp=0x000000a25ccf7b78 mode 2

Classes unloaded (1 events):
Event: 65.475 Thread 0x000002a01c79e4b0 Unloading class 0x00000001008b6840 'net/bytebuddy/mirror/AccessibleObject'

Classes redefined (0 events):
No events

Internal exceptions (20 events):
Event: 70.237 Thread 0x000002a000deeb20 Exception <a 'java/lang/ClassNotFoundException'{0x00000000859edce8}: java/lang/ObjectCustomizer> (0x00000000859edce8) 
thrown [./open/src/hotspot/share/classfile/systemDictionary.cpp, line 295]
Event: 70.238 Thread 0x000002a000deeb20 Exception <a 'java/lang/ClassNotFoundException'{0x00000000859f8fb0}: org/springframework/cloud/context/named/NamedContextFactoryCustomizer> (0x00000000859f8fb0) 
thrown [./open/src/hotspot/share/classfile/systemDictionary.cpp, line 295]
Event: 70.238 Thread 0x000002a000deeb20 Exception <a 'java/lang/ClassNotFoundException'{0x00000000858097c8}: org/springframework/cloud/openfeign/FeignContextCustomizer> (0x00000000858097c8) 
thrown [./open/src/hotspot/share/classfile/systemDictionary.cpp, line 295]
Event: 70.239 Thread 0x000002a000deeb20 Exception <a 'java/lang/ClassNotFoundException'{0x0000000085819760}: org/springframework/beans/factory/DisposableBeanCustomizer> (0x0000000085819760) 
thrown [./open/src/hotspot/share/classfile/systemDictionary.cpp, line 295]
Event: 70.240 Thread 0x000002a000deeb20 Exception <a 'java/lang/ClassNotFoundException'{0x0000000085821b10}: org/springframework/context/ApplicationContextAwareCustomizer> (0x0000000085821b10) 
thrown [./open/src/hotspot/share/classfile/systemDictionary.cpp, line 295]
Event: 70.240 Thread 0x000002a000deeb20 Exception <a 'java/lang/ClassNotFoundException'{0x000000008582a860}: org/springframework/beans/factory/AwareCustomizer> (0x000000008582a860) 
thrown [./open/src/hotspot/share/classfile/systemDictionary.cpp, line 295]
Event: 70.241 Thread 0x000002a000deeb20 Exception <a 'java/lang/ClassNotFoundException'{0x0000000085836000}: java/lang/ObjectCustomizer> (0x0000000085836000) 
thrown [./open/src/hotspot/share/classfile/systemDictionary.cpp, line 295]
Event: 70.242 Thread 0x000002a000deeb20 Exception <a 'java/lang/ClassNotFoundException'{0x0000000085841278}: org/springframework/cloud/openfeign/FeignClientPropertiesCustomizer> (0x0000000085841278) 
thrown [./open/src/hotspot/share/classfile/systemDictionary.cpp, line 295]
Event: 70.246 Thread 0x000002a000deeb20 Exception <a 'java/lang/ClassNotFoundException'{0x00000000858750e8}: java/lang/ObjectCustomizer> (0x00000000858750e8) 
thrown [./open/src/hotspot/share/classfile/systemDictionary.cpp, line 295]
Event: 70.247 Thread 0x000002a000deeb20 Exception <a 'java/lang/ClassNotFoundException'{0x00000000858807b0}: org/springframework/cloud/openfeign/support/FeignHttpClientPropertiesCustomizer> (0x00000000858807b0) 
thrown [./open/src/hotspot/share/classfile/systemDictionary.cpp, line 295]
Event: 70.251 Thread 0x000002a000deeb20 Exception <a 'java/lang/ClassNotFoundException'{0x00000000858e8c88}: java/lang/ObjectCustomizer> (0x00000000858e8c88) 
thrown [./open/src/hotspot/share/classfile/systemDictionary.cpp, line 295]
Event: 70.253 Thread 0x000002a000deeb20 Exception <a 'java/lang/ClassNotFoundException'{0x00000000858f4210}: org/springframework/cloud/openfeign/support/FeignEncoderPropertiesCustomizer> (0x00000000858f4210) 
thrown [./open/src/hotspot/share/classfile/systemDictionary.cpp, line 295]
Event: 70.382 Thread 0x000002a000deeb20 Exception <a 'java/lang/ClassNotFoundException'{0x000000008553ff00}: java/lang/ObjectCustomizer> (0x000000008553ff00) 
thrown [./open/src/hotspot/share/classfile/systemDictionary.cpp, line 295]
Event: 70.385 Thread 0x000002a000deeb20 Exception <a 'java/lang/ClassNotFoundException'{0x000000008554a670}: com/cts/product/controller/ProductControllerTestCustomizer> (0x000000008554a670) 
thrown [./open/src/hotspot/share/classfile/systemDictionary.cpp, line 295]
Event: 70.645 Thread 0x000002a000deeb20 Exception <a 'java/lang/reflect/InvocationTargetException'{0x0000000085db6d18}> (0x0000000085db6d18) 
thrown [./open/src/hotspot/share/runtime/reflection.cpp, line 1157]
Event: 70.934 Thread 0x000002a000deeb20 Exception <a 'java/lang/NoSuchMethodError'{0x000000008575a4a0}: 'java.lang.Object java.lang.invoke.DirectMethodHandle$Holder.invokeInterface(java.lang.Object, java.lang.Object, java.lang.Object, java.lang.Object)'> (0x000000008575a4a0) 
thrown [./open/src/hotspot/share/interpreter/linkResolver.cpp, line 782]
Event: 71.078 Thread 0x000002a000deeb20 Exception <a 'java/lang/NoSuchMethodError'{0x00000000865d6b08}: 'java.lang.Object java.lang.invoke.DirectMethodHandle$Holder.invokeStaticInit(java.lang.Object, java.lang.Object, java.lang.Object, java.lang.Object, java.lang.Object, java.lang.Object)'> (0x00000000865d6b08) 
thrown [./open/src/hotspot/share/interpreter/linkResolver.cpp, line 782]
Event: 71.150 Thread 0x000002a000deeb20 Exception <a 'java/lang/reflect/InvocationTargetException'{0x000000008623d9d8}> (0x000000008623d9d8) 
thrown [./open/src/hotspot/share/runtime/reflection.cpp, line 1157]
Event: 71.198 Thread 0x000002a000deeb20 Exception <a 'java/lang/ClassNotFoundException'{0x0000000086144920}: java/lang/ObjectCustomizer> (0x0000000086144920) 
thrown [./open/src/hotspot/share/classfile/systemDictionary.cpp, line 295]
Event: 71.199 Thread 0x000002a000deeb20 Exception <a 'java/lang/ClassNotFoundException'{0x000000008614fa80}: com/cts/product/model/ProductCustomizer> (0x000000008614fa80) 
thrown [./open/src/hotspot/share/classfile/systemDictionary.cpp, line 295]

Events (20 events):
Event: 70.732 loading class org/w3c/dom/Document done
Event: 70.809 loading class java/time/format/DateTimePrintContext
Event: 70.809 loading class java/time/format/DateTimePrintContext done
Event: 70.809 loading class java/time/LocalDate$1
Event: 70.809 loading class java/time/LocalDate$1 done
Event: 70.809 loading class java/time/format/DateTimeFormatterBuilder$3
Event: 70.809 loading class java/time/format/DateTimeFormatterBuilder$3 done
Event: 70.810 loading class java/time/LocalTime$1
Event: 70.810 loading class java/time/LocalTime$1 done
Event: 70.949 Executing VM operation: G1CollectForAllocation
Event: 70.957 Executing VM operation: G1CollectForAllocation done
Event: 71.019 Executing VM operation: G1CollectForAllocation
Event: 71.034 Executing VM operation: G1CollectForAllocation done
Event: 71.196 Executing VM operation: HandshakeAllThreads
Event: 71.196 Executing VM operation: HandshakeAllThreads done
Event: 71.197 loading class java/lang/ObjectCustomizer
Event: 71.197 loading class java/lang/ObjectCustomizer done
Event: 71.197 loading class java/lang/ObjectCustomizer
Event: 71.198 loading class java/lang/ObjectCustomizer done
Event: 71.515 Executing VM operation: G1CollectForAllocation


Dynamic libraries:
0x00007ff604050000 - 0x00007ff60405d000 	C:\Users\Vishesh\Downloads\eclipse-jee-2021-03-R-win32-x86_64\eclipse\plugins\org.eclipse.justj.openjdk.hotspot.jre.full.win32.x86_64_15.0.2.v20210201-0955\jre\bin\javaw.exe
0x00007ffc61d10000 - 0x00007ffc61f05000 	C:\WINDOWS\SYSTEM32\ntdll.dll
0x00007ffc60290000 - 0x00007ffc6034d000 	C:\WINDOWS\System32\KERNEL32.DLL
0x00007ffc5f560000 - 0x00007ffc5f828000 	C:\WINDOWS\System32\KERNELBASE.dll
0x00007ffc5f980000 - 0x00007ffc5fa80000 	C:\WINDOWS\System32\ucrtbase.dll
0x00007ffc50310000 - 0x00007ffc50328000 	C:\Users\Vishesh\Downloads\eclipse-jee-2021-03-R-win32-x86_64\eclipse\plugins\org.eclipse.justj.openjdk.hotspot.jre.full.win32.x86_64_15.0.2.v20210201-0955\jre\bin\jli.dll
0x00007ffc3aee0000 - 0x00007ffc3aef9000 	C:\Users\Vishesh\Downloads\eclipse-jee-2021-03-R-win32-x86_64\eclipse\plugins\org.eclipse.justj.openjdk.hotspot.jre.full.win32.x86_64_15.0.2.v20210201-0955\jre\bin\VCRUNTIME140.dll
0x00007ffc5fd80000 - 0x00007ffc5ff20000 	C:\WINDOWS\System32\USER32.dll
0x00007ffc5f530000 - 0x00007ffc5f552000 	C:\WINDOWS\System32\win32u.dll
0x00007ffc4d840000 - 0x00007ffc4dada000 	C:\WINDOWS\WinSxS\amd64_microsoft.windows.common-controls_6595b64144ccf1df_6.0.19041.1052_none_60b8f8fd71f5e8cb\COMCTL32.dll
0x00007ffc61350000 - 0x00007ffc6137a000 	C:\WINDOWS\System32\GDI32.dll
0x00007ffc5fab0000 - 0x00007ffc5fbbb000 	C:\WINDOWS\System32\gdi32full.dll
0x00007ffc60c90000 - 0x00007ffc60d2e000 	C:\WINDOWS\System32\msvcrt.dll
0x00007ffc5f8e0000 - 0x00007ffc5f97d000 	C:\WINDOWS\System32\msvcp_win.dll
0x00007ffc601a0000 - 0x00007ffc601d0000 	C:\WINDOWS\System32\IMM32.DLL
0x00007ffc50ba0000 - 0x00007ffc50bac000 	C:\Users\Vishesh\Downloads\eclipse-jee-2021-03-R-win32-x86_64\eclipse\plugins\org.eclipse.justj.openjdk.hotspot.jre.full.win32.x86_64_15.0.2.v20210201-0955\jre\bin\vcruntime140_1.dll
0x00007ffc1d1b0000 - 0x00007ffc1d241000 	C:\Users\Vishesh\Downloads\eclipse-jee-2021-03-R-win32-x86_64\eclipse\plugins\org.eclipse.justj.openjdk.hotspot.jre.full.win32.x86_64_15.0.2.v20210201-0955\jre\bin\msvcp140.dll
0x00007ffbf5e60000 - 0x00007ffbf69be000 	C:\Users\Vishesh\Downloads\eclipse-jee-2021-03-R-win32-x86_64\eclipse\plugins\org.eclipse.justj.openjdk.hotspot.jre.full.win32.x86_64_15.0.2.v20210201-0955\jre\bin\server\jvm.dll
0x00007ffc616a0000 - 0x00007ffc6174c000 	C:\WINDOWS\System32\ADVAPI32.dll
0x00007ffc5ff20000 - 0x00007ffc5ffbb000 	C:\WINDOWS\System32\sechost.dll
0x00007ffc61430000 - 0x00007ffc6155b000 	C:\WINDOWS\System32\RPCRT4.dll
0x00007ffc60170000 - 0x00007ffc60178000 	C:\WINDOWS\System32\PSAPI.DLL
0x00007ffc50900000 - 0x00007ffc50909000 	C:\WINDOWS\SYSTEM32\WSOCK32.dll
0x00007ffc61100000 - 0x00007ffc6116b000 	C:\WINDOWS\System32\WS2_32.dll
0x00007ffc49040000 - 0x00007ffc49067000 	C:\WINDOWS\SYSTEM32\WINMM.dll
0x00007ffc59690000 - 0x00007ffc5969a000 	C:\WINDOWS\SYSTEM32\VERSION.dll
0x00007ffc5d360000 - 0x00007ffc5d372000 	C:\WINDOWS\SYSTEM32\kernel.appcore.dll
0x00007ffc50640000 - 0x00007ffc5064a000 	C:\Users\Vishesh\Downloads\eclipse-jee-2021-03-R-win32-x86_64\eclipse\plugins\org.eclipse.justj.openjdk.hotspot.jre.full.win32.x86_64_15.0.2.v20210201-0955\jre\bin\jimage.dll
0x00007ffc44bd0000 - 0x00007ffc44db4000 	C:\WINDOWS\SYSTEM32\DBGHELP.DLL
0x00007ffc45440000 - 0x00007ffc4546c000 	C:\WINDOWS\SYSTEM32\dbgcore.DLL
0x00007ffc5f4a0000 - 0x00007ffc5f523000 	C:\WINDOWS\System32\bcryptPrimitives.dll
0x00007ffc50360000 - 0x00007ffc5036e000 	C:\Users\Vishesh\Downloads\eclipse-jee-2021-03-R-win32-x86_64\eclipse\plugins\org.eclipse.justj.openjdk.hotspot.jre.full.win32.x86_64_15.0.2.v20210201-0955\jre\bin\instrument.dll
0x00007ffc50330000 - 0x00007ffc50355000 	C:\Users\Vishesh\Downloads\eclipse-jee-2021-03-R-win32-x86_64\eclipse\plugins\org.eclipse.justj.openjdk.hotspot.jre.full.win32.x86_64_15.0.2.v20210201-0955\jre\bin\java.dll
0x00007ffc4fcd0000 - 0x00007ffc4fce8000 	C:\Users\Vishesh\Downloads\eclipse-jee-2021-03-R-win32-x86_64\eclipse\plugins\org.eclipse.justj.openjdk.hotspot.jre.full.win32.x86_64_15.0.2.v20210201-0955\jre\bin\zip.dll
0x00007ffc60350000 - 0x00007ffc60a8f000 	C:\WINDOWS\System32\SHELL32.dll
0x00007ffc5d560000 - 0x00007ffc5dcf0000 	C:\WINDOWS\SYSTEM32\windows.storage.dll
0x00007ffc60d90000 - 0x00007ffc610e5000 	C:\WINDOWS\System32\combase.dll
0x00007ffc5ed20000 - 0x00007ffc5ed4c000 	C:\WINDOWS\SYSTEM32\Wldp.dll
0x00007ffc612a0000 - 0x00007ffc6134e000 	C:\WINDOWS\System32\SHCORE.dll
0x00007ffc60d30000 - 0x00007ffc60d85000 	C:\WINDOWS\System32\shlwapi.dll
0x00007ffc5f390000 - 0x00007ffc5f3af000 	C:\WINDOWS\SYSTEM32\profapi.dll
0x00007ffc4fcb0000 - 0x00007ffc4fcc9000 	C:\Users\Vishesh\Downloads\eclipse-jee-2021-03-R-win32-x86_64\eclipse\plugins\org.eclipse.justj.openjdk.hotspot.jre.full.win32.x86_64_15.0.2.v20210201-0955\jre\bin\net.dll
0x00007ffc513b0000 - 0x00007ffc514bb000 	C:\WINDOWS\SYSTEM32\WINHTTP.dll
0x00007ffc5eb00000 - 0x00007ffc5eb6a000 	C:\WINDOWS\system32\mswsock.dll
0x00007ffc4fc90000 - 0x00007ffc4fca2000 	C:\Users\Vishesh\Downloads\eclipse-jee-2021-03-R-win32-x86_64\eclipse\plugins\org.eclipse.justj.openjdk.hotspot.jre.full.win32.x86_64_15.0.2.v20210201-0955\jre\bin\nio.dll
0x00007ffc50060000 - 0x00007ffc50070000 	C:\Users\Vishesh\Downloads\eclipse-jee-2021-03-R-win32-x86_64\eclipse\plugins\org.eclipse.justj.openjdk.hotspot.jre.full.win32.x86_64_15.0.2.v20210201-0955\jre\bin\verify.dll
0x00007ffc3fd50000 - 0x00007ffc3fd67000 	C:\WINDOWS\system32\napinsp.dll
0x00007ffc3fd30000 - 0x00007ffc3fd4b000 	C:\WINDOWS\system32\pnrpnsp.dll
0x00007ffc5a0c0000 - 0x00007ffc5a0d5000 	C:\WINDOWS\system32\wshbth.dll
0x00007ffc5ae60000 - 0x00007ffc5ae7d000 	C:\WINDOWS\system32\NLAapi.dll
0x00007ffc5e810000 - 0x00007ffc5e84b000 	C:\WINDOWS\SYSTEM32\IPHLPAPI.DLL
0x00007ffc5e850000 - 0x00007ffc5e91c000 	C:\WINDOWS\SYSTEM32\DNSAPI.dll
0x00007ffc61560000 - 0x00007ffc61568000 	C:\WINDOWS\System32\NSI.dll
0x00007ffc3fd10000 - 0x00007ffc3fd22000 	C:\WINDOWS\System32\winrnr.dll
0x00007ffc56190000 - 0x00007ffc5619a000 	C:\Windows\System32\rasadhlp.dll
0x00007ffc4c4a0000 - 0x00007ffc4c51f000 	C:\WINDOWS\System32\fwpuclnt.dll
0x00007ffc5fa80000 - 0x00007ffc5faa7000 	C:\WINDOWS\System32\bcrypt.dll
0x00007ffc4de50000 - 0x00007ffc4de67000 	C:\WINDOWS\SYSTEM32\dhcpcsvc6.DLL
0x00007ffc4e7d0000 - 0x00007ffc4e7ed000 	C:\WINDOWS\SYSTEM32\dhcpcsvc.DLL
0x00007ffc4f810000 - 0x00007ffc4f819000 	C:\Users\Vishesh\Downloads\eclipse-jee-2021-03-R-win32-x86_64\eclipse\plugins\org.eclipse.justj.openjdk.hotspot.jre.full.win32.x86_64_15.0.2.v20210201-0955\jre\bin\management.dll
0x00007ffc4edf0000 - 0x00007ffc4edfb000 	C:\Users\Vishesh\Downloads\eclipse-jee-2021-03-R-win32-x86_64\eclipse\plugins\org.eclipse.justj.openjdk.hotspot.jre.full.win32.x86_64_15.0.2.v20210201-0955\jre\bin\management_ext.dll
0x00007ffc5ed60000 - 0x00007ffc5ed78000 	C:\WINDOWS\SYSTEM32\CRYPTSP.dll
0x00007ffc5e4c0000 - 0x00007ffc5e4f4000 	C:\WINDOWS\system32\rsaenh.dll
0x00007ffc5f350000 - 0x00007ffc5f37e000 	C:\WINDOWS\SYSTEM32\USERENV.dll
0x00007ffc5ec80000 - 0x00007ffc5ec8c000 	C:\WINDOWS\SYSTEM32\CRYPTBASE.dll

dbghelp: loaded successfully - version: 4.0.5 - missing functions: none
symbol engine: initialized successfully - sym options: 0x614 - pdb path: .;C:\Users\Vishesh\Downloads\eclipse-jee-2021-03-R-win32-x86_64\eclipse\plugins\org.eclipse.justj.openjdk.hotspot.jre.full.win32.x86_64_15.0.2.v20210201-0955\jre\bin;C:\WINDOWS\SYSTEM32;C:\WINDOWS\WinSxS\amd64_microsoft.windows.common-controls_6595b64144ccf1df_6.0.19041.1052_none_60b8f8fd71f5e8cb;C:\Users\Vishesh\Downloads\eclipse-jee-2021-03-R-win32-x86_64\eclipse\plugins\org.eclipse.justj.openjdk.hotspot.jre.full.win32.x86_64_15.0.2.v20210201-0955\jre\bin\server

VM Arguments:
jvm_args: -javaagent:C:\Users\Vishesh\Downloads\eclipse-jee-2021-03-R-win32-x86_64\eclipse\configuration\org.eclipse.osgi\899\0\.cp\jacocoagent.jar=includes=*,excludes=,exclclassloader=sun.reflect.DelegatingClassLoader,output=tcpclient,port=57760 -ea -Dfile.encoding=UTF-8 -XX:+ShowCodeDetailsInExceptionMessages 
java_command: org.eclipse.jdt.internal.junit.runner.RemoteTestRunner -version 3 -port 57761 -testLoaderClass org.eclipse.jdt.internal.junit5.runner.JUnit5TestLoader -loaderpluginname org.eclipse.jdt.junit5.runtime -packageNameFile C:\Users\Vishesh\AppData\Local\Temp\packageNames12127851595945811215.txt
java_class_path (initial): C:\Users\Vishesh\eclipse-workspace4\Product-Microservice\target\test-classes;C:\Users\Vishesh\eclipse-workspace4\Product-Microservice\target\classes;C:\Users\Vishesh\.m2\repository\org\springframework\boot\spring-boot-starter-web\2.4.2\spring-boot-starter-web-2.4.2.jar;C:\Users\Vishesh\.m2\repository\org\springframework\boot\spring-boot-starter\2.4.2\spring-boot-starter-2.4.2.jar;C:\Users\Vishesh\.m2\repository\org\springframework\boot\spring-boot-starter-logging\2.4.2\spring-boot-starter-logging-2.4.2.jar;C:\Users\Vishesh\.m2\repository\ch\qos\logback\logback-classic\1.2.3\logback-classic-1.2.3.jar;C:\Users\Vishesh\.m2\repository\ch\qos\logback\logback-core\1.2.3\logback-core-1.2.3.jar;C:\Users\Vishesh\.m2\repository\org\apache\logging\log4j\log4j-to-slf4j\2.13.3\log4j-to-slf4j-2.13.3.jar;C:\Users\Vishesh\.m2\repository\org\apache\logging\log4j\log4j-api\2.13.3\log4j-api-2.13.3.jar;C:\Users\Vishesh\.m2\repository\org\slf4j\jul-to-slf4j\1.7.30\jul-to-slf4j-1.7.30.jar;C:\Users\Vishesh\.m2\repository\jakarta\annotation\jakarta.annotation-api\1.3.5\jakarta.annotation-api-1.3.5.jar;C:\Users\Vishesh\.m2\repository\org\yaml\snakeyaml\1.27\snakeyaml-1.27.jar;C:\Users\Vishesh\.m2\repository\org\springframework\boot\spring-boot-starter-json\2.4.2\spring-boot-starter-json-2.4.2.jar;C:\Users\Vishesh\.m2\repository\com\fasterxml\jackson\core\jackson-databind\2.11.4\jackson-databind-2.11.4.jar;C:\Users\Vishesh\.m2\repository\com\fasterxml\jackson\core\jackson-core\2.11.4\jackson-core-2.11.4.jar;C:\Users\Vishesh\.m2\repository\com\fasterxml\jackson\datatype\jackson-datatype-jdk8\2.11.4\jackson-datatype-jdk8-2.11.4.jar;C:\Users\Vishesh\.m2\repository\com\fasterxml\jackson\datatype\jackson-datatype-jsr310\2.11.4\jackson-datatype-jsr310-2.11.4.jar;C:\Users\Vishesh\.m2\repository\com\fasterxml\jackson\module\jackson-module-parameter-names\2.11.4\jackson-module-parameter-names-2.11.4.jar;C:\Users\Vishesh\.m2\repository\org\springframework\boot\spring-boot-
Launcher Type: SUN_STANDARD

[Global flags]
     intx CICompilerCount                          = 3                                         {product} {ergonomic}
     uint ConcGCThreads                            = 1                                         {product} {ergonomic}
     uint G1ConcRefinementThreads                  = 4                                         {product} {ergonomic}
   size_t G1HeapRegionSize                         = 1048576                                   {product} {ergonomic}
    uintx GCDrainStackTargetSize                   = 64                                        {product} {ergonomic}
   size_t InitialHeapSize                          = 134217728                                 {product} {ergonomic}
   size_t MarkStackSize                            = 4194304                                   {product} {ergonomic}
   size_t MaxHeapSize                              = 2122317824                                {product} {ergonomic}
   size_t MaxNewSize                               = 1272971264                                {product} {ergonomic}
   size_t MinHeapDeltaBytes                        = 1048576                                   {product} {ergonomic}
   size_t MinHeapSize                              = 8388608                                   {product} {ergonomic}
    uintx NonNMethodCodeHeapSize                   = 5832780                                {pd product} {ergonomic}
    uintx NonProfiledCodeHeapSize                  = 122912730                              {pd product} {ergonomic}
    uintx ProfiledCodeHeapSize                     = 122912730                              {pd product} {ergonomic}
    uintx ReservedCodeCacheSize                    = 251658240                              {pd product} {ergonomic}
     bool SegmentedCodeCache                       = true                                      {product} {ergonomic}
     bool ShowCodeDetailsInExceptionMessages       = true                                   {manageable} {command line}
   size_t SoftMaxHeapSize                          = 2122317824                             {manageable} {ergonomic}
     bool UseCompressedClassPointers               = true                                 {lp64_product} {ergonomic}
     bool UseCompressedOops                        = true                                 {lp64_product} {ergonomic}
     bool UseG1GC                                  = true                                      {product} {ergonomic}
     bool UseLargePagesIndividualAllocation        = false                                  {pd product} {ergonomic}

Logging:
Log output configuration:
 #0: stdout all=warning uptime,level,tags
 #1: stderr all=off uptime,level,tags

Environment Variables:
JAVA_HOME=C:\Program Files\Java\jdk1.8.0_291
PATH=C:/Users/Vishesh/Downloads/eclipse-jee-2021-03-R-win32-x86_64/eclipse//plugins/org.eclipse.justj.openjdk.hotspot.jre.full.win32.x86_64_15.0.2.v20210201-0955/jre/bin/server;C:/Users/Vishesh/Downloads/eclipse-jee-2021-03-R-win32-x86_64/eclipse//plugins/org.eclipse.justj.openjdk.hotspot.jre.full.win32.x86_64_15.0.2.v20210201-0955/jre/bin;C:\Program Files\Common Files\Oracle\Java\javapath;C:\Program Files (x86)\Common Files\Oracle\Java\javapath;C:\Users\Vishesh\Downloads\apache-maven-3.8.1-bin\apache-maven-3.8.1\bin;C:\Program Files\Java\jdk1.8.0_291\bin;C:\Program Files\Java\jre1.8.0_291\bin;C:\Program Files\nodejs\;C:\Program Files\Docker\Docker\resources\bin;C:\ProgramData\DockerDesktop\version-bin;C:\Users\Vishesh\Anaconda3;C:\Users\Vishesh\Anaconda3\Library\mingw-w64\bin;C:\Users\Vishesh\Anaconda3\Library\usr\bin;C:\Users\Vishesh\Anaconda3\Library\bin;C:\Users\Vishesh\Anaconda3\Scripts;C:\Users\Vishesh\AppData\Local\Programs\Python\Python38\Scripts\;C:\Users\Vishesh\AppData\Local\Programs\Python\Python38\;C:\Program Files\MySQL\MySQL Shell 8.0\bin\;C:\Users\Vishesh\AppData\Local\Microsoft\WindowsApps;C:\Users\Vishesh\Downloads\apache-maven-3.8.1-bin\apache-maven-3.8.1\bin;C:\Program Files\Java\jdk1.8.0_191\bin;C:\Users\Vishesh\AppData\Roaming\npm;C:\Users\Vishesh\AppData\Local\Programs\Microsoft VS Code\bin;C:\Users\Vishesh\Downloads\eclipse-jee-2021-03-R-win32-x86_64\eclipse;
USERNAME=Vishesh
OS=Windows_NT
PROCESSOR_IDENTIFIER=Intel64 Family 6 Model 142 Stepping 9, GenuineIntel



---------------  S Y S T E M  ---------------

OS:
 Windows 10 , 64 bit Build 19041 (10.0.19041.1023)
OS uptime: 12 days 6:08 hours
HyperV virtualization detected

CPU: total 4 (initial active 4) (2 cores per cpu, 2 threads per core) family 6 model 142 stepping 9 microcode 0xde, cmov, cx8, fxsr, mmx, sse, sse2, sse3, ssse3, sse4.1, sse4.2, popcnt, vzeroupper, avx, avx2, aes, clmul, erms, 3dnowpref, lzcnt, ht, tsc, tscinvbit, bmi1, bmi2, adx, fma, clflush, clflushopt

Memory: 4k page, system-wide physical 8090M (292M free)
TotalPageFile size 32666M (AvailPageFile size 13M)
current process WorkingSet (physical memory assigned to process): 283M, peak: 286M
current process commit charge ("private bytes"): 324M, peak: 341M

vm_info: OpenJDK 64-Bit Server VM (15.0.2+7-27) for windows-amd64 JRE (15.0.2+7-27), built on Dec  7 2020 20:02:38 by "mach5one" with unknown MS VC++:1925

END.
