2021-06-16_10-47-15 [restartedMain] INFO  c.c.a.AuthorizatiionMicroserviceApplication - Starting AuthorizatiionMicroserviceApplication using Java 15.0.2 on DESKTOP-SLDQ587 with PID 23864 (C:\Users\Vishesh\eclipse-workspace3\CDE-Project-International-Patients-treatment-management\CDE-Project-International-Patients-treatment-management\Authorizatiion-Microservice\target\classes started by Vishesh in C:\Users\Vishesh\eclipse-workspace3\CDE-Project-International-Patients-treatment-management\CDE-Project-International-Patients-treatment-management\Authorizatiion-Microservice)
2021-06-16_10-47-15 [restartedMain] INFO  c.c.a.AuthorizatiionMicroserviceApplication - No active profile set, falling back to default profiles: default
2021-06-16_10-47-15 [restartedMain] INFO  o.s.b.d.e.DevToolsPropertyDefaultsPostProcessor - Devtools property defaults active! Set 'spring.devtools.add-properties' to 'false' to disable
2021-06-16_10-47-15 [restartedMain] INFO  o.s.b.d.e.DevToolsPropertyDefaultsPostProcessor - For additional web related logging consider setting the 'logging.level.web' property to 'DEBUG'
2021-06-16_10-47-15 [restartedMain] INFO  o.s.d.r.c.RepositoryConfigurationDelegate - Bootstrapping Spring Data JPA repositories in DEFAULT mode.
2021-06-16_10-47-15 [restartedMain] INFO  o.s.d.r.c.RepositoryConfigurationDelegate - Finished Spring Data repository scanning in 75 ms. Found 1 JPA repository interfaces.
2021-06-16_10-47-15 [restartedMain] INFO  o.s.cloud.context.scope.GenericScope - BeanFactory id=edea1387-1a2d-33de-8525-4ed44fa6e3e5
2021-06-16_10-47-15 [restartedMain] INFO  o.s.b.w.e.tomcat.TomcatWebServer - Tomcat initialized with port(s): 8000 (http)
2021-06-16_10-47-15 [restartedMain] INFO  o.a.coyote.http11.Http11NioProtocol - Initializing ProtocolHandler ["http-nio-8000"]
2021-06-16_10-47-15 [restartedMain] INFO  o.a.catalina.core.StandardService - Starting service [Tomcat]
2021-06-16_10-47-15 [restartedMain] INFO  o.a.catalina.core.StandardEngine - Starting Servlet engine: [Apache Tomcat/9.0.41]
2021-06-16_10-47-15 [restartedMain] INFO  o.a.c.c.C.[.[localhost].[/auth] - Initializing Spring embedded WebApplicationContext
2021-06-16_10-47-15 [restartedMain] INFO  o.s.b.w.s.c.ServletWebServerApplicationContext - Root WebApplicationContext: initialization completed in 3630 ms
2021-06-16_10-47-15 [restartedMain] INFO  com.zaxxer.hikari.HikariDataSource - HikariPool-1 - Starting...
2021-06-16_10-47-15 [restartedMain] INFO  com.zaxxer.hikari.HikariDataSource - HikariPool-1 - Start completed.
2021-06-16_10-47-15 [restartedMain] INFO  o.s.b.a.h.H2ConsoleAutoConfiguration - H2 console available at '/db'. Database available at 'jdbc:h2:mem:testdb'
2021-06-16_10-47-15 [restartedMain] INFO  o.h.jpa.internal.util.LogHelper - HHH000204: Processing PersistenceUnitInfo [name: default]
2021-06-16_10-47-15 [restartedMain] INFO  org.hibernate.Version - HHH000412: Hibernate ORM core version 5.4.27.Final
2021-06-16_10-47-15 [restartedMain] INFO  o.h.annotations.common.Version - HCANN000001: Hibernate Commons Annotations {5.1.2.Final}
2021-06-16_10-47-15 [restartedMain] INFO  org.hibernate.dialect.Dialect - HHH000400: Using dialect: org.hibernate.dialect.H2Dialect
2021-06-16_10-47-15 [restartedMain] INFO  o.h.e.t.j.p.i.JtaPlatformInitiator - HHH000490: Using JtaPlatform implementation: [org.hibernate.engine.transaction.jta.platform.internal.NoJtaPlatform]
2021-06-16_10-47-15 [restartedMain] INFO  o.s.o.j.LocalContainerEntityManagerFactoryBean - Initialized JPA EntityManagerFactory for persistence unit 'default'
2021-06-16_10-47-15 [restartedMain] INFO  o.s.b.d.a.OptionalLiveReloadServer - LiveReload server is running on port 35729
2021-06-16_10-47-15 [restartedMain] INFO  s.d.s.w.PropertySourcedRequestMappingHandlerMapping - Mapped URL path [/v2/api-docs] onto method [springfox.documentation.swagger2.web.Swagger2Controller#getDocumentation(String, HttpServletRequest)]
2021-06-16_10-47-15 [restartedMain] INFO  o.s.s.web.DefaultSecurityFilterChain - Will secure any request with [org.springframework.security.web.context.request.async.WebAsyncManagerIntegrationFilter@46c8d09f, org.springframework.security.web.context.SecurityContextPersistenceFilter@12faeca8, org.springframework.security.web.header.HeaderWriterFilter@1ec52b63, org.springframework.security.web.authentication.logout.LogoutFilter@72ea39ca, com.cts.authorization.config.JwtRequestFilter@4386159, org.springframework.security.web.savedrequest.RequestCacheAwareFilter@5f6fe172, org.springframework.security.web.servletapi.SecurityContextHolderAwareRequestFilter@680daed0, org.springframework.security.web.authentication.AnonymousAuthenticationFilter@737fb160, org.springframework.security.web.session.SessionManagementFilter@1f91caaa, org.springframework.security.web.access.ExceptionTranslationFilter@2c660139, org.springframework.security.web.access.intercept.FilterSecurityInterceptor@6af2e4f6]
2021-06-16_10-47-15 [restartedMain] INFO  o.s.s.c.ThreadPoolTaskExecutor - Initializing ExecutorService 'applicationTaskExecutor'
2021-06-16_10-47-15 [restartedMain] INFO  o.a.coyote.http11.Http11NioProtocol - Starting ProtocolHandler ["http-nio-8000"]
2021-06-16_10-47-15 [restartedMain] INFO  o.s.b.w.e.tomcat.TomcatWebServer - Tomcat started on port(s): 8000 (http) with context path '/auth'
2021-06-16_10-47-15 [restartedMain] INFO  s.d.s.w.p.DocumentationPluginsBootstrapper - Context refreshed
2021-06-16_10-47-15 [restartedMain] INFO  s.d.s.w.p.DocumentationPluginsBootstrapper - Found 1 custom documentation plugin(s)
2021-06-16_10-47-15 [restartedMain] INFO  s.d.s.w.s.ApiListingReferenceScanner - Scanning for api listing references
2021-06-16_10-47-15 [restartedMain] INFO  c.c.a.AuthorizatiionMicroserviceApplication - Started AuthorizatiionMicroserviceApplication in 10.91 seconds (JVM running for 13.315)
2021-06-16_10-47-15 [http-nio-8000-exec-7] INFO  o.a.c.c.C.[.[localhost].[/auth] - Initializing Spring DispatcherServlet 'dispatcherServlet'
2021-06-16_10-47-15 [http-nio-8000-exec-7] INFO  o.s.web.servlet.DispatcherServlet - Initializing Servlet 'dispatcherServlet'
2021-06-16_10-47-15 [http-nio-8000-exec-7] INFO  o.s.web.servlet.DispatcherServlet - Completed initialization in 5 ms
2021-06-16_10-47-15 [http-nio-8000-exec-3] INFO  c.c.a.service.JwtUserDetailsService - User found
2021-06-16_10-47-15 [http-nio-8000-exec-3] INFO  c.c.a.service.JwtUserDetailsService - user successfully located
2021-06-16_10-47-15 [http-nio-8000-exec-5] INFO  c.c.a.service.JwtUserDetailsService - User found
2021-06-16_10-47-15 [http-nio-8000-exec-5] INFO  c.c.a.service.JwtUserDetailsService - user successfully located
2021-06-16_10-47-15 [http-nio-8000-exec-5] INFO  c.c.a.service.JwtUserDetailsService - User found
2021-06-16_10-47-15 [http-nio-8000-exec-5] INFO  c.c.a.service.JwtUserDetailsService - user successfully located
2021-06-16_10-47-15 [http-nio-8000-exec-6] INFO  c.c.a.service.JwtUserDetailsService - User found
2021-06-16_10-47-15 [http-nio-8000-exec-6] INFO  c.c.a.service.JwtUserDetailsService - user successfully located
2021-06-16_10-47-15 [http-nio-8000-exec-7] INFO  c.c.a.service.JwtUserDetailsService - User found
2021-06-16_10-47-15 [http-nio-8000-exec-7] INFO  c.c.a.service.JwtUserDetailsService - user successfully located
2021-06-16_10-47-15 [Thread-6] INFO  o.s.s.c.ThreadPoolTaskExecutor - Shutting down ExecutorService 'applicationTaskExecutor'
2021-06-16_10-47-15 [Thread-6] INFO  o.s.o.j.LocalContainerEntityManagerFactoryBean - Closing JPA EntityManagerFactory for persistence unit 'default'
2021-06-16_10-47-15 [Thread-6] INFO  o.h.t.s.i.SchemaDropperImpl$DelayedDropActionImpl - HHH000477: Starting delayed evictData of schema as part of SessionFactory shut-down'
2021-06-16_10-47-15 [Thread-6] INFO  com.zaxxer.hikari.HikariDataSource - HikariPool-1 - Shutdown initiated...
2021-06-16_10-47-15 [Thread-6] INFO  com.zaxxer.hikari.HikariDataSource - HikariPool-1 - Shutdown completed.
2021-06-16_11-40-38 [restartedMain] INFO  c.c.a.AuthorizatiionMicroserviceApplication - Starting AuthorizatiionMicroserviceApplication using Java 15.0.2 on DESKTOP-SLDQ587 with PID 23864 (C:\Users\Vishesh\eclipse-workspace3\CDE-Project-International-Patients-treatment-management\CDE-Project-International-Patients-treatment-management\Authorizatiion-Microservice\target\classes started by Vishesh in C:\Users\Vishesh\eclipse-workspace3\CDE-Project-International-Patients-treatment-management\CDE-Project-International-Patients-treatment-management\Authorizatiion-Microservice)
2021-06-16_11-40-38 [restartedMain] INFO  c.c.a.AuthorizatiionMicroserviceApplication - No active profile set, falling back to default profiles: default
2021-06-16_11-40-38 [restartedMain] INFO  o.s.d.r.c.RepositoryConfigurationDelegate - Bootstrapping Spring Data JPA repositories in DEFAULT mode.
2021-06-16_11-40-38 [restartedMain] INFO  o.s.d.r.c.RepositoryConfigurationDelegate - Finished Spring Data repository scanning in 83 ms. Found 1 JPA repository interfaces.
2021-06-16_11-40-38 [restartedMain] INFO  o.s.cloud.context.scope.GenericScope - BeanFactory id=edea1387-1a2d-33de-8525-4ed44fa6e3e5
2021-06-16_11-40-38 [restartedMain] INFO  o.s.b.w.e.tomcat.TomcatWebServer - Tomcat initialized with port(s): 8000 (http)
2021-06-16_11-40-38 [restartedMain] INFO  o.a.catalina.core.StandardService - Starting service [Tomcat]
2021-06-16_11-40-38 [restartedMain] INFO  o.a.catalina.core.StandardEngine - Starting Servlet engine: [Apache Tomcat/9.0.41]
2021-06-16_11-40-38 [restartedMain] INFO  o.a.c.c.C.[.[localhost].[/auth] - Initializing Spring embedded WebApplicationContext
2021-06-16_11-40-38 [restartedMain] INFO  o.s.b.w.s.c.ServletWebServerApplicationContext - Root WebApplicationContext: initialization completed in 5733 ms
2021-06-16_11-40-38 [restartedMain] INFO  com.zaxxer.hikari.HikariDataSource - HikariPool-5 - Starting...
2021-06-16_11-40-38 [restartedMain] INFO  com.zaxxer.hikari.HikariDataSource - HikariPool-5 - Start completed.
2021-06-16_11-40-38 [restartedMain] INFO  o.s.b.a.h.H2ConsoleAutoConfiguration - H2 console available at '/db'. Database available at 'jdbc:h2:mem:testdb'
2021-06-16_11-40-38 [restartedMain] INFO  o.h.jpa.internal.util.LogHelper - HHH000204: Processing PersistenceUnitInfo [name: default]
2021-06-16_11-40-38 [restartedMain] INFO  org.hibernate.dialect.Dialect - HHH000400: Using dialect: org.hibernate.dialect.H2Dialect
2021-06-16_11-40-38 [restartedMain] INFO  o.h.e.t.j.p.i.JtaPlatformInitiator - HHH000490: Using JtaPlatform implementation: [org.hibernate.engine.transaction.jta.platform.internal.NoJtaPlatform]
2021-06-16_11-40-38 [restartedMain] INFO  o.s.o.j.LocalContainerEntityManagerFactoryBean - Initialized JPA EntityManagerFactory for persistence unit 'default'
2021-06-16_11-40-38 [restartedMain] INFO  o.s.b.d.a.OptionalLiveReloadServer - LiveReload server is running on port 35729
2021-06-16_11-40-38 [restartedMain] INFO  s.d.s.w.PropertySourcedRequestMappingHandlerMapping - Mapped URL path [/v2/api-docs] onto method [springfox.documentation.swagger2.web.Swagger2Controller#getDocumentation(String, HttpServletRequest)]
2021-06-16_11-40-38 [restartedMain] INFO  o.s.s.web.DefaultSecurityFilterChain - Will secure any request with [org.springframework.security.web.context.request.async.WebAsyncManagerIntegrationFilter@1dcf312c, org.springframework.security.web.context.SecurityContextPersistenceFilter@7a753441, org.springframework.security.web.header.HeaderWriterFilter@6699fad3, org.springframework.security.web.authentication.logout.LogoutFilter@206bca9, com.cts.authorization.config.JwtRequestFilter@4a601506, org.springframework.security.web.savedrequest.RequestCacheAwareFilter@279d507c, org.springframework.security.web.servletapi.SecurityContextHolderAwareRequestFilter@e7b793e, org.springframework.security.web.authentication.AnonymousAuthenticationFilter@1d610423, org.springframework.security.web.session.SessionManagementFilter@3da5e3ba, org.springframework.security.web.access.ExceptionTranslationFilter@5800b6ad, org.springframework.security.web.access.intercept.FilterSecurityInterceptor@5c47b74]
2021-06-16_11-40-38 [restartedMain] INFO  o.s.s.c.ThreadPoolTaskExecutor - Initializing ExecutorService 'applicationTaskExecutor'
2021-06-16_11-40-38 [restartedMain] INFO  o.s.b.w.e.tomcat.TomcatWebServer - Tomcat started on port(s): 8000 (http) with context path '/auth'
2021-06-16_11-40-38 [restartedMain] INFO  s.d.s.w.p.DocumentationPluginsBootstrapper - Context refreshed
2021-06-16_11-40-38 [restartedMain] INFO  s.d.s.w.p.DocumentationPluginsBootstrapper - Found 1 custom documentation plugin(s)
2021-06-16_11-40-38 [restartedMain] INFO  s.d.s.w.s.ApiListingReferenceScanner - Scanning for api listing references
2021-06-16_11-40-38 [restartedMain] INFO  c.c.a.AuthorizatiionMicroserviceApplication - Started AuthorizatiionMicroserviceApplication in 13.748 seconds (JVM running for 3218.984)
2021-06-16_11-40-38 [restartedMain] INFO  o.s.b.d.a.ConditionEvaluationDeltaLoggingListener - Condition evaluation unchanged
2021-06-16_11-40-38 [http-nio-8000-exec-2] INFO  o.a.c.c.C.[.[localhost].[/auth] - Initializing Spring DispatcherServlet 'dispatcherServlet'
2021-06-16_11-40-38 [http-nio-8000-exec-2] INFO  o.s.web.servlet.DispatcherServlet - Initializing Servlet 'dispatcherServlet'
2021-06-16_11-40-38 [http-nio-8000-exec-2] INFO  o.s.web.servlet.DispatcherServlet - Completed initialization in 5 ms
2021-06-16_11-40-38 [http-nio-8000-exec-2] INFO  c.c.a.service.JwtUserDetailsService - User found
2021-06-16_11-40-38 [http-nio-8000-exec-2] INFO  c.c.a.service.JwtUserDetailsService - user successfully located
2021-06-16_11-40-38 [http-nio-8000-exec-2] INFO  c.c.a.service.JwtUserDetailsService - User found
2021-06-16_11-40-38 [http-nio-8000-exec-2] INFO  c.c.a.service.JwtUserDetailsService - user successfully located
2021-06-16_11-40-38 [http-nio-8000-exec-3] INFO  c.c.a.service.JwtUserDetailsService - User found
2021-06-16_11-40-38 [http-nio-8000-exec-3] INFO  c.c.a.service.JwtUserDetailsService - user successfully located
2021-06-16_11-40-38 [http-nio-8000-exec-5] INFO  c.c.a.service.JwtUserDetailsService - User found
2021-06-16_11-40-38 [http-nio-8000-exec-5] INFO  c.c.a.service.JwtUserDetailsService - user successfully located
2021-06-16_11-55-41 [restartedMain] INFO  c.c.a.AuthorizatiionMicroserviceApplication - Starting AuthorizatiionMicroserviceApplication using Java 15.0.2 on DESKTOP-SLDQ587 with PID 26060 (C:\Users\Vishesh\eclipse-workspace4\Authorizatiion-Microservice\target\classes started by Vishesh in C:\Users\Vishesh\eclipse-workspace4\Authorizatiion-Microservice)
2021-06-16_11-55-41 [restartedMain] INFO  c.c.a.AuthorizatiionMicroserviceApplication - No active profile set, falling back to default profiles: default
2021-06-16_11-55-41 [restartedMain] INFO  o.s.b.d.e.DevToolsPropertyDefaultsPostProcessor - Devtools property defaults active! Set 'spring.devtools.add-properties' to 'false' to disable
2021-06-16_11-55-41 [restartedMain] INFO  o.s.b.d.e.DevToolsPropertyDefaultsPostProcessor - For additional web related logging consider setting the 'logging.level.web' property to 'DEBUG'
2021-06-16_11-55-41 [restartedMain] INFO  o.s.d.r.c.RepositoryConfigurationDelegate - Bootstrapping Spring Data JPA repositories in DEFAULT mode.
2021-06-16_11-55-41 [restartedMain] INFO  o.s.d.r.c.RepositoryConfigurationDelegate - Finished Spring Data repository scanning in 110 ms. Found 1 JPA repository interfaces.
2021-06-16_11-55-41 [restartedMain] INFO  o.s.cloud.context.scope.GenericScope - BeanFactory id=edea1387-1a2d-33de-8525-4ed44fa6e3e5
2021-06-16_11-55-41 [restartedMain] INFO  o.s.b.w.e.tomcat.TomcatWebServer - Tomcat initialized with port(s): 8000 (http)
2021-06-16_11-55-41 [restartedMain] INFO  o.a.coyote.http11.Http11NioProtocol - Initializing ProtocolHandler ["http-nio-8000"]
2021-06-16_11-55-41 [restartedMain] INFO  o.a.catalina.core.StandardService - Starting service [Tomcat]
2021-06-16_11-55-41 [restartedMain] INFO  o.a.catalina.core.StandardEngine - Starting Servlet engine: [Apache Tomcat/9.0.41]
2021-06-16_11-55-41 [restartedMain] INFO  o.a.c.c.C.[.[localhost].[/auth] - Initializing Spring embedded WebApplicationContext
2021-06-16_11-55-41 [restartedMain] INFO  o.s.b.w.s.c.ServletWebServerApplicationContext - Root WebApplicationContext: initialization completed in 5442 ms
2021-06-16_11-55-41 [restartedMain] INFO  com.zaxxer.hikari.HikariDataSource - HikariPool-1 - Starting...
2021-06-16_11-55-41 [restartedMain] INFO  com.zaxxer.hikari.HikariDataSource - HikariPool-1 - Start completed.
2021-06-16_11-55-41 [restartedMain] INFO  o.s.b.a.h.H2ConsoleAutoConfiguration - H2 console available at '/db'. Database available at 'jdbc:h2:mem:testdb'
2021-06-16_11-55-41 [restartedMain] INFO  o.h.jpa.internal.util.LogHelper - HHH000204: Processing PersistenceUnitInfo [name: default]
2021-06-16_11-55-41 [restartedMain] INFO  org.hibernate.Version - HHH000412: Hibernate ORM core version 5.4.27.Final
2021-06-16_11-55-41 [restartedMain] INFO  o.h.annotations.common.Version - HCANN000001: Hibernate Commons Annotations {5.1.2.Final}
2021-06-16_11-55-41 [restartedMain] INFO  org.hibernate.dialect.Dialect - HHH000400: Using dialect: org.hibernate.dialect.H2Dialect
2021-06-16_11-55-41 [restartedMain] INFO  o.h.e.t.j.p.i.JtaPlatformInitiator - HHH000490: Using JtaPlatform implementation: [org.hibernate.engine.transaction.jta.platform.internal.NoJtaPlatform]
2021-06-16_11-55-41 [restartedMain] INFO  o.s.o.j.LocalContainerEntityManagerFactoryBean - Initialized JPA EntityManagerFactory for persistence unit 'default'
2021-06-16_11-55-41 [restartedMain] INFO  o.s.b.d.a.OptionalLiveReloadServer - LiveReload server is running on port 35729
2021-06-16_11-55-41 [restartedMain] INFO  s.d.s.w.PropertySourcedRequestMappingHandlerMapping - Mapped URL path [/v2/api-docs] onto method [springfox.documentation.swagger2.web.Swagger2Controller#getDocumentation(String, HttpServletRequest)]
2021-06-16_11-55-41 [restartedMain] INFO  o.s.s.web.DefaultSecurityFilterChain - Will secure any request with [org.springframework.security.web.context.request.async.WebAsyncManagerIntegrationFilter@43a0e7fa, org.springframework.security.web.context.SecurityContextPersistenceFilter@7df2cee4, org.springframework.security.web.header.HeaderWriterFilter@4cdc76dc, org.springframework.security.web.authentication.logout.LogoutFilter@218d70de, com.cts.authorization.config.JwtRequestFilter@d721ee6, org.springframework.security.web.savedrequest.RequestCacheAwareFilter@1f91caaa, org.springframework.security.web.servletapi.SecurityContextHolderAwareRequestFilter@7c690735, org.springframework.security.web.authentication.AnonymousAuthenticationFilter@7518034d, org.springframework.security.web.session.SessionManagementFilter@38a214d7, org.springframework.security.web.access.ExceptionTranslationFilter@7391ef26, org.springframework.security.web.access.intercept.FilterSecurityInterceptor@126e4de5]
2021-06-16_11-55-41 [restartedMain] INFO  o.s.s.c.ThreadPoolTaskExecutor - Initializing ExecutorService 'applicationTaskExecutor'
2021-06-16_11-55-41 [restartedMain] INFO  o.a.coyote.http11.Http11NioProtocol - Starting ProtocolHandler ["http-nio-8000"]
2021-06-16_11-55-41 [restartedMain] INFO  o.s.b.w.e.tomcat.TomcatWebServer - Tomcat started on port(s): 8000 (http) with context path '/auth'
2021-06-16_11-55-41 [restartedMain] INFO  s.d.s.w.p.DocumentationPluginsBootstrapper - Context refreshed
2021-06-16_11-55-41 [restartedMain] INFO  s.d.s.w.p.DocumentationPluginsBootstrapper - Found 1 custom documentation plugin(s)
2021-06-16_11-55-41 [restartedMain] INFO  s.d.s.w.s.ApiListingReferenceScanner - Scanning for api listing references
2021-06-16_11-55-41 [restartedMain] INFO  c.c.a.AuthorizatiionMicroserviceApplication - Started AuthorizatiionMicroserviceApplication in 16.182 seconds (JVM running for 18.892)
2021-06-16_11-55-41 [http-nio-8000-exec-1] INFO  o.a.c.c.C.[.[localhost].[/auth] - Initializing Spring DispatcherServlet 'dispatcherServlet'
2021-06-16_11-55-41 [http-nio-8000-exec-1] INFO  o.s.web.servlet.DispatcherServlet - Initializing Servlet 'dispatcherServlet'
2021-06-16_11-55-41 [http-nio-8000-exec-1] INFO  o.s.web.servlet.DispatcherServlet - Completed initialization in 189 ms
2021-06-16_11-55-41 [http-nio-8000-exec-1] INFO  c.c.a.service.JwtUserDetailsService - User found
2021-06-16_11-55-41 [http-nio-8000-exec-1] INFO  c.c.a.service.JwtUserDetailsService - user successfully located
2021-06-16_11-55-41 [http-nio-8000-exec-1] INFO  c.c.a.service.JwtUserDetailsService - User found
2021-06-16_11-55-41 [http-nio-8000-exec-1] INFO  c.c.a.service.JwtUserDetailsService - user successfully located
2021-06-16_11-55-41 [http-nio-8000-exec-3] INFO  c.c.a.service.JwtUserDetailsService - User found
2021-06-16_11-55-41 [http-nio-8000-exec-3] INFO  c.c.a.service.JwtUserDetailsService - user successfully located
2021-06-16_11-55-41 [http-nio-8000-exec-5] INFO  c.c.a.service.JwtUserDetailsService - User found
2021-06-16_11-55-41 [http-nio-8000-exec-5] INFO  c.c.a.service.JwtUserDetailsService - user successfully located
2021-06-16_11-55-41 [http-nio-8000-exec-8] INFO  c.c.a.service.JwtUserDetailsService - User found
2021-06-16_11-55-41 [http-nio-8000-exec-8] INFO  c.c.a.service.JwtUserDetailsService - user successfully located
2021-06-16_11-55-41 [http-nio-8000-exec-8] INFO  c.c.a.service.JwtUserDetailsService - User found
2021-06-16_11-55-41 [http-nio-8000-exec-8] INFO  c.c.a.service.JwtUserDetailsService - user successfully located
2021-06-16_11-55-41 [http-nio-8000-exec-9] INFO  c.c.a.service.JwtUserDetailsService - User found
2021-06-16_11-55-41 [http-nio-8000-exec-9] INFO  c.c.a.service.JwtUserDetailsService - user successfully located
2021-06-16_11-55-41 [Thread-6] INFO  o.s.s.c.ThreadPoolTaskExecutor - Shutting down ExecutorService 'applicationTaskExecutor'
2021-06-16_11-55-41 [Thread-6] INFO  o.s.o.j.LocalContainerEntityManagerFactoryBean - Closing JPA EntityManagerFactory for persistence unit 'default'
2021-06-16_11-55-41 [Thread-6] INFO  o.h.t.s.i.SchemaDropperImpl$DelayedDropActionImpl - HHH000477: Starting delayed evictData of schema as part of SessionFactory shut-down'
2021-06-16_11-55-41 [Thread-6] INFO  com.zaxxer.hikari.HikariDataSource - HikariPool-1 - Shutdown initiated...
2021-06-16_11-55-41 [Thread-6] INFO  com.zaxxer.hikari.HikariDataSource - HikariPool-1 - Shutdown completed.
2021-06-16_16-36-57 [restartedMain] INFO  c.c.a.AuthorizatiionMicroserviceApplication - Starting AuthorizatiionMicroserviceApplication using Java 15.0.2 on DESKTOP-SLDQ587 with PID 26060 (C:\Users\Vishesh\eclipse-workspace4\Authorizatiion-Microservice\target\classes started by Vishesh in C:\Users\Vishesh\eclipse-workspace4\Authorizatiion-Microservice)
2021-06-16_16-36-57 [restartedMain] INFO  c.c.a.AuthorizatiionMicroserviceApplication - No active profile set, falling back to default profiles: default
2021-06-16_16-36-57 [restartedMain] INFO  o.s.d.r.c.RepositoryConfigurationDelegate - Bootstrapping Spring Data JPA repositories in DEFAULT mode.
2021-06-16_16-36-57 [restartedMain] INFO  o.s.d.r.c.RepositoryConfigurationDelegate - Finished Spring Data repository scanning in 68 ms. Found 1 JPA repository interfaces.
2021-06-16_16-36-57 [restartedMain] INFO  o.s.cloud.context.scope.GenericScope - BeanFactory id=edea1387-1a2d-33de-8525-4ed44fa6e3e5
2021-06-16_16-36-57 [restartedMain] INFO  o.s.b.w.e.tomcat.TomcatWebServer - Tomcat initialized with port(s): 8000 (http)
2021-06-16_16-36-57 [restartedMain] INFO  o.a.coyote.http11.Http11NioProtocol - Initializing ProtocolHandler ["http-nio-8000"]
2021-06-16_16-36-57 [restartedMain] INFO  o.a.catalina.core.StandardService - Starting service [Tomcat]
2021-06-16_16-36-57 [restartedMain] INFO  o.a.catalina.core.StandardEngine - Starting Servlet engine: [Apache Tomcat/9.0.41]
2021-06-16_16-36-57 [restartedMain] INFO  o.a.c.c.C.[.[localhost].[/auth] - Initializing Spring embedded WebApplicationContext
2021-06-16_16-36-57 [restartedMain] INFO  o.s.b.w.s.c.ServletWebServerApplicationContext - Root WebApplicationContext: initialization completed in 3048 ms
2021-06-16_16-36-57 [restartedMain] INFO  com.zaxxer.hikari.HikariDataSource - HikariPool-2 - Starting...
2021-06-16_16-36-57 [restartedMain] INFO  com.zaxxer.hikari.HikariDataSource - HikariPool-2 - Start completed.
2021-06-16_16-36-57 [restartedMain] INFO  o.s.b.a.h.H2ConsoleAutoConfiguration - H2 console available at '/db'. Database available at 'jdbc:h2:mem:testdb'
2021-06-16_16-36-57 [restartedMain] INFO  o.h.jpa.internal.util.LogHelper - HHH000204: Processing PersistenceUnitInfo [name: default]
2021-06-16_16-36-57 [restartedMain] INFO  org.hibernate.dialect.Dialect - HHH000400: Using dialect: org.hibernate.dialect.H2Dialect
2021-06-16_16-36-57 [restartedMain] INFO  o.h.e.t.j.p.i.JtaPlatformInitiator - HHH000490: Using JtaPlatform implementation: [org.hibernate.engine.transaction.jta.platform.internal.NoJtaPlatform]
2021-06-16_16-36-57 [restartedMain] INFO  o.s.o.j.LocalContainerEntityManagerFactoryBean - Initialized JPA EntityManagerFactory for persistence unit 'default'
2021-06-16_16-36-57 [restartedMain] INFO  o.s.b.d.a.OptionalLiveReloadServer - LiveReload server is running on port 35729
2021-06-16_16-36-57 [restartedMain] INFO  s.d.s.w.PropertySourcedRequestMappingHandlerMapping - Mapped URL path [/v2/api-docs] onto method [springfox.documentation.swagger2.web.Swagger2Controller#getDocumentation(String, HttpServletRequest)]
2021-06-16_16-36-57 [restartedMain] INFO  o.s.s.web.DefaultSecurityFilterChain - Will secure any request with [org.springframework.security.web.context.request.async.WebAsyncManagerIntegrationFilter@79b21173, org.springframework.security.web.context.SecurityContextPersistenceFilter@7b43c5c1, org.springframework.security.web.header.HeaderWriterFilter@6d3c66fa, org.springframework.security.web.authentication.logout.LogoutFilter@a6f254e, com.cts.authorization.config.JwtRequestFilter@30c8ada5, org.springframework.security.web.savedrequest.RequestCacheAwareFilter@2be6e3ca, org.springframework.security.web.servletapi.SecurityContextHolderAwareRequestFilter@25635bfa, org.springframework.security.web.authentication.AnonymousAuthenticationFilter@1ac78d5a, org.springframework.security.web.session.SessionManagementFilter@3e2d0377, org.springframework.security.web.access.ExceptionTranslationFilter@51d024bf, org.springframework.security.web.access.intercept.FilterSecurityInterceptor@3cf11f55]
2021-06-16_16-36-57 [restartedMain] INFO  o.s.s.c.ThreadPoolTaskExecutor - Initializing ExecutorService 'applicationTaskExecutor'
2021-06-16_16-36-57 [restartedMain] INFO  o.a.coyote.http11.Http11NioProtocol - Starting ProtocolHandler ["http-nio-8000"]
2021-06-16_16-36-57 [restartedMain] INFO  o.s.b.w.e.tomcat.TomcatWebServer - Tomcat started on port(s): 8000 (http) with context path '/auth'
2021-06-16_16-36-57 [restartedMain] INFO  s.d.s.w.p.DocumentationPluginsBootstrapper - Context refreshed
2021-06-16_16-36-57 [restartedMain] INFO  s.d.s.w.p.DocumentationPluginsBootstrapper - Found 1 custom documentation plugin(s)
2021-06-16_16-36-57 [restartedMain] INFO  s.d.s.w.s.ApiListingReferenceScanner - Scanning for api listing references
2021-06-16_16-36-57 [restartedMain] INFO  c.c.a.AuthorizatiionMicroserviceApplication - Started AuthorizatiionMicroserviceApplication in 6.053 seconds (JVM running for 16885.461)
2021-06-16_16-36-57 [restartedMain] INFO  o.s.b.d.a.ConditionEvaluationDeltaLoggingListener - Condition evaluation unchanged
2021-06-16_16-36-57 [http-nio-8000-exec-1] INFO  o.a.c.c.C.[.[localhost].[/auth] - Initializing Spring DispatcherServlet 'dispatcherServlet'
2021-06-16_16-36-57 [http-nio-8000-exec-1] INFO  o.s.web.servlet.DispatcherServlet - Initializing Servlet 'dispatcherServlet'
2021-06-16_16-36-57 [http-nio-8000-exec-1] INFO  o.s.web.servlet.DispatcherServlet - Completed initialization in 227 ms
2021-06-16_16-36-57 [http-nio-8000-exec-3] INFO  c.c.a.service.JwtUserDetailsService - User found
2021-06-16_16-36-57 [http-nio-8000-exec-3] INFO  c.c.a.service.JwtUserDetailsService - user successfully located
2021-06-16_16-36-57 [http-nio-8000-exec-3] INFO  c.c.a.service.JwtUserDetailsService - User found
2021-06-16_16-36-57 [http-nio-8000-exec-3] INFO  c.c.a.service.JwtUserDetailsService - user successfully located
2021-06-16_16-36-57 [http-nio-8000-exec-4] INFO  c.c.a.service.JwtUserDetailsService - User found
2021-06-16_16-36-57 [http-nio-8000-exec-4] INFO  c.c.a.service.JwtUserDetailsService - user successfully located
2021-06-16_16-36-57 [http-nio-8000-exec-5] INFO  c.c.a.service.JwtUserDetailsService - User found
2021-06-16_16-36-57 [http-nio-8000-exec-5] INFO  c.c.a.service.JwtUserDetailsService - user successfully located
2021-06-16_16-36-57 [http-nio-8000-exec-6] INFO  c.c.a.service.JwtUserDetailsService - User found
2021-06-16_16-36-57 [http-nio-8000-exec-6] INFO  c.c.a.service.JwtUserDetailsService - user successfully located
2021-06-16_16-36-57 [http-nio-8000-exec-7] INFO  c.c.a.service.JwtUserDetailsService - User found
2021-06-16_16-36-57 [http-nio-8000-exec-7] INFO  c.c.a.service.JwtUserDetailsService - user successfully located
2021-06-16_16-36-57 [http-nio-8000-exec-2] INFO  c.c.a.service.JwtUserDetailsService - User found
2021-06-16_16-36-57 [http-nio-8000-exec-2] INFO  c.c.a.service.JwtUserDetailsService - user successfully located
2021-06-16_16-36-57 [http-nio-8000-exec-2] INFO  c.c.a.service.JwtUserDetailsService - User found
2021-06-16_16-36-57 [http-nio-8000-exec-2] INFO  c.c.a.service.JwtUserDetailsService - user successfully located
2021-06-16_16-36-57 [http-nio-8000-exec-3] INFO  c.c.a.service.JwtUserDetailsService - User found
2021-06-16_16-36-57 [http-nio-8000-exec-3] INFO  c.c.a.service.JwtUserDetailsService - user successfully located
2021-06-16_16-36-57 [http-nio-8000-exec-6] INFO  c.c.a.service.JwtUserDetailsService - User found
2021-06-16_16-36-57 [http-nio-8000-exec-6] INFO  c.c.a.service.JwtUserDetailsService - user successfully located
2021-06-16_16-36-57 [http-nio-8000-exec-8] INFO  c.c.a.service.JwtUserDetailsService - User found
2021-06-16_16-36-57 [http-nio-8000-exec-8] INFO  c.c.a.service.JwtUserDetailsService - user successfully located
2021-06-16_16-36-57 [http-nio-8000-exec-10] INFO  c.c.a.service.JwtUserDetailsService - User found
2021-06-16_16-36-57 [http-nio-8000-exec-10] INFO  c.c.a.service.JwtUserDetailsService - user successfully located
2021-06-16_16-36-57 [http-nio-8000-exec-2] INFO  c.c.a.service.JwtUserDetailsService - User found
2021-06-16_16-36-57 [http-nio-8000-exec-2] INFO  c.c.a.service.JwtUserDetailsService - user successfully located
2021-06-16_16-36-57 [http-nio-8000-exec-4] INFO  c.c.a.service.JwtUserDetailsService - User found
2021-06-16_16-36-57 [http-nio-8000-exec-4] INFO  c.c.a.service.JwtUserDetailsService - user successfully located
2021-06-16_16-36-57 [http-nio-8000-exec-5] INFO  c.c.a.service.JwtUserDetailsService - User found
2021-06-16_16-36-57 [http-nio-8000-exec-5] INFO  c.c.a.service.JwtUserDetailsService - user successfully located
2021-06-16_16-36-57 [http-nio-8000-exec-9] INFO  c.c.a.service.JwtUserDetailsService - User found
2021-06-16_16-36-57 [http-nio-8000-exec-9] INFO  c.c.a.service.JwtUserDetailsService - user successfully located
2021-06-16_16-36-57 [http-nio-8000-exec-9] INFO  c.c.a.service.JwtUserDetailsService - User found
2021-06-16_16-36-57 [http-nio-8000-exec-9] INFO  c.c.a.service.JwtUserDetailsService - user successfully located
2021-06-16_16-36-57 [http-nio-8000-exec-10] INFO  c.c.a.service.JwtUserDetailsService - User found
2021-06-16_16-36-57 [http-nio-8000-exec-10] INFO  c.c.a.service.JwtUserDetailsService - user successfully located
2021-06-16_16-36-57 [http-nio-8000-exec-3] INFO  c.c.a.service.JwtUserDetailsService - User found
2021-06-16_16-36-57 [http-nio-8000-exec-3] INFO  c.c.a.service.JwtUserDetailsService - user successfully located
2021-06-16_16-36-57 [http-nio-8000-exec-5] INFO  c.c.a.service.JwtUserDetailsService - User found
2021-06-16_16-36-57 [http-nio-8000-exec-5] INFO  c.c.a.service.JwtUserDetailsService - user successfully located
2021-06-16_16-36-57 [RMI TCP Connection(498)-127.0.0.1] INFO  o.s.b.a.SpringApplicationAdminMXBeanRegistrar$SpringApplicationAdmin - Application shutdown requested.
2021-06-16_16-36-57 [RMI TCP Connection(498)-127.0.0.1] INFO  o.s.s.c.ThreadPoolTaskExecutor - Shutting down ExecutorService 'applicationTaskExecutor'
2021-06-16_16-36-57 [RMI TCP Connection(498)-127.0.0.1] INFO  o.s.o.j.LocalContainerEntityManagerFactoryBean - Closing JPA EntityManagerFactory for persistence unit 'default'
2021-06-16_16-36-57 [RMI TCP Connection(498)-127.0.0.1] INFO  o.h.t.s.i.SchemaDropperImpl$DelayedDropActionImpl - HHH000477: Starting delayed evictData of schema as part of SessionFactory shut-down'
2021-06-16_16-36-57 [RMI TCP Connection(498)-127.0.0.1] INFO  com.zaxxer.hikari.HikariDataSource - HikariPool-2 - Shutdown initiated...
2021-06-16_16-36-57 [RMI TCP Connection(498)-127.0.0.1] INFO  com.zaxxer.hikari.HikariDataSource - HikariPool-2 - Shutdown completed.
