2021-06-17_09-32-46 [restartedMain] INFO  c.c.a.AuthorizatiionMicroserviceApplication - Starting AuthorizatiionMicroserviceApplication using Java 15.0.2 on DESKTOP-SLDQ587 with PID 27688 (C:\Users\Vishesh\eclipse-workspace4\Authorizatiion-Microservice\target\classes started by Vishesh in C:\Users\Vishesh\eclipse-workspace4\Authorizatiion-Microservice)
2021-06-17_09-32-46 [restartedMain] INFO  c.c.a.AuthorizatiionMicroserviceApplication - No active profile set, falling back to default profiles: default
2021-06-17_09-32-46 [restartedMain] INFO  o.s.b.d.e.DevToolsPropertyDefaultsPostProcessor - Devtools property defaults active! Set 'spring.devtools.add-properties' to 'false' to disable
2021-06-17_09-32-46 [restartedMain] INFO  o.s.b.d.e.DevToolsPropertyDefaultsPostProcessor - For additional web related logging consider setting the 'logging.level.web' property to 'DEBUG'
2021-06-17_09-32-46 [restartedMain] INFO  o.s.d.r.c.RepositoryConfigurationDelegate - Bootstrapping Spring Data JPA repositories in DEFAULT mode.
2021-06-17_09-32-46 [restartedMain] INFO  o.s.d.r.c.RepositoryConfigurationDelegate - Finished Spring Data repository scanning in 209 ms. Found 1 JPA repository interfaces.
2021-06-17_09-32-46 [restartedMain] INFO  o.s.cloud.context.scope.GenericScope - BeanFactory id=edea1387-1a2d-33de-8525-4ed44fa6e3e5
2021-06-17_09-32-46 [restartedMain] INFO  o.s.b.w.e.tomcat.TomcatWebServer - Tomcat initialized with port(s): 8000 (http)
2021-06-17_09-32-46 [restartedMain] INFO  o.a.coyote.http11.Http11NioProtocol - Initializing ProtocolHandler ["http-nio-8000"]
2021-06-17_09-32-46 [restartedMain] INFO  o.a.catalina.core.StandardService - Starting service [Tomcat]
2021-06-17_09-32-46 [restartedMain] INFO  o.a.catalina.core.StandardEngine - Starting Servlet engine: [Apache Tomcat/9.0.41]
2021-06-17_09-32-46 [restartedMain] INFO  o.a.c.c.C.[.[localhost].[/auth] - Initializing Spring embedded WebApplicationContext
2021-06-17_09-32-46 [restartedMain] INFO  o.s.b.w.s.c.ServletWebServerApplicationContext - Root WebApplicationContext: initialization completed in 7948 ms
2021-06-17_09-32-46 [restartedMain] INFO  com.zaxxer.hikari.HikariDataSource - HikariPool-1 - Starting...
2021-06-17_09-32-46 [restartedMain] INFO  com.zaxxer.hikari.HikariDataSource - HikariPool-1 - Start completed.
2021-06-17_09-32-46 [restartedMain] INFO  o.s.b.a.h.H2ConsoleAutoConfiguration - H2 console available at '/db'. Database available at 'jdbc:h2:mem:testdb'
2021-06-17_09-32-46 [restartedMain] INFO  o.h.jpa.internal.util.LogHelper - HHH000204: Processing PersistenceUnitInfo [name: default]
2021-06-17_09-32-46 [restartedMain] INFO  org.hibernate.Version - HHH000412: Hibernate ORM core version 5.4.27.Final
2021-06-17_09-32-46 [restartedMain] INFO  o.h.annotations.common.Version - HCANN000001: Hibernate Commons Annotations {5.1.2.Final}
2021-06-17_09-32-46 [restartedMain] INFO  org.hibernate.dialect.Dialect - HHH000400: Using dialect: org.hibernate.dialect.H2Dialect
2021-06-17_09-32-46 [restartedMain] INFO  o.h.e.t.j.p.i.JtaPlatformInitiator - HHH000490: Using JtaPlatform implementation: [org.hibernate.engine.transaction.jta.platform.internal.NoJtaPlatform]
2021-06-17_09-32-46 [restartedMain] INFO  o.s.o.j.LocalContainerEntityManagerFactoryBean - Initialized JPA EntityManagerFactory for persistence unit 'default'
2021-06-17_09-32-46 [restartedMain] INFO  s.d.s.w.PropertySourcedRequestMappingHandlerMapping - Mapped URL path [/v2/api-docs] onto method [springfox.documentation.swagger2.web.Swagger2Controller#getDocumentation(String, HttpServletRequest)]
2021-06-17_09-32-46 [restartedMain] INFO  o.s.s.web.DefaultSecurityFilterChain - Will secure any request with [org.springframework.security.web.context.request.async.WebAsyncManagerIntegrationFilter@2b8a2756, org.springframework.security.web.context.SecurityContextPersistenceFilter@cf8cbaf, org.springframework.security.web.header.HeaderWriterFilter@40a2aa3e, org.springframework.security.web.authentication.logout.LogoutFilter@6f15f6a, com.cts.authorization.config.JwtRequestFilter@535fd99c, org.springframework.security.web.savedrequest.RequestCacheAwareFilter@7eb595f0, org.springframework.security.web.servletapi.SecurityContextHolderAwareRequestFilter@4ba4089e, org.springframework.security.web.authentication.AnonymousAuthenticationFilter@1fcb9688, org.springframework.security.web.session.SessionManagementFilter@5cb09fe1, org.springframework.security.web.access.ExceptionTranslationFilter@30906f1f, org.springframework.security.web.access.intercept.FilterSecurityInterceptor@282cc261]
2021-06-17_09-32-46 [restartedMain] INFO  o.s.s.c.ThreadPoolTaskExecutor - Initializing ExecutorService 'applicationTaskExecutor'
2021-06-17_09-32-46 [restartedMain] INFO  o.a.coyote.http11.Http11NioProtocol - Starting ProtocolHandler ["http-nio-8000"]
2021-06-17_09-32-46 [restartedMain] INFO  o.s.b.w.e.tomcat.TomcatWebServer - Tomcat started on port(s): 8000 (http) with context path '/auth'
2021-06-17_09-32-46 [restartedMain] INFO  s.d.s.w.p.DocumentationPluginsBootstrapper - Context refreshed
2021-06-17_09-32-46 [restartedMain] INFO  s.d.s.w.p.DocumentationPluginsBootstrapper - Found 1 custom documentation plugin(s)
2021-06-17_09-32-46 [restartedMain] INFO  s.d.s.w.s.ApiListingReferenceScanner - Scanning for api listing references
2021-06-17_09-32-46 [restartedMain] INFO  c.c.a.AuthorizatiionMicroserviceApplication - Started AuthorizatiionMicroserviceApplication in 23.197 seconds (JVM running for 27.846)
2021-06-17_09-32-46 [http-nio-8000-exec-2] INFO  o.a.c.c.C.[.[localhost].[/auth] - Initializing Spring DispatcherServlet 'dispatcherServlet'
2021-06-17_09-32-46 [http-nio-8000-exec-2] INFO  o.s.web.servlet.DispatcherServlet - Initializing Servlet 'dispatcherServlet'
2021-06-17_09-32-46 [http-nio-8000-exec-2] INFO  o.s.web.servlet.DispatcherServlet - Completed initialization in 3 ms
2021-06-17_09-32-46 [http-nio-8000-exec-2] INFO  c.c.a.service.JwtUserDetailsService - User found
2021-06-17_09-32-46 [http-nio-8000-exec-2] INFO  c.c.a.service.JwtUserDetailsService - user successfully located
2021-06-17_09-32-46 [http-nio-8000-exec-2] INFO  c.c.a.service.JwtUserDetailsService - User found
2021-06-17_09-32-46 [http-nio-8000-exec-2] INFO  c.c.a.service.JwtUserDetailsService - user successfully located
2021-06-17_09-32-46 [http-nio-8000-exec-8] INFO  c.c.a.service.JwtUserDetailsService - User found
2021-06-17_09-32-46 [http-nio-8000-exec-8] INFO  c.c.a.service.JwtUserDetailsService - user successfully located
2021-06-17_09-32-46 [http-nio-8000-exec-6] INFO  c.c.a.service.JwtUserDetailsService - User found
2021-06-17_09-32-46 [http-nio-8000-exec-6] INFO  c.c.a.service.JwtUserDetailsService - user successfully located
2021-06-17_09-32-46 [http-nio-8000-exec-9] INFO  c.c.a.service.JwtUserDetailsService - User found
2021-06-17_09-32-46 [http-nio-8000-exec-9] INFO  c.c.a.service.JwtUserDetailsService - user successfully located
2021-06-17_09-32-46 [http-nio-8000-exec-10] INFO  c.c.a.service.JwtUserDetailsService - User found
2021-06-17_09-32-46 [http-nio-8000-exec-10] INFO  c.c.a.service.JwtUserDetailsService - user successfully located
2021-06-17_09-32-46 [http-nio-8000-exec-1] INFO  c.c.a.service.JwtUserDetailsService - User found
2021-06-17_09-32-46 [http-nio-8000-exec-1] INFO  c.c.a.service.JwtUserDetailsService - user successfully located
2021-06-17_09-32-46 [http-nio-8000-exec-3] INFO  c.c.a.service.JwtUserDetailsService - User found
2021-06-17_09-32-46 [http-nio-8000-exec-3] INFO  c.c.a.service.JwtUserDetailsService - user successfully located
2021-06-17_09-32-46 [http-nio-8000-exec-4] INFO  c.c.a.service.JwtUserDetailsService - User found
2021-06-17_09-32-46 [http-nio-8000-exec-4] INFO  c.c.a.service.JwtUserDetailsService - user successfully located
2021-06-17_09-32-46 [http-nio-8000-exec-5] INFO  c.c.a.service.JwtUserDetailsService - User found
2021-06-17_09-32-46 [http-nio-8000-exec-5] INFO  c.c.a.service.JwtUserDetailsService - user successfully located
2021-06-17_09-32-46 [http-nio-8000-exec-8] INFO  c.c.a.service.JwtUserDetailsService - User found
2021-06-17_09-32-46 [http-nio-8000-exec-8] INFO  c.c.a.service.JwtUserDetailsService - user successfully located
2021-06-17_09-32-46 [http-nio-8000-exec-6] INFO  c.c.a.service.JwtUserDetailsService - User found
2021-06-17_09-32-46 [http-nio-8000-exec-6] INFO  c.c.a.service.JwtUserDetailsService - user successfully located
2021-06-17_09-32-46 [http-nio-8000-exec-7] INFO  c.c.a.service.JwtUserDetailsService - User found
2021-06-17_09-32-46 [http-nio-8000-exec-7] INFO  c.c.a.service.JwtUserDetailsService - user successfully located
2021-06-17_09-32-46 [http-nio-8000-exec-9] INFO  c.c.a.service.JwtUserDetailsService - User found
2021-06-17_09-32-46 [http-nio-8000-exec-9] INFO  c.c.a.service.JwtUserDetailsService - user successfully located
2021-06-17_09-32-46 [http-nio-8000-exec-1] INFO  c.c.a.service.JwtUserDetailsService - User found
2021-06-17_09-32-46 [http-nio-8000-exec-1] INFO  c.c.a.service.JwtUserDetailsService - user successfully located
2021-06-17_09-32-46 [http-nio-8000-exec-5] INFO  c.c.a.service.JwtUserDetailsService - User found
2021-06-17_09-32-46 [http-nio-8000-exec-5] INFO  c.c.a.service.JwtUserDetailsService - user successfully located
2021-06-17_09-32-46 [http-nio-8000-exec-5] INFO  c.c.a.service.JwtUserDetailsService - User found
2021-06-17_09-32-46 [http-nio-8000-exec-5] INFO  c.c.a.service.JwtUserDetailsService - user successfully located
2021-06-17_09-32-46 [http-nio-8000-exec-6] INFO  c.c.a.service.JwtUserDetailsService - User found
2021-06-17_09-32-46 [http-nio-8000-exec-6] INFO  c.c.a.service.JwtUserDetailsService - user successfully located
2021-06-17_09-32-46 [http-nio-8000-exec-7] INFO  c.c.a.service.JwtUserDetailsService - User found
2021-06-17_09-32-46 [http-nio-8000-exec-7] INFO  c.c.a.service.JwtUserDetailsService - user successfully located
2021-06-17_09-32-46 [http-nio-8000-exec-1] INFO  c.c.a.service.JwtUserDetailsService - User found
2021-06-17_09-32-46 [http-nio-8000-exec-1] INFO  c.c.a.service.JwtUserDetailsService - user successfully located
2021-06-17_09-32-46 [http-nio-8000-exec-3] INFO  c.c.a.service.JwtUserDetailsService - User found
2021-06-17_09-32-46 [http-nio-8000-exec-3] INFO  c.c.a.service.JwtUserDetailsService - user successfully located
2021-06-17_09-32-46 [http-nio-8000-exec-4] INFO  c.c.a.service.JwtUserDetailsService - User found
2021-06-17_09-32-46 [http-nio-8000-exec-4] INFO  c.c.a.service.JwtUserDetailsService - user successfully located
2021-06-17_09-32-46 [http-nio-8000-exec-6] INFO  c.c.a.service.JwtUserDetailsService - User found
2021-06-17_09-32-46 [http-nio-8000-exec-6] INFO  c.c.a.service.JwtUserDetailsService - user successfully located
2021-06-17_09-32-46 [http-nio-8000-exec-6] INFO  c.c.a.service.JwtUserDetailsService - User found
2021-06-17_09-32-46 [http-nio-8000-exec-6] INFO  c.c.a.service.JwtUserDetailsService - user successfully located
2021-06-17_09-32-46 [http-nio-8000-exec-9] INFO  c.c.a.service.JwtUserDetailsService - User found
2021-06-17_09-32-46 [http-nio-8000-exec-9] INFO  c.c.a.service.JwtUserDetailsService - user successfully located
2021-06-17_09-32-46 [http-nio-8000-exec-10] INFO  c.c.a.service.JwtUserDetailsService - User found
2021-06-17_09-32-46 [http-nio-8000-exec-10] INFO  c.c.a.service.JwtUserDetailsService - user successfully located
2021-06-17_09-32-46 [http-nio-8000-exec-1] INFO  c.c.a.service.JwtUserDetailsService - User found
2021-06-17_09-32-46 [http-nio-8000-exec-1] INFO  c.c.a.service.JwtUserDetailsService - user successfully located
2021-06-17_09-32-46 [http-nio-8000-exec-2] INFO  c.c.a.service.JwtUserDetailsService - User found
2021-06-17_09-32-46 [http-nio-8000-exec-2] INFO  c.c.a.service.JwtUserDetailsService - user successfully located
2021-06-17_09-32-46 [http-nio-8000-exec-5] INFO  c.c.a.service.JwtUserDetailsService - User found
2021-06-17_09-32-46 [http-nio-8000-exec-5] INFO  c.c.a.service.JwtUserDetailsService - user successfully located
2021-06-17_09-32-46 [http-nio-8000-exec-7] INFO  c.c.a.service.JwtUserDetailsService - User found
2021-06-17_09-32-46 [http-nio-8000-exec-7] INFO  c.c.a.service.JwtUserDetailsService - user successfully located
2021-06-17_09-32-46 [http-nio-8000-exec-6] INFO  c.c.a.service.JwtUserDetailsService - User found
2021-06-17_09-32-46 [http-nio-8000-exec-6] INFO  c.c.a.service.JwtUserDetailsService - user successfully located
2021-06-17_09-32-46 [http-nio-8000-exec-9] INFO  c.c.a.service.JwtUserDetailsService - User found
2021-06-17_09-32-46 [http-nio-8000-exec-9] INFO  c.c.a.service.JwtUserDetailsService - user successfully located
2021-06-17_09-32-46 [http-nio-8000-exec-2] INFO  c.c.a.service.JwtUserDetailsService - User found
2021-06-17_09-32-46 [http-nio-8000-exec-2] INFO  c.c.a.service.JwtUserDetailsService - user successfully located
2021-06-17_09-32-46 [http-nio-8000-exec-3] INFO  c.c.a.service.JwtUserDetailsService - User found
2021-06-17_09-32-46 [http-nio-8000-exec-3] INFO  c.c.a.service.JwtUserDetailsService - user successfully located
2021-06-17_09-32-46 [http-nio-8000-exec-4] INFO  c.c.a.service.JwtUserDetailsService - User found
2021-06-17_09-32-46 [http-nio-8000-exec-4] INFO  c.c.a.service.JwtUserDetailsService - user successfully located
2021-06-17_09-32-46 [http-nio-8000-exec-8] INFO  c.c.a.service.JwtUserDetailsService - User found
2021-06-17_09-32-46 [http-nio-8000-exec-8] INFO  c.c.a.service.JwtUserDetailsService - user successfully located
2021-06-17_09-32-46 [http-nio-8000-exec-1] INFO  c.c.a.service.JwtUserDetailsService - User found
2021-06-17_09-32-46 [http-nio-8000-exec-1] INFO  c.c.a.service.JwtUserDetailsService - user successfully located
2021-06-17_09-32-46 [http-nio-8000-exec-1] INFO  c.c.a.service.JwtUserDetailsService - User found
2021-06-17_09-32-46 [http-nio-8000-exec-1] INFO  c.c.a.service.JwtUserDetailsService - user successfully located
2021-06-17_09-32-46 [http-nio-8000-exec-10] INFO  c.c.a.service.JwtUserDetailsService - User found
2021-06-17_09-32-46 [http-nio-8000-exec-10] INFO  c.c.a.service.JwtUserDetailsService - user successfully located
2021-06-17_09-32-46 [http-nio-8000-exec-2] INFO  c.c.a.service.JwtUserDetailsService - User found
2021-06-17_09-32-46 [http-nio-8000-exec-2] INFO  c.c.a.service.JwtUserDetailsService - user successfully located
2021-06-17_09-32-46 [http-nio-8000-exec-4] INFO  c.c.a.service.JwtUserDetailsService - User found
2021-06-17_09-32-46 [http-nio-8000-exec-4] INFO  c.c.a.service.JwtUserDetailsService - user successfully located
2021-06-17_09-32-46 [http-nio-8000-exec-7] INFO  c.c.a.service.JwtUserDetailsService - User found
2021-06-17_09-32-46 [http-nio-8000-exec-7] INFO  c.c.a.service.JwtUserDetailsService - user successfully located
2021-06-17_09-32-46 [http-nio-8000-exec-5] INFO  c.c.a.service.JwtUserDetailsService - User found
2021-06-17_09-32-46 [http-nio-8000-exec-5] INFO  c.c.a.service.JwtUserDetailsService - user successfully located
2021-06-17_09-32-46 [http-nio-8000-exec-1] INFO  c.c.a.service.JwtUserDetailsService - User found
2021-06-17_09-32-46 [http-nio-8000-exec-1] INFO  c.c.a.service.JwtUserDetailsService - user successfully located
2021-06-17_09-32-46 [http-nio-8000-exec-10] INFO  c.c.a.service.JwtUserDetailsService - User found
2021-06-17_09-32-46 [http-nio-8000-exec-10] INFO  c.c.a.service.JwtUserDetailsService - user successfully located
2021-06-17_09-32-46 [http-nio-8000-exec-3] INFO  c.c.a.service.JwtUserDetailsService - User found
2021-06-17_09-32-46 [http-nio-8000-exec-3] INFO  c.c.a.service.JwtUserDetailsService - user successfully located
2021-06-17_09-32-46 [http-nio-8000-exec-4] INFO  c.c.a.service.JwtUserDetailsService - User found
2021-06-17_09-32-46 [http-nio-8000-exec-4] INFO  c.c.a.service.JwtUserDetailsService - user successfully located
2021-06-17_09-32-46 [http-nio-8000-exec-7] INFO  c.c.a.service.JwtUserDetailsService - User found
2021-06-17_09-32-46 [http-nio-8000-exec-7] INFO  c.c.a.service.JwtUserDetailsService - user successfully located
2021-06-17_09-32-46 [http-nio-8000-exec-5] INFO  c.c.a.service.JwtUserDetailsService - User found
2021-06-17_09-32-46 [http-nio-8000-exec-5] INFO  c.c.a.service.JwtUserDetailsService - user successfully located
2021-06-17_09-32-46 [http-nio-8000-exec-6] INFO  c.c.a.service.JwtUserDetailsService - User found
2021-06-17_09-32-46 [http-nio-8000-exec-6] INFO  c.c.a.service.JwtUserDetailsService - user successfully located
2021-06-17_09-32-46 [http-nio-8000-exec-1] INFO  c.c.a.service.JwtUserDetailsService - User found
2021-06-17_09-32-46 [http-nio-8000-exec-1] INFO  c.c.a.service.JwtUserDetailsService - user successfully located
2021-06-17_09-32-46 [http-nio-8000-exec-10] INFO  c.c.a.service.JwtUserDetailsService - User found
2021-06-17_09-32-46 [http-nio-8000-exec-10] INFO  c.c.a.service.JwtUserDetailsService - user successfully located
2021-06-17_09-32-46 [http-nio-8000-exec-3] INFO  c.c.a.service.JwtUserDetailsService - User found
2021-06-17_09-32-46 [http-nio-8000-exec-3] INFO  c.c.a.service.JwtUserDetailsService - user successfully located
2021-06-17_09-32-46 [http-nio-8000-exec-4] INFO  c.c.a.service.JwtUserDetailsService - User found
2021-06-17_09-32-46 [http-nio-8000-exec-4] INFO  c.c.a.service.JwtUserDetailsService - user successfully located
2021-06-17_09-32-46 [http-nio-8000-exec-5] INFO  c.c.a.service.JwtUserDetailsService - User found
2021-06-17_09-32-46 [http-nio-8000-exec-5] INFO  c.c.a.service.JwtUserDetailsService - user successfully located
2021-06-17_09-32-46 [http-nio-8000-exec-5] INFO  c.c.a.service.JwtUserDetailsService - User found
2021-06-17_09-32-46 [http-nio-8000-exec-5] INFO  c.c.a.service.JwtUserDetailsService - user successfully located
2021-06-17_09-32-46 [http-nio-8000-exec-6] INFO  c.c.a.service.JwtUserDetailsService - User found
2021-06-17_09-32-46 [http-nio-8000-exec-6] INFO  c.c.a.service.JwtUserDetailsService - user successfully located
2021-06-17_09-32-46 [http-nio-8000-exec-9] INFO  c.c.a.service.JwtUserDetailsService - User found
2021-06-17_09-32-46 [http-nio-8000-exec-9] INFO  c.c.a.service.JwtUserDetailsService - user successfully located
2021-06-17_09-32-46 [http-nio-8000-exec-1] INFO  c.c.a.service.JwtUserDetailsService - User found
2021-06-17_09-32-46 [http-nio-8000-exec-1] INFO  c.c.a.service.JwtUserDetailsService - user successfully located
2021-06-17_09-32-46 [http-nio-8000-exec-8] INFO  c.c.a.service.JwtUserDetailsService - User found
2021-06-17_09-32-46 [http-nio-8000-exec-8] INFO  c.c.a.service.JwtUserDetailsService - user successfully located
2021-06-17_09-32-46 [http-nio-8000-exec-7] INFO  c.c.a.service.JwtUserDetailsService - User found
2021-06-17_09-32-46 [http-nio-8000-exec-7] INFO  c.c.a.service.JwtUserDetailsService - user successfully located
2021-06-17_09-32-46 [http-nio-8000-exec-5] INFO  c.c.a.service.JwtUserDetailsService - User found
2021-06-17_09-32-46 [http-nio-8000-exec-5] INFO  c.c.a.service.JwtUserDetailsService - user successfully located
2021-06-17_09-32-46 [http-nio-8000-exec-6] INFO  c.c.a.service.JwtUserDetailsService - User found
2021-06-17_09-32-46 [http-nio-8000-exec-6] INFO  c.c.a.service.JwtUserDetailsService - user successfully located
2021-06-17_09-32-46 [http-nio-8000-exec-9] INFO  c.c.a.service.JwtUserDetailsService - User found
2021-06-17_09-32-46 [http-nio-8000-exec-9] INFO  c.c.a.service.JwtUserDetailsService - user successfully located
2021-06-17_09-32-46 [http-nio-8000-exec-1] INFO  c.c.a.service.JwtUserDetailsService - User found
2021-06-17_09-32-46 [http-nio-8000-exec-1] INFO  c.c.a.service.JwtUserDetailsService - user successfully located
2021-06-17_09-32-46 [http-nio-8000-exec-4] INFO  c.c.a.service.JwtUserDetailsService - User found
2021-06-17_09-32-46 [http-nio-8000-exec-4] INFO  c.c.a.service.JwtUserDetailsService - user successfully located
2021-06-17_09-32-46 [http-nio-8000-exec-8] INFO  c.c.a.service.JwtUserDetailsService - User found
2021-06-17_09-32-46 [http-nio-8000-exec-8] INFO  c.c.a.service.JwtUserDetailsService - user successfully located
2021-06-17_09-32-46 [http-nio-8000-exec-7] INFO  c.c.a.service.JwtUserDetailsService - User found
2021-06-17_09-32-46 [http-nio-8000-exec-7] INFO  c.c.a.service.JwtUserDetailsService - user successfully located
2021-06-17_09-32-46 [http-nio-8000-exec-5] INFO  c.c.a.service.JwtUserDetailsService - User found
2021-06-17_09-32-46 [http-nio-8000-exec-5] INFO  c.c.a.service.JwtUserDetailsService - user successfully located
2021-06-17_09-32-46 [http-nio-8000-exec-6] INFO  c.c.a.service.JwtUserDetailsService - User found
2021-06-17_09-32-46 [http-nio-8000-exec-6] INFO  c.c.a.service.JwtUserDetailsService - user successfully located
2021-06-17_09-32-46 [http-nio-8000-exec-9] INFO  c.c.a.service.JwtUserDetailsService - User found
2021-06-17_09-32-46 [http-nio-8000-exec-9] INFO  c.c.a.service.JwtUserDetailsService - user successfully located
2021-06-17_09-32-46 [http-nio-8000-exec-1] INFO  c.c.a.service.JwtUserDetailsService - User found
2021-06-17_09-32-46 [http-nio-8000-exec-1] INFO  c.c.a.service.JwtUserDetailsService - user successfully located
2021-06-17_09-32-46 [http-nio-8000-exec-2] INFO  c.c.a.service.JwtUserDetailsService - User found
2021-06-17_09-32-46 [http-nio-8000-exec-2] INFO  c.c.a.service.JwtUserDetailsService - user successfully located
2021-06-17_09-32-46 [http-nio-8000-exec-10] INFO  c.c.a.service.JwtUserDetailsService - User found
2021-06-17_09-32-46 [http-nio-8000-exec-10] INFO  c.c.a.service.JwtUserDetailsService - user successfully located
2021-06-17_09-32-46 [http-nio-8000-exec-7] INFO  c.c.a.service.JwtUserDetailsService - User found
2021-06-17_09-32-46 [http-nio-8000-exec-7] INFO  c.c.a.service.JwtUserDetailsService - user successfully located
2021-06-17_09-32-46 [http-nio-8000-exec-5] INFO  c.c.a.service.JwtUserDetailsService - User found
2021-06-17_09-32-46 [http-nio-8000-exec-5] INFO  c.c.a.service.JwtUserDetailsService - user successfully located
2021-06-17_09-32-46 [http-nio-8000-exec-6] INFO  c.c.a.service.JwtUserDetailsService - User found
2021-06-17_09-32-46 [http-nio-8000-exec-6] INFO  c.c.a.service.JwtUserDetailsService - user successfully located
2021-06-17_09-32-46 [http-nio-8000-exec-9] INFO  c.c.a.service.JwtUserDetailsService - User found
2021-06-17_09-32-46 [http-nio-8000-exec-9] INFO  c.c.a.service.JwtUserDetailsService - user successfully located
2021-06-17_09-32-46 [http-nio-8000-exec-1] INFO  c.c.a.service.JwtUserDetailsService - User found
2021-06-17_09-32-46 [http-nio-8000-exec-1] INFO  c.c.a.service.JwtUserDetailsService - user successfully located
2021-06-17_09-32-46 [http-nio-8000-exec-2] INFO  c.c.a.service.JwtUserDetailsService - User found
2021-06-17_09-32-46 [http-nio-8000-exec-2] INFO  c.c.a.service.JwtUserDetailsService - user successfully located
2021-06-17_09-32-46 [http-nio-8000-exec-3] INFO  c.c.a.service.JwtUserDetailsService - User found
2021-06-17_09-32-46 [http-nio-8000-exec-3] INFO  c.c.a.service.JwtUserDetailsService - user successfully located
2021-06-17_09-32-46 [http-nio-8000-exec-3] INFO  c.c.a.service.JwtUserDetailsService - User found
2021-06-17_09-32-46 [http-nio-8000-exec-3] INFO  c.c.a.service.JwtUserDetailsService - user successfully located
2021-06-17_09-32-46 [http-nio-8000-exec-6] INFO  c.c.a.service.JwtUserDetailsService - User found
2021-06-17_09-32-46 [http-nio-8000-exec-6] INFO  c.c.a.service.JwtUserDetailsService - user successfully located
2021-06-17_09-32-46 [http-nio-8000-exec-2] INFO  c.c.a.service.JwtUserDetailsService - User found
2021-06-17_09-32-46 [http-nio-8000-exec-2] INFO  c.c.a.service.JwtUserDetailsService - user successfully located
2021-06-17_09-32-46 [http-nio-8000-exec-2] INFO  c.c.a.service.JwtUserDetailsService - User found
2021-06-17_09-32-46 [http-nio-8000-exec-2] INFO  c.c.a.service.JwtUserDetailsService - user successfully located
2021-06-17_09-32-46 [http-nio-8000-exec-7] INFO  c.c.a.service.JwtUserDetailsService - User found
2021-06-17_09-32-46 [http-nio-8000-exec-7] INFO  c.c.a.service.JwtUserDetailsService - user successfully located
2021-06-17_09-32-46 [http-nio-8000-exec-3] INFO  c.c.a.service.JwtUserDetailsService - User found
2021-06-17_09-32-46 [http-nio-8000-exec-3] INFO  c.c.a.service.JwtUserDetailsService - user successfully located
2021-06-17_09-32-46 [RMI TCP Connection(238)-127.0.0.1] INFO  o.s.b.a.SpringApplicationAdminMXBeanRegistrar$SpringApplicationAdmin - Application shutdown requested.
2021-06-17_09-32-46 [RMI TCP Connection(238)-127.0.0.1] INFO  o.s.s.c.ThreadPoolTaskExecutor - Shutting down ExecutorService 'applicationTaskExecutor'
2021-06-17_09-32-46 [RMI TCP Connection(238)-127.0.0.1] INFO  o.s.o.j.LocalContainerEntityManagerFactoryBean - Closing JPA EntityManagerFactory for persistence unit 'default'
2021-06-17_09-32-46 [RMI TCP Connection(238)-127.0.0.1] INFO  o.h.t.s.i.SchemaDropperImpl$DelayedDropActionImpl - HHH000477: Starting delayed evictData of schema as part of SessionFactory shut-down'
2021-06-17_09-32-46 [RMI TCP Connection(238)-127.0.0.1] INFO  com.zaxxer.hikari.HikariDataSource - HikariPool-1 - Shutdown initiated...
2021-06-17_09-32-46 [RMI TCP Connection(238)-127.0.0.1] INFO  com.zaxxer.hikari.HikariDataSource - HikariPool-1 - Shutdown completed.
2021-06-17_14-30-09 [restartedMain] INFO  c.c.a.AuthorizatiionMicroserviceApplication - Starting AuthorizatiionMicroserviceApplication using Java 15.0.2 on DESKTOP-SLDQ587 with PID 25220 (C:\Users\Vishesh\eclipse-workspace4\Authorizatiion-Microservice\target\classes started by Vishesh in C:\Users\Vishesh\eclipse-workspace4\Authorizatiion-Microservice)
2021-06-17_14-30-09 [restartedMain] INFO  c.c.a.AuthorizatiionMicroserviceApplication - No active profile set, falling back to default profiles: default
2021-06-17_14-30-09 [restartedMain] INFO  o.s.b.d.e.DevToolsPropertyDefaultsPostProcessor - Devtools property defaults active! Set 'spring.devtools.add-properties' to 'false' to disable
2021-06-17_14-30-09 [restartedMain] INFO  o.s.b.d.e.DevToolsPropertyDefaultsPostProcessor - For additional web related logging consider setting the 'logging.level.web' property to 'DEBUG'
2021-06-17_14-30-09 [restartedMain] INFO  o.s.d.r.c.RepositoryConfigurationDelegate - Bootstrapping Spring Data JPA repositories in DEFAULT mode.
2021-06-17_14-30-09 [restartedMain] INFO  o.s.d.r.c.RepositoryConfigurationDelegate - Finished Spring Data repository scanning in 91 ms. Found 1 JPA repository interfaces.
2021-06-17_14-30-09 [restartedMain] INFO  o.s.cloud.context.scope.GenericScope - BeanFactory id=edea1387-1a2d-33de-8525-4ed44fa6e3e5
2021-06-17_14-30-09 [restartedMain] INFO  o.s.b.w.e.tomcat.TomcatWebServer - Tomcat initialized with port(s): 8000 (http)
2021-06-17_14-30-09 [restartedMain] INFO  o.a.coyote.http11.Http11NioProtocol - Initializing ProtocolHandler ["http-nio-8000"]
2021-06-17_14-30-09 [restartedMain] INFO  o.a.catalina.core.StandardService - Starting service [Tomcat]
2021-06-17_14-30-09 [restartedMain] INFO  o.a.catalina.core.StandardEngine - Starting Servlet engine: [Apache Tomcat/9.0.41]
2021-06-17_14-30-09 [restartedMain] INFO  o.a.c.c.C.[.[localhost].[/auth] - Initializing Spring embedded WebApplicationContext
2021-06-17_14-30-09 [restartedMain] INFO  o.s.b.w.s.c.ServletWebServerApplicationContext - Root WebApplicationContext: initialization completed in 4890 ms
2021-06-17_14-30-09 [restartedMain] INFO  com.zaxxer.hikari.HikariDataSource - HikariPool-1 - Starting...
2021-06-17_14-30-09 [restartedMain] INFO  com.zaxxer.hikari.HikariDataSource - HikariPool-1 - Start completed.
2021-06-17_14-30-09 [restartedMain] INFO  o.s.b.a.h.H2ConsoleAutoConfiguration - H2 console available at '/db'. Database available at 'jdbc:h2:mem:testdb'
2021-06-17_14-30-09 [restartedMain] INFO  o.h.jpa.internal.util.LogHelper - HHH000204: Processing PersistenceUnitInfo [name: default]
2021-06-17_14-30-09 [restartedMain] INFO  org.hibernate.Version - HHH000412: Hibernate ORM core version 5.4.27.Final
2021-06-17_14-30-09 [restartedMain] INFO  o.h.annotations.common.Version - HCANN000001: Hibernate Commons Annotations {5.1.2.Final}
2021-06-17_14-30-09 [restartedMain] INFO  org.hibernate.dialect.Dialect - HHH000400: Using dialect: org.hibernate.dialect.H2Dialect
2021-06-17_14-30-09 [restartedMain] INFO  o.h.e.t.j.p.i.JtaPlatformInitiator - HHH000490: Using JtaPlatform implementation: [org.hibernate.engine.transaction.jta.platform.internal.NoJtaPlatform]
2021-06-17_14-30-09 [restartedMain] INFO  o.s.o.j.LocalContainerEntityManagerFactoryBean - Initialized JPA EntityManagerFactory for persistence unit 'default'
2021-06-17_14-30-09 [restartedMain] INFO  s.d.s.w.PropertySourcedRequestMappingHandlerMapping - Mapped URL path [/v2/api-docs] onto method [springfox.documentation.swagger2.web.Swagger2Controller#getDocumentation(String, HttpServletRequest)]
2021-06-17_14-30-09 [restartedMain] INFO  o.s.s.web.DefaultSecurityFilterChain - Will secure any request with [org.springframework.security.web.context.request.async.WebAsyncManagerIntegrationFilter@29bbed5d, org.springframework.security.web.context.SecurityContextPersistenceFilter@5b4c452c, org.springframework.security.web.header.HeaderWriterFilter@242fcd93, org.springframework.security.web.authentication.logout.LogoutFilter@51cd3c5f, com.cts.authorization.config.JwtRequestFilter@535fd99c, org.springframework.security.web.savedrequest.RequestCacheAwareFilter@26224942, org.springframework.security.web.servletapi.SecurityContextHolderAwareRequestFilter@37afcd74, org.springframework.security.web.authentication.AnonymousAuthenticationFilter@2b8a2756, org.springframework.security.web.session.SessionManagementFilter@69287b01, org.springframework.security.web.access.ExceptionTranslationFilter@554bdc91, org.springframework.security.web.access.intercept.FilterSecurityInterceptor@62d90f7c]
2021-06-17_14-30-09 [restartedMain] INFO  o.s.s.c.ThreadPoolTaskExecutor - Initializing ExecutorService 'applicationTaskExecutor'
2021-06-17_14-30-09 [restartedMain] INFO  o.a.coyote.http11.Http11NioProtocol - Starting ProtocolHandler ["http-nio-8000"]
2021-06-17_14-30-09 [restartedMain] INFO  o.s.b.w.e.tomcat.TomcatWebServer - Tomcat started on port(s): 8000 (http) with context path '/auth'
2021-06-17_14-30-09 [restartedMain] INFO  s.d.s.w.p.DocumentationPluginsBootstrapper - Context refreshed
2021-06-17_14-30-09 [restartedMain] INFO  s.d.s.w.p.DocumentationPluginsBootstrapper - Found 1 custom documentation plugin(s)
2021-06-17_14-30-09 [restartedMain] INFO  s.d.s.w.s.ApiListingReferenceScanner - Scanning for api listing references
2021-06-17_14-30-09 [restartedMain] INFO  c.c.a.AuthorizatiionMicroserviceApplication - Started AuthorizatiionMicroserviceApplication in 11.892 seconds (JVM running for 14.727)
2021-06-17_14-30-09 [http-nio-8000-exec-2] INFO  o.a.c.c.C.[.[localhost].[/auth] - Initializing Spring DispatcherServlet 'dispatcherServlet'
2021-06-17_14-30-09 [http-nio-8000-exec-2] INFO  o.s.web.servlet.DispatcherServlet - Initializing Servlet 'dispatcherServlet'
2021-06-17_14-30-09 [http-nio-8000-exec-2] INFO  o.s.web.servlet.DispatcherServlet - Completed initialization in 155 ms
2021-06-17_14-30-09 [http-nio-8000-exec-2] INFO  c.c.a.service.JwtUserDetailsService - User found
2021-06-17_14-30-09 [http-nio-8000-exec-2] INFO  c.c.a.service.JwtUserDetailsService - user successfully located
2021-06-17_14-30-09 [http-nio-8000-exec-2] INFO  c.c.a.service.JwtUserDetailsService - User found
2021-06-17_14-30-09 [http-nio-8000-exec-2] INFO  c.c.a.service.JwtUserDetailsService - user successfully located
2021-06-17_14-30-09 [http-nio-8000-exec-3] INFO  c.c.a.service.JwtUserDetailsService - User found
2021-06-17_14-30-09 [http-nio-8000-exec-3] INFO  c.c.a.service.JwtUserDetailsService - user successfully located
2021-06-17_14-30-09 [http-nio-8000-exec-4] INFO  c.c.a.service.JwtUserDetailsService - User found
2021-06-17_14-30-09 [http-nio-8000-exec-4] INFO  c.c.a.service.JwtUserDetailsService - user successfully located
2021-06-17_14-30-09 [http-nio-8000-exec-5] INFO  c.c.a.service.JwtUserDetailsService - User found
2021-06-17_14-30-09 [http-nio-8000-exec-5] INFO  c.c.a.service.JwtUserDetailsService - user successfully located
2021-06-17_14-30-09 [http-nio-8000-exec-6] INFO  c.c.a.service.JwtUserDetailsService - User found
2021-06-17_14-30-09 [http-nio-8000-exec-6] INFO  c.c.a.service.JwtUserDetailsService - user successfully located
2021-06-17_14-30-09 [http-nio-8000-exec-8] INFO  c.c.a.service.JwtUserDetailsService - User found
2021-06-17_14-30-09 [http-nio-8000-exec-8] INFO  c.c.a.service.JwtUserDetailsService - user successfully located
2021-06-17_14-30-09 [http-nio-8000-exec-9] INFO  c.c.a.service.JwtUserDetailsService - User found
2021-06-17_14-30-09 [http-nio-8000-exec-9] INFO  c.c.a.service.JwtUserDetailsService - user successfully located
2021-06-17_14-30-09 [http-nio-8000-exec-10] INFO  c.c.a.service.JwtUserDetailsService - User found
2021-06-17_14-30-09 [http-nio-8000-exec-10] INFO  c.c.a.service.JwtUserDetailsService - user successfully located
2021-06-17_14-30-09 [http-nio-8000-exec-4] INFO  c.c.a.service.JwtUserDetailsService - User found
2021-06-17_14-30-09 [http-nio-8000-exec-4] INFO  c.c.a.service.JwtUserDetailsService - user successfully located
2021-06-17_14-30-09 [http-nio-8000-exec-6] INFO  c.c.a.service.JwtUserDetailsService - User found
2021-06-17_14-30-09 [http-nio-8000-exec-6] INFO  c.c.a.service.JwtUserDetailsService - user successfully located
2021-06-17_14-30-09 [http-nio-8000-exec-7] INFO  c.c.a.service.JwtUserDetailsService - User found
2021-06-17_14-30-09 [http-nio-8000-exec-7] INFO  c.c.a.service.JwtUserDetailsService - user successfully located
2021-06-17_14-30-09 [http-nio-8000-exec-9] INFO  c.c.a.service.JwtUserDetailsService - User found
2021-06-17_14-30-09 [http-nio-8000-exec-9] INFO  c.c.a.service.JwtUserDetailsService - user successfully located
2021-06-17_14-30-09 [http-nio-8000-exec-10] INFO  c.c.a.service.JwtUserDetailsService - User found
2021-06-17_14-30-09 [http-nio-8000-exec-10] INFO  c.c.a.service.JwtUserDetailsService - user successfully located
2021-06-17_14-30-09 [http-nio-8000-exec-2] INFO  c.c.a.service.JwtUserDetailsService - User found
2021-06-17_14-30-09 [http-nio-8000-exec-2] INFO  c.c.a.service.JwtUserDetailsService - user successfully located
2021-06-17_14-30-09 [http-nio-8000-exec-3] INFO  c.c.a.service.JwtUserDetailsService - User found
2021-06-17_14-30-09 [http-nio-8000-exec-3] INFO  c.c.a.service.JwtUserDetailsService - user successfully located
2021-06-17_14-30-09 [http-nio-8000-exec-4] INFO  c.c.a.service.JwtUserDetailsService - User found
2021-06-17_14-30-09 [http-nio-8000-exec-4] INFO  c.c.a.service.JwtUserDetailsService - user successfully located
2021-06-17_14-30-09 [http-nio-8000-exec-5] INFO  c.c.a.service.JwtUserDetailsService - User found
2021-06-17_14-30-09 [http-nio-8000-exec-5] INFO  c.c.a.service.JwtUserDetailsService - user successfully located
2021-06-17_14-30-09 [http-nio-8000-exec-6] INFO  c.c.a.service.JwtUserDetailsService - User found
2021-06-17_14-30-09 [http-nio-8000-exec-6] INFO  c.c.a.service.JwtUserDetailsService - user successfully located
2021-06-17_14-30-09 [http-nio-8000-exec-7] INFO  c.c.a.service.JwtUserDetailsService - User found
2021-06-17_14-30-09 [http-nio-8000-exec-7] INFO  c.c.a.service.JwtUserDetailsService - user successfully located
2021-06-17_14-30-09 [http-nio-8000-exec-8] INFO  c.c.a.service.JwtUserDetailsService - User found
2021-06-17_14-30-09 [http-nio-8000-exec-8] INFO  c.c.a.service.JwtUserDetailsService - user successfully located
2021-06-17_14-30-09 [http-nio-8000-exec-9] INFO  c.c.a.service.JwtUserDetailsService - User found
2021-06-17_14-30-09 [http-nio-8000-exec-9] INFO  c.c.a.service.JwtUserDetailsService - user successfully located
2021-06-17_14-30-09 [http-nio-8000-exec-10] INFO  c.c.a.service.JwtUserDetailsService - User found
2021-06-17_14-30-09 [http-nio-8000-exec-10] INFO  c.c.a.service.JwtUserDetailsService - user successfully located
2021-06-17_14-30-09 [http-nio-8000-exec-1] INFO  c.c.a.service.JwtUserDetailsService - User found
2021-06-17_14-30-09 [http-nio-8000-exec-1] INFO  c.c.a.service.JwtUserDetailsService - user successfully located
2021-06-17_14-30-09 [http-nio-8000-exec-2] INFO  c.c.a.service.JwtUserDetailsService - User found
2021-06-17_14-30-09 [http-nio-8000-exec-2] INFO  c.c.a.service.JwtUserDetailsService - user successfully located
2021-06-17_14-30-09 [http-nio-8000-exec-3] INFO  c.c.a.service.JwtUserDetailsService - User found
2021-06-17_14-30-09 [http-nio-8000-exec-3] INFO  c.c.a.service.JwtUserDetailsService - user successfully located
2021-06-17_14-30-09 [http-nio-8000-exec-8] INFO  c.c.a.service.JwtUserDetailsService - User found
2021-06-17_14-30-09 [http-nio-8000-exec-8] INFO  c.c.a.service.JwtUserDetailsService - user successfully located
2021-06-17_14-30-09 [http-nio-8000-exec-8] INFO  c.c.a.service.JwtUserDetailsService - User found
2021-06-17_14-30-09 [http-nio-8000-exec-8] INFO  c.c.a.service.JwtUserDetailsService - user successfully located
2021-06-17_14-30-09 [http-nio-8000-exec-10] INFO  c.c.a.service.JwtUserDetailsService - User found
2021-06-17_14-30-09 [http-nio-8000-exec-10] INFO  c.c.a.service.JwtUserDetailsService - user successfully located
2021-06-17_14-30-09 [http-nio-8000-exec-1] INFO  c.c.a.service.JwtUserDetailsService - User found
2021-06-17_14-30-09 [http-nio-8000-exec-1] INFO  c.c.a.service.JwtUserDetailsService - user successfully located
2021-06-17_14-30-09 [http-nio-8000-exec-3] INFO  c.c.a.service.JwtUserDetailsService - User found
2021-06-17_14-30-09 [http-nio-8000-exec-3] INFO  c.c.a.service.JwtUserDetailsService - user successfully located
2021-06-17_14-30-09 [http-nio-8000-exec-6] INFO  c.c.a.service.JwtUserDetailsService - User found
2021-06-17_14-30-09 [http-nio-8000-exec-6] INFO  c.c.a.service.JwtUserDetailsService - user successfully located
2021-06-17_14-30-09 [http-nio-8000-exec-5] INFO  c.c.a.service.JwtUserDetailsService - User found
2021-06-17_14-30-09 [http-nio-8000-exec-5] INFO  c.c.a.service.JwtUserDetailsService - user successfully located
2021-06-17_14-30-09 [http-nio-8000-exec-4] INFO  c.c.a.service.JwtUserDetailsService - User found
2021-06-17_14-30-09 [http-nio-8000-exec-4] INFO  c.c.a.service.JwtUserDetailsService - user successfully located
2021-06-17_14-30-09 [http-nio-8000-exec-7] INFO  c.c.a.service.JwtUserDetailsService - User found
2021-06-17_14-30-09 [http-nio-8000-exec-7] INFO  c.c.a.service.JwtUserDetailsService - user successfully located
2021-06-17_14-30-09 [http-nio-8000-exec-8] INFO  c.c.a.service.JwtUserDetailsService - User found
2021-06-17_14-30-09 [http-nio-8000-exec-8] INFO  c.c.a.service.JwtUserDetailsService - user successfully located
2021-06-17_14-30-09 [http-nio-8000-exec-9] INFO  c.c.a.service.JwtUserDetailsService - User found
2021-06-17_14-30-09 [http-nio-8000-exec-9] INFO  c.c.a.service.JwtUserDetailsService - user successfully located
2021-06-17_14-30-09 [http-nio-8000-exec-10] INFO  c.c.a.service.JwtUserDetailsService - User found
2021-06-17_14-30-09 [http-nio-8000-exec-10] INFO  c.c.a.service.JwtUserDetailsService - user successfully located
2021-06-17_14-30-09 [http-nio-8000-exec-5] INFO  c.c.a.service.JwtUserDetailsService - User found
2021-06-17_14-30-09 [http-nio-8000-exec-5] INFO  c.c.a.service.JwtUserDetailsService - user successfully located
2021-06-17_14-30-09 [http-nio-8000-exec-5] INFO  c.c.a.service.JwtUserDetailsService - User found
2021-06-17_14-30-09 [http-nio-8000-exec-5] INFO  c.c.a.service.JwtUserDetailsService - user successfully located
2021-06-17_14-30-09 [http-nio-8000-exec-4] INFO  c.c.a.service.JwtUserDetailsService - User found
2021-06-17_14-30-09 [http-nio-8000-exec-4] INFO  c.c.a.service.JwtUserDetailsService - user successfully located
2021-06-17_14-30-09 [http-nio-8000-exec-8] INFO  c.c.a.service.JwtUserDetailsService - User found
2021-06-17_14-30-09 [http-nio-8000-exec-8] INFO  c.c.a.service.JwtUserDetailsService - user successfully located
2021-06-17_14-30-09 [http-nio-8000-exec-9] INFO  c.c.a.service.JwtUserDetailsService - User found
2021-06-17_14-30-09 [http-nio-8000-exec-9] INFO  c.c.a.service.JwtUserDetailsService - user successfully located
2021-06-17_14-30-09 [http-nio-8000-exec-10] INFO  c.c.a.service.JwtUserDetailsService - User found
2021-06-17_14-30-09 [http-nio-8000-exec-10] INFO  c.c.a.service.JwtUserDetailsService - user successfully located
2021-06-17_14-30-09 [http-nio-8000-exec-1] INFO  c.c.a.service.JwtUserDetailsService - User found
2021-06-17_14-30-09 [http-nio-8000-exec-1] INFO  c.c.a.service.JwtUserDetailsService - user successfully located
2021-06-17_14-30-09 [http-nio-8000-exec-2] INFO  c.c.a.service.JwtUserDetailsService - User found
2021-06-17_14-30-09 [http-nio-8000-exec-2] INFO  c.c.a.service.JwtUserDetailsService - user successfully located
2021-06-17_14-30-09 [http-nio-8000-exec-6] INFO  c.c.a.service.JwtUserDetailsService - User found
2021-06-17_14-30-09 [http-nio-8000-exec-6] INFO  c.c.a.service.JwtUserDetailsService - user successfully located
2021-06-17_14-30-09 [http-nio-8000-exec-5] INFO  c.c.a.service.JwtUserDetailsService - User found
2021-06-17_14-30-09 [http-nio-8000-exec-5] INFO  c.c.a.service.JwtUserDetailsService - user successfully located
2021-06-17_14-30-09 [http-nio-8000-exec-7] INFO  c.c.a.service.JwtUserDetailsService - User found
2021-06-17_14-30-09 [http-nio-8000-exec-7] INFO  c.c.a.service.JwtUserDetailsService - user successfully located
2021-06-17_14-30-09 [http-nio-8000-exec-7] INFO  c.c.a.service.JwtUserDetailsService - User found
2021-06-17_14-30-09 [http-nio-8000-exec-7] INFO  c.c.a.service.JwtUserDetailsService - user successfully located
2021-06-17_14-30-09 [http-nio-8000-exec-10] INFO  c.c.a.service.JwtUserDetailsService - User found
2021-06-17_14-30-09 [http-nio-8000-exec-10] INFO  c.c.a.service.JwtUserDetailsService - user successfully located
2021-06-17_14-30-09 [RMI TCP Connection(307)-127.0.0.1] INFO  o.s.b.a.SpringApplicationAdminMXBeanRegistrar$SpringApplicationAdmin - Application shutdown requested.
2021-06-17_14-30-09 [RMI TCP Connection(307)-127.0.0.1] INFO  o.s.s.c.ThreadPoolTaskExecutor - Shutting down ExecutorService 'applicationTaskExecutor'
2021-06-17_14-30-09 [RMI TCP Connection(307)-127.0.0.1] INFO  o.s.o.j.LocalContainerEntityManagerFactoryBean - Closing JPA EntityManagerFactory for persistence unit 'default'
2021-06-17_14-30-09 [RMI TCP Connection(307)-127.0.0.1] INFO  o.h.t.s.i.SchemaDropperImpl$DelayedDropActionImpl - HHH000477: Starting delayed evictData of schema as part of SessionFactory shut-down'
2021-06-17_14-30-09 [RMI TCP Connection(307)-127.0.0.1] INFO  com.zaxxer.hikari.HikariDataSource - HikariPool-1 - Shutdown initiated...
2021-06-17_14-30-09 [RMI TCP Connection(307)-127.0.0.1] INFO  com.zaxxer.hikari.HikariDataSource - HikariPool-1 - Shutdown completed.
