2021-06-22_09-16-30 [http-nio-8000-exec-8] ERROR c.c.a.config.JwtRequestFilter - JWT Token has expired
2021-06-22_09-16-30 [http-nio-8000-exec-3] ERROR c.c.a.config.JwtRequestFilter - JWT Token has expired
2021-06-22_09-16-30 [http-nio-8000-exec-10] ERROR c.c.a.config.JwtRequestFilter - JWT Token has expired
2021-06-22_09-16-30 [http-nio-8000-exec-2] ERROR c.c.a.config.JwtRequestFilter - JWT Token has expired
2021-06-22_09-16-30 [http-nio-8000-exec-8] ERROR c.c.a.config.JwtRequestFilter - JWT Token has expired
2021-06-22_09-16-30 [http-nio-8000-exec-5] ERROR c.c.a.config.JwtRequestFilter - JWT Token has expired
2021-06-22_09-16-30 [http-nio-8000-exec-7] ERROR c.c.a.config.JwtRequestFilter - JWT Token has expired
2021-06-22_09-16-30 [http-nio-8000-exec-3] ERROR c.c.a.config.JwtRequestFilter - JWT Token has expired
2021-06-22_09-16-30 [http-nio-8000-exec-2] ERROR c.c.a.config.JwtRequestFilter - JWT Token has expired
2021-06-22_09-16-30 [http-nio-8000-exec-9] ERROR c.c.a.config.JwtRequestFilter - JWT Token has expired
2021-06-22_09-16-30 [http-nio-8000-exec-2] ERROR c.c.a.e.GlobalExceptionHandler - INVALID_CREDENTIALS
2021-06-22_09-16-30 [http-nio-8000-exec-4] ERROR c.c.a.e.GlobalExceptionHandler - INVALID_CREDENTIALS
2021-06-22_15-04-03 [main] ERROR c.c.a.e.GlobalExceptionHandler - message
2021-06-22_15-04-03 [main] ERROR c.c.a.e.GlobalExceptionHandler - message
2021-06-22_15-04-54 [main] ERROR c.c.a.e.GlobalExceptionHandler - Required request body is missing: public org.springframework.http.ResponseEntity<?> com.cts.authorization.controller.JwtAuthenticationController.createAuthenticationToken(com.cts.authorization.model.JwtRequest) throws com.cts.authorization.exception.AuthorizationException
2021-06-22_15-04-54 [main] ERROR c.c.a.e.GlobalExceptionHandler - Required request body is missing: public org.springframework.http.ResponseEntity<?> com.cts.authorization.controller.JwtAuthenticationController.createAuthenticationToken(com.cts.authorization.model.JwtRequest) throws com.cts.authorization.exception.AuthorizationException
2021-06-22_15-04-54 [main] ERROR c.c.a.e.GlobalExceptionHandler - Cannot invoke "org.springframework.security.core.Authentication.getCredentials()" because "auth" is null
2021-06-22_15-04-54 [main] ERROR c.c.a.e.GlobalExceptionHandler - Cannot invoke "org.springframework.security.core.Authentication.getCredentials()" because "auth" is null
2021-06-22_15-06-03 [SpringContextShutdownHook] ERROR o.h.e.jdbc.spi.SqlExceptionHelper - Database is already closed (to disable automatic closing at VM shutdown, add ";DB_CLOSE_ON_EXIT=FALSE" to the db URL) [90121-200]
2021-06-22_15-06-03 [SpringContextShutdownHook] ERROR o.h.e.jdbc.spi.SqlExceptionHelper - Database is already closed (to disable automatic closing at VM shutdown, add ";DB_CLOSE_ON_EXIT=FALSE" to the db URL) [90121-200]
2021-06-22_15-20-18 [main] ERROR c.c.a.e.GlobalExceptionHandler - message
2021-06-22_15-20-18 [main] ERROR c.c.a.e.GlobalExceptionHandler - message
2021-06-22_15-20-41 [main] ERROR o.s.b.d.LoggingFailureAnalysisReporter - 

***************************
APPLICATION FAILED TO START
***************************

Description:

Web server failed to start. Port 8000 was already in use.

Action:

Identify and stop the process that's listening on port 8000 or configure this application to listen on another port.

2021-06-22_15-20-45 [main] ERROR c.c.a.e.GlobalExceptionHandler - Required request body is missing: public org.springframework.http.ResponseEntity<?> com.cts.authorization.controller.JwtAuthenticationController.createAuthenticationToken(com.cts.authorization.model.JwtRequest) throws com.cts.authorization.exception.AuthorizationException
2021-06-22_15-20-45 [main] ERROR c.c.a.e.GlobalExceptionHandler - Required request body is missing: public org.springframework.http.ResponseEntity<?> com.cts.authorization.controller.JwtAuthenticationController.createAuthenticationToken(com.cts.authorization.model.JwtRequest) throws com.cts.authorization.exception.AuthorizationException
2021-06-22_15-20-45 [main] ERROR c.c.a.e.GlobalExceptionHandler - Cannot invoke "org.springframework.security.core.Authentication.getCredentials()" because "auth" is null
2021-06-22_15-20-45 [main] ERROR c.c.a.e.GlobalExceptionHandler - Cannot invoke "org.springframework.security.core.Authentication.getCredentials()" because "auth" is null
