2021-06-10_09-05-03 [http-nio-8400-exec-5] ERROR c.c.a.config.JwtRequestFilter - JWT Token has expired
2021-06-10_14-35-00 [main] ERROR c.c.a.e.GlobalExceptionHandler - message
2021-06-10_14-35-00 [main] ERROR c.c.a.e.GlobalExceptionHandler - message
2021-06-10_14-35-37 [main] ERROR o.s.b.d.LoggingFailureAnalysisReporter - 

***************************
APPLICATION FAILED TO START
***************************

Description:

Web server failed to start. Port 8400 was already in use.

Action:

Identify and stop the process that's listening on port 8400 or configure this application to listen on another port.

2021-06-10_14-35-45 [main] ERROR c.c.a.e.GlobalExceptionHandler - Required request body is missing: public org.springframework.http.ResponseEntity<?> com.cts.authorization.controller.JwtAuthenticationController.createAuthenticationToken(com.cts.authorization.model.JwtRequest) throws com.cts.authorization.exception.AuthorizationException
2021-06-10_14-35-45 [main] ERROR c.c.a.e.GlobalExceptionHandler - Required request body is missing: public org.springframework.http.ResponseEntity<?> com.cts.authorization.controller.JwtAuthenticationController.createAuthenticationToken(com.cts.authorization.model.JwtRequest) throws com.cts.authorization.exception.AuthorizationException
2021-06-10_14-35-45 [main] ERROR c.c.a.e.GlobalExceptionHandler - Cannot invoke "org.springframework.security.core.Authentication.getCredentials()" because "auth" is null
2021-06-10_14-35-45 [main] ERROR c.c.a.e.GlobalExceptionHandler - Cannot invoke "org.springframework.security.core.Authentication.getCredentials()" because "auth" is null
2021-06-10_14-38-34 [main] ERROR c.c.a.e.GlobalExceptionHandler - Required request body is missing: public org.springframework.http.ResponseEntity<?> com.cts.authorization.controller.JwtAuthenticationController.createAuthenticationToken(com.cts.authorization.model.JwtRequest) throws com.cts.authorization.exception.AuthorizationException
2021-06-10_14-38-34 [main] ERROR c.c.a.e.GlobalExceptionHandler - Required request body is missing: public org.springframework.http.ResponseEntity<?> com.cts.authorization.controller.JwtAuthenticationController.createAuthenticationToken(com.cts.authorization.model.JwtRequest) throws com.cts.authorization.exception.AuthorizationException
2021-06-10_14-38-34 [main] ERROR c.c.a.e.GlobalExceptionHandler - Cannot invoke "org.springframework.security.core.Authentication.getCredentials()" because "auth" is null
2021-06-10_14-38-34 [main] ERROR c.c.a.e.GlobalExceptionHandler - Cannot invoke "org.springframework.security.core.Authentication.getCredentials()" because "auth" is null
2021-06-10_14-41-54 [main] ERROR c.c.a.e.GlobalExceptionHandler - Required request body is missing: public org.springframework.http.ResponseEntity<?> com.cts.authorization.controller.JwtAuthenticationController.createAuthenticationToken(com.cts.authorization.model.JwtRequest) throws com.cts.authorization.exception.AuthorizationException
2021-06-10_14-41-54 [main] ERROR c.c.a.e.GlobalExceptionHandler - Required request body is missing: public org.springframework.http.ResponseEntity<?> com.cts.authorization.controller.JwtAuthenticationController.createAuthenticationToken(com.cts.authorization.model.JwtRequest) throws com.cts.authorization.exception.AuthorizationException
2021-06-10_14-41-54 [main] ERROR c.c.a.e.GlobalExceptionHandler - Cannot invoke "org.springframework.security.core.Authentication.getCredentials()" because "auth" is null
2021-06-10_14-41-54 [main] ERROR c.c.a.e.GlobalExceptionHandler - Cannot invoke "org.springframework.security.core.Authentication.getCredentials()" because "auth" is null
2021-06-10_14-43-12 [main] ERROR c.c.a.e.GlobalExceptionHandler - Required request body is missing: public org.springframework.http.ResponseEntity<?> com.cts.authorization.controller.JwtAuthenticationController.createAuthenticationToken(com.cts.authorization.model.JwtRequest) throws com.cts.authorization.exception.AuthorizationException
2021-06-10_14-43-12 [main] ERROR c.c.a.e.GlobalExceptionHandler - Required request body is missing: public org.springframework.http.ResponseEntity<?> com.cts.authorization.controller.JwtAuthenticationController.createAuthenticationToken(com.cts.authorization.model.JwtRequest) throws com.cts.authorization.exception.AuthorizationException
2021-06-10_14-43-12 [main] ERROR c.c.a.e.GlobalExceptionHandler - Cannot invoke "org.springframework.security.core.Authentication.getCredentials()" because "auth" is null
2021-06-10_14-43-12 [main] ERROR c.c.a.e.GlobalExceptionHandler - Cannot invoke "org.springframework.security.core.Authentication.getCredentials()" because "auth" is null
2021-06-10_14-44-27 [main] ERROR c.c.a.e.GlobalExceptionHandler - message
2021-06-10_14-44-27 [main] ERROR c.c.a.e.GlobalExceptionHandler - message
2021-06-10_14-44-49 [main] ERROR o.s.b.d.LoggingFailureAnalysisReporter - 

***************************
APPLICATION FAILED TO START
***************************

Description:

Web server failed to start. Port 8400 was already in use.

Action:

Identify and stop the process that's listening on port 8400 or configure this application to listen on another port.

2021-06-10_14-44-54 [main] ERROR c.c.a.e.GlobalExceptionHandler - Required request body is missing: public org.springframework.http.ResponseEntity<?> com.cts.authorization.controller.JwtAuthenticationController.createAuthenticationToken(com.cts.authorization.model.JwtRequest) throws com.cts.authorization.exception.AuthorizationException
2021-06-10_14-44-54 [main] ERROR c.c.a.e.GlobalExceptionHandler - Required request body is missing: public org.springframework.http.ResponseEntity<?> com.cts.authorization.controller.JwtAuthenticationController.createAuthenticationToken(com.cts.authorization.model.JwtRequest) throws com.cts.authorization.exception.AuthorizationException
2021-06-10_14-44-54 [main] ERROR c.c.a.e.GlobalExceptionHandler - Cannot invoke "org.springframework.security.core.Authentication.getCredentials()" because "auth" is null
2021-06-10_14-44-54 [main] ERROR c.c.a.e.GlobalExceptionHandler - Cannot invoke "org.springframework.security.core.Authentication.getCredentials()" because "auth" is null
2021-06-10_14-52-49 [main] ERROR c.c.a.e.GlobalExceptionHandler - message
2021-06-10_14-52-49 [main] ERROR c.c.a.e.GlobalExceptionHandler - message
2021-06-10_14-53-10 [main] ERROR o.s.b.d.LoggingFailureAnalysisReporter - 

***************************
APPLICATION FAILED TO START
***************************

Description:

Web server failed to start. Port 8400 was already in use.

Action:

Identify and stop the process that's listening on port 8400 or configure this application to listen on another port.

2021-06-10_14-53-15 [main] ERROR c.c.a.e.GlobalExceptionHandler - Required request body is missing: public org.springframework.http.ResponseEntity<?> com.cts.authorization.controller.JwtAuthenticationController.createAuthenticationToken(com.cts.authorization.model.JwtRequest) throws com.cts.authorization.exception.AuthorizationException
2021-06-10_14-53-15 [main] ERROR c.c.a.e.GlobalExceptionHandler - Required request body is missing: public org.springframework.http.ResponseEntity<?> com.cts.authorization.controller.JwtAuthenticationController.createAuthenticationToken(com.cts.authorization.model.JwtRequest) throws com.cts.authorization.exception.AuthorizationException
2021-06-10_14-53-15 [main] ERROR c.c.a.e.GlobalExceptionHandler - Cannot invoke "org.springframework.security.core.Authentication.getCredentials()" because "auth" is null
2021-06-10_14-53-15 [main] ERROR c.c.a.e.GlobalExceptionHandler - Cannot invoke "org.springframework.security.core.Authentication.getCredentials()" because "auth" is null
2021-06-10_14-55-02 [main] ERROR c.c.a.e.GlobalExceptionHandler - message
2021-06-10_14-55-02 [main] ERROR c.c.a.e.GlobalExceptionHandler - message
2021-06-10_14-55-23 [main] ERROR c.c.a.e.GlobalExceptionHandler - Required request body is missing: public org.springframework.http.ResponseEntity<?> com.cts.authorization.controller.JwtAuthenticationController.createAuthenticationToken(com.cts.authorization.model.JwtRequest) throws com.cts.authorization.exception.AuthorizationException
2021-06-10_14-55-23 [main] ERROR c.c.a.e.GlobalExceptionHandler - Required request body is missing: public org.springframework.http.ResponseEntity<?> com.cts.authorization.controller.JwtAuthenticationController.createAuthenticationToken(com.cts.authorization.model.JwtRequest) throws com.cts.authorization.exception.AuthorizationException
2021-06-10_14-55-23 [main] ERROR c.c.a.e.GlobalExceptionHandler - Cannot invoke "org.springframework.security.core.Authentication.getCredentials()" because "auth" is null
2021-06-10_14-55-23 [main] ERROR c.c.a.e.GlobalExceptionHandler - Cannot invoke "org.springframework.security.core.Authentication.getCredentials()" because "auth" is null
